{"/Users/user/Documents/Projects/Code/pomofit/app/api/ai-tags/route.ts": {"path":"/Users/user/Documents/Projects/Code/pomofit/app/api/ai-tags/route.ts","statementMap":{"0":{"start":{"line":6,"column":2},"end":{"line":42,"column":3}},"1":{"start":{"line":7,"column":43},"end":{"line":7,"column":63}},"2":{"start":{"line":10,"column":4},"end":{"line":16,"column":5}},"3":{"start":{"line":11,"column":6},"end":{"line":15,"column":9}},"4":{"start":{"line":18,"column":19},"end":{"line":18,"column":253}},"5":{"start":{"line":19,"column":21},"end":{"line":25,"column":6}},"6":{"start":{"line":27,"column":25},"end":{"line":27,"column":27}},"7":{"start":{"line":28,"column":4},"end":{"line":33,"column":5}},"8":{"start":{"line":29,"column":6},"end":{"line":29,"column":37}},"9":{"start":{"line":30,"column":6},"end":{"line":30,"column":52}},"10":{"start":{"line":30,"column":32},"end":{"line":30,"column":52}},"11":{"start":{"line":32,"column":6},"end":{"line":32,"column":26}},"12":{"start":{"line":34,"column":4},"end":{"line":34,"column":54}},"13":{"start":{"line":36,"column":4},"end":{"line":36,"column":50}},"14":{"start":{"line":37,"column":4},"end":{"line":41,"column":7}}},"fnMap":{"0":{"name":"POST","decl":{"start":{"line":5,"column":22},"end":{"line":5,"column":26}},"loc":{"start":{"line":5,"column":49},"end":{"line":43,"column":1}},"line":5}},"branchMap":{"0":{"loc":{"start":{"line":10,"column":4},"end":{"line":16,"column":5}},"type":"if","locations":[{"start":{"line":10,"column":4},"end":{"line":16,"column":5}},{"start":{},"end":{}}],"line":10},"1":{"loc":{"start":{"line":30,"column":6},"end":{"line":30,"column":52}},"type":"if","locations":[{"start":{"line":30,"column":6},"end":{"line":30,"column":52}},{"start":{},"end":{}}],"line":30}},"s":{"0":3,"1":3,"2":3,"3":1,"4":2,"5":2,"6":2,"7":2,"8":2,"9":1,"10":0,"11":1,"12":2,"13":0,"14":0},"f":{"0":3},"b":{"0":[1,2],"1":[0,1]},"_coverageSchema":"1a1c01bbd47fc00a2c39e90264f33305004495a9","hash":"f45c3a592f6dda6842eab131cee99d661898302a"}
,"/Users/user/Documents/Projects/Code/pomofit/components/fiton-recommendation.tsx": {"path":"/Users/user/Documents/Projects/Code/pomofit/components/fiton-recommendation.tsx","statementMap":{"0":{"start":{"line":39,"column":29},"end":{"line":39,"column":43}},"1":{"start":{"line":40,"column":22},"end":{"line":40,"column":51}},"2":{"start":{"line":41,"column":19},"end":{"line":41,"column":36}},"3":{"start":{"line":43,"column":18},"end":{"line":52,"column":26}},"4":{"start":{"line":44,"column":16},"end":{"line":44,"column":54}},"5":{"start":{"line":45,"column":4},"end":{"line":50,"column":7}},"6":{"start":{"line":46,"column":6},"end":{"line":48,"column":7}},"7":{"start":{"line":47,"column":8},"end":{"line":47,"column":34}},"8":{"start":{"line":49,"column":6},"end":{"line":49,"column":43}},"9":{"start":{"line":51,"column":4},"end":{"line":51,"column":15}},"10":{"start":{"line":55,"column":36},"end":{"line":55,"column":59}},"11":{"start":{"line":56,"column":38},"end":{"line":56,"column":67}},"12":{"start":{"line":58,"column":2},"end":{"line":69,"column":9}},"13":{"start":{"line":59,"column":4},"end":{"line":59,"column":46}},"14":{"start":{"line":59,"column":39},"end":{"line":59,"column":46}},"15":{"start":{"line":60,"column":4},"end":{"line":67,"column":5}},"16":{"start":{"line":61,"column":18},"end":{"line":61,"column":65}},"17":{"start":{"line":62,"column":6},"end":{"line":64,"column":7}},"18":{"start":{"line":63,"column":8},"end":{"line":63,"column":38}},"19":{"start":{"line":68,"column":4},"end":{"line":68,"column":41}},"20":{"start":{"line":71,"column":27},"end":{"line":89,"column":3}},"21":{"start":{"line":73,"column":6},"end":{"line":86,"column":9}},"22":{"start":{"line":74,"column":21},"end":{"line":74,"column":34}},"23":{"start":{"line":75,"column":8},"end":{"line":84,"column":9}},"24":{"start":{"line":76,"column":10},"end":{"line":83,"column":11}},"25":{"start":{"line":77,"column":12},"end":{"line":80,"column":14}},"26":{"start":{"line":85,"column":8},"end":{"line":85,"column":20}},"27":{"start":{"line":91,"column":26},"end":{"line":108,"column":3}},"28":{"start":{"line":93,"column":6},"end":{"line":93,"column":40}},"29":{"start":{"line":93,"column":31},"end":{"line":93,"column":40}},"30":{"start":{"line":94,"column":50},"end":{"line":104,"column":7}},"31":{"start":{"line":105,"column":6},"end":{"line":105,"column":35}},"32":{"start":{"line":110,"column":25},"end":{"line":120,"column":55}},"33":{"start":{"line":111,"column":18},"end":{"line":111,"column":67}},"34":{"start":{"line":111,"column":46},"end":{"line":111,"column":66}},"35":{"start":{"line":112,"column":4},"end":{"line":114,"column":5}},"36":{"start":{"line":113,"column":6},"end":{"line":113,"column":19}},"37":{"start":{"line":115,"column":4},"end":{"line":119,"column":7}},"38":{"start":{"line":116,"column":17},"end":{"line":116,"column":76}},"39":{"start":{"line":117,"column":17},"end":{"line":117,"column":76}},"40":{"start":{"line":118,"column":6},"end":{"line":118,"column":21}},"41":{"start":{"line":122,"column":42},"end":{"line":122,"column":76}},"42":{"start":{"line":123,"column":52},"end":{"line":125,"column":3}},"43":{"start":{"line":126,"column":40},"end":{"line":126,"column":55}},"44":{"start":{"line":127,"column":44},"end":{"line":127,"column":66}},"45":{"start":{"line":128,"column":20},"end":{"line":128,"column":47}},"46":{"start":{"line":129,"column":40},"end":{"line":129,"column":55}},"47":{"start":{"line":132,"column":19},"end":{"line":144,"column":3}},"48":{"start":{"line":134,"column":6},"end":{"line":134,"column":48}},"49":{"start":{"line":134,"column":41},"end":{"line":134,"column":48}},"50":{"start":{"line":135,"column":6},"end":{"line":141,"column":16}},"51":{"start":{"line":136,"column":20},"end":{"line":136,"column":37}},"52":{"start":{"line":137,"column":24},"end":{"line":137,"column":76}},"53":{"start":{"line":138,"column":22},"end":{"line":138,"column":66}},"54":{"start":{"line":139,"column":21},"end":{"line":139,"column":54}},"55":{"start":{"line":140,"column":8},"end":{"line":140,"column":63}},"56":{"start":{"line":146,"column":2},"end":{"line":159,"column":23}},"57":{"start":{"line":147,"column":4},"end":{"line":151,"column":5}},"58":{"start":{"line":148,"column":6},"end":{"line":148,"column":28}},"59":{"start":{"line":149,"column":6},"end":{"line":149,"column":33}},"60":{"start":{"line":150,"column":6},"end":{"line":150,"column":13}},"61":{"start":{"line":153,"column":4},"end":{"line":158,"column":7}},"62":{"start":{"line":154,"column":6},"end":{"line":156,"column":7}},"63":{"start":{"line":154,"column":48},"end":{"line":154,"column":64}},"64":{"start":{"line":155,"column":8},"end":{"line":155,"column":20}},"65":{"start":{"line":157,"column":6},"end":{"line":157,"column":43}},"66":{"start":{"line":161,"column":21},"end":{"line":180,"column":3}},"67":{"start":{"line":163,"column":6},"end":{"line":165,"column":7}},"68":{"start":{"line":164,"column":8},"end":{"line":164,"column":30}},"69":{"start":{"line":167,"column":25},"end":{"line":167,"column":48}},"70":{"start":{"line":168,"column":6},"end":{"line":170,"column":7}},"71":{"start":{"line":169,"column":8},"end":{"line":169,"column":30}},"72":{"start":{"line":172,"column":18},"end":{"line":172,"column":78}},"73":{"start":{"line":172,"column":40},"end":{"line":172,"column":44}},"74":{"start":{"line":172,"column":61},"end":{"line":172,"column":77}},"75":{"start":{"line":173,"column":6},"end":{"line":176,"column":7}},"76":{"start":{"line":173,"column":19},"end":{"line":173,"column":33}},"77":{"start":{"line":174,"column":18},"end":{"line":174,"column":53}},"78":{"start":{"line":175,"column":8},"end":{"line":175,"column":44}},"79":{"start":{"line":177,"column":6},"end":{"line":177,"column":17}},"80":{"start":{"line":182,"column":28},"end":{"line":205,"column":3}},"81":{"start":{"line":184,"column":6},"end":{"line":188,"column":7}},"82":{"start":{"line":185,"column":8},"end":{"line":185,"column":35}},"83":{"start":{"line":186,"column":8},"end":{"line":186,"column":29}},"84":{"start":{"line":187,"column":8},"end":{"line":187,"column":15}},"85":{"start":{"line":191,"column":6},"end":{"line":202,"column":9}},"86":{"start":{"line":192,"column":24},"end":{"line":192,"column":34}},"87":{"start":{"line":193,"column":8},"end":{"line":195,"column":9}},"88":{"start":{"line":194,"column":10},"end":{"line":194,"column":50}},"89":{"start":{"line":196,"column":23},"end":{"line":196,"column":40}},"90":{"start":{"line":197,"column":8},"end":{"line":197,"column":49}},"91":{"start":{"line":197,"column":20},"end":{"line":197,"column":49}},"92":{"start":{"line":198,"column":8},"end":{"line":200,"column":9}},"93":{"start":{"line":199,"column":10},"end":{"line":199,"column":78}},"94":{"start":{"line":201,"column":8},"end":{"line":201,"column":25}},"95":{"start":{"line":207,"column":2},"end":{"line":221,"column":33}},"96":{"start":{"line":209,"column":4},"end":{"line":213,"column":5}},"97":{"start":{"line":210,"column":6},"end":{"line":210,"column":33}},"98":{"start":{"line":211,"column":6},"end":{"line":211,"column":27}},"99":{"start":{"line":212,"column":6},"end":{"line":212,"column":13}},"100":{"start":{"line":214,"column":23},"end":{"line":214,"column":54}},"101":{"start":{"line":216,"column":22},"end":{"line":216,"column":47}},"102":{"start":{"line":217,"column":4},"end":{"line":217,"column":36}},"103":{"start":{"line":219,"column":25},"end":{"line":219,"column":60}},"104":{"start":{"line":220,"column":4},"end":{"line":220,"column":35}},"105":{"start":{"line":223,"column":26},"end":{"line":229,"column":45}},"106":{"start":{"line":224,"column":4},"end":{"line":224,"column":40}},"107":{"start":{"line":224,"column":28},"end":{"line":224,"column":40}},"108":{"start":{"line":225,"column":4},"end":{"line":228,"column":6}},"109":{"start":{"line":226,"column":43},"end":{"line":226,"column":75}},"110":{"start":{"line":231,"column":22},"end":{"line":231,"column":77}},"111":{"start":{"line":231,"column":52},"end":{"line":231,"column":76}},"112":{"start":{"line":233,"column":4},"end":{"line":233,"column":60}},"113":{"start":{"line":236,"column":2},"end":{"line":238,"column":3}},"114":{"start":{"line":237,"column":4},"end":{"line":237,"column":16}},"115":{"start":{"line":241,"column":26},"end":{"line":262,"column":3}},"116":{"start":{"line":242,"column":4},"end":{"line":261,"column":10}},"117":{"start":{"line":249,"column":27},"end":{"line":249,"column":73}},"118":{"start":{"line":255,"column":27},"end":{"line":255,"column":75}},"119":{"start":{"line":264,"column":2},"end":{"line":390,"column":4}},"120":{"start":{"line":279,"column":29},"end":{"line":279,"column":53}},"121":{"start":{"line":280,"column":10},"end":{"line":308,"column":12}},"122":{"start":{"line":290,"column":16},"end":{"line":290,"column":41}},"123":{"start":{"line":291,"column":16},"end":{"line":297,"column":20}},"124":{"start":{"line":291,"column":41},"end":{"line":297,"column":17}},"125":{"start":{"line":298,"column":16},"end":{"line":298,"column":59}},"126":{"start":{"line":327,"column":18},"end":{"line":327,"column":42}},"127":{"start":{"line":327,"column":35},"end":{"line":327,"column":42}},"128":{"start":{"line":328,"column":18},"end":{"line":328,"column":39}},"129":{"start":{"line":329,"column":18},"end":{"line":329,"column":69}},"130":{"start":{"line":330,"column":18},"end":{"line":330,"column":63}},"131":{"start":{"line":330,"column":35},"end":{"line":330,"column":56}},"132":{"start":{"line":331,"column":18},"end":{"line":331,"column":62}},"133":{"start":{"line":356,"column":18},"end":{"line":364,"column":19}},"134":{"start":{"line":357,"column":20},"end":{"line":363,"column":24}},"135":{"start":{"line":357,"column":45},"end":{"line":363,"column":21}},"136":{"start":{"line":365,"column":18},"end":{"line":368,"column":21}},"137":{"start":{"line":403,"column":4},"end":{"line":403,"column":96}},"138":{"start":{"line":404,"column":2},"end":{"line":436,"column":4}},"139":{"start":{"line":411,"column":16},"end":{"line":411,"column":54}},"140":{"start":{"line":411,"column":31},"end":{"line":411,"column":54}},"141":{"start":{"line":420,"column":16},"end":{"line":421,"column":39}},"142":{"start":{"line":421,"column":18},"end":{"line":421,"column":39}}},"fnMap":{"0":{"name":"FitOnRecommendation","decl":{"start":{"line":35,"column":24},"end":{"line":35,"column":43}},"loc":{"start":{"line":38,"column":29},"end":{"line":391,"column":1}},"line":38},"1":{"name":"(anonymous_1)","decl":{"start":{"line":43,"column":26},"end":{"line":43,"column":27}},"loc":{"start":{"line":43,"column":32},"end":{"line":52,"column":3}},"line":43},"2":{"name":"(anonymous_2)","decl":{"start":{"line":45,"column":31},"end":{"line":45,"column":32}},"loc":{"start":{"line":45,"column":44},"end":{"line":50,"column":5}},"line":45},"3":{"name":"(anonymous_3)","decl":{"start":{"line":58,"column":12},"end":{"line":58,"column":13}},"loc":{"start":{"line":58,"column":18},"end":{"line":69,"column":3}},"line":58},"4":{"name":"(anonymous_4)","decl":{"start":{"line":72,"column":4},"end":{"line":72,"column":5}},"loc":{"start":{"line":72,"column":49},"end":{"line":87,"column":5}},"line":72},"5":{"name":"(anonymous_5)","decl":{"start":{"line":73,"column":19},"end":{"line":73,"column":20}},"loc":{"start":{"line":73,"column":29},"end":{"line":86,"column":7}},"line":73},"6":{"name":"(anonymous_6)","decl":{"start":{"line":92,"column":4},"end":{"line":92,"column":5}},"loc":{"start":{"line":92,"column":29},"end":{"line":106,"column":5}},"line":92},"7":{"name":"(anonymous_7)","decl":{"start":{"line":110,"column":33},"end":{"line":110,"column":34}},"loc":{"start":{"line":110,"column":39},"end":{"line":120,"column":3}},"line":110},"8":{"name":"(anonymous_8)","decl":{"start":{"line":111,"column":36},"end":{"line":111,"column":37}},"loc":{"start":{"line":111,"column":46},"end":{"line":111,"column":66}},"line":111},"9":{"name":"(anonymous_9)","decl":{"start":{"line":115,"column":27},"end":{"line":115,"column":28}},"loc":{"start":{"line":115,"column":37},"end":{"line":119,"column":5}},"line":115},"10":{"name":"(anonymous_10)","decl":{"start":{"line":133,"column":4},"end":{"line":133,"column":5}},"loc":{"start":{"line":133,"column":57},"end":{"line":142,"column":5}},"line":133},"11":{"name":"(anonymous_11)","decl":{"start":{"line":146,"column":12},"end":{"line":146,"column":13}},"loc":{"start":{"line":146,"column":18},"end":{"line":159,"column":3}},"line":146},"12":{"name":"(anonymous_12)","decl":{"start":{"line":153,"column":20},"end":{"line":153,"column":21}},"loc":{"start":{"line":153,"column":30},"end":{"line":158,"column":5}},"line":153},"13":{"name":"(anonymous_13)","decl":{"start":{"line":154,"column":38},"end":{"line":154,"column":39}},"loc":{"start":{"line":154,"column":48},"end":{"line":154,"column":64}},"line":154},"14":{"name":"(anonymous_14)","decl":{"start":{"line":162,"column":4},"end":{"line":162,"column":5}},"loc":{"start":{"line":162,"column":61},"end":{"line":178,"column":5}},"line":162},"15":{"name":"(anonymous_15)","decl":{"start":{"line":172,"column":33},"end":{"line":172,"column":34}},"loc":{"start":{"line":172,"column":40},"end":{"line":172,"column":44}},"line":172},"16":{"name":"(anonymous_16)","decl":{"start":{"line":172,"column":53},"end":{"line":172,"column":54}},"loc":{"start":{"line":172,"column":61},"end":{"line":172,"column":77}},"line":172},"17":{"name":"(anonymous_17)","decl":{"start":{"line":183,"column":4},"end":{"line":183,"column":5}},"loc":{"start":{"line":183,"column":61},"end":{"line":203,"column":5}},"line":183},"18":{"name":"(anonymous_18)","decl":{"start":{"line":191,"column":23},"end":{"line":191,"column":24}},"loc":{"start":{"line":191,"column":34},"end":{"line":202,"column":7}},"line":191},"19":{"name":"(anonymous_19)","decl":{"start":{"line":207,"column":12},"end":{"line":207,"column":13}},"loc":{"start":{"line":207,"column":18},"end":{"line":221,"column":3}},"line":207},"20":{"name":"(anonymous_20)","decl":{"start":{"line":223,"column":34},"end":{"line":223,"column":35}},"loc":{"start":{"line":223,"column":40},"end":{"line":229,"column":3}},"line":223},"21":{"name":"(anonymous_21)","decl":{"start":{"line":226,"column":30},"end":{"line":226,"column":31}},"loc":{"start":{"line":226,"column":43},"end":{"line":226,"column":75}},"line":226},"22":{"name":"(anonymous_22)","decl":{"start":{"line":231,"column":42},"end":{"line":231,"column":43}},"loc":{"start":{"line":231,"column":52},"end":{"line":231,"column":76}},"line":231},"23":{"name":"(anonymous_23)","decl":{"start":{"line":241,"column":26},"end":{"line":241,"column":27}},"loc":{"start":{"line":242,"column":4},"end":{"line":261,"column":10}},"line":242},"24":{"name":"(anonymous_24)","decl":{"start":{"line":249,"column":21},"end":{"line":249,"column":22}},"loc":{"start":{"line":249,"column":27},"end":{"line":249,"column":73}},"line":249},"25":{"name":"(anonymous_25)","decl":{"start":{"line":255,"column":21},"end":{"line":255,"column":22}},"loc":{"start":{"line":255,"column":27},"end":{"line":255,"column":75}},"line":255},"26":{"name":"(anonymous_26)","decl":{"start":{"line":278,"column":28},"end":{"line":278,"column":29}},"loc":{"start":{"line":278,"column":38},"end":{"line":309,"column":9}},"line":278},"27":{"name":"(anonymous_27)","decl":{"start":{"line":289,"column":23},"end":{"line":289,"column":24}},"loc":{"start":{"line":289,"column":29},"end":{"line":299,"column":15}},"line":289},"28":{"name":"(anonymous_28)","decl":{"start":{"line":291,"column":33},"end":{"line":291,"column":34}},"loc":{"start":{"line":291,"column":41},"end":{"line":297,"column":17}},"line":291},"29":{"name":"(anonymous_29)","decl":{"start":{"line":326,"column":25},"end":{"line":326,"column":26}},"loc":{"start":{"line":326,"column":31},"end":{"line":332,"column":17}},"line":326},"30":{"name":"(anonymous_30)","decl":{"start":{"line":330,"column":29},"end":{"line":330,"column":30}},"loc":{"start":{"line":330,"column":35},"end":{"line":330,"column":56}},"line":330},"31":{"name":"(anonymous_31)","decl":{"start":{"line":355,"column":25},"end":{"line":355,"column":26}},"loc":{"start":{"line":355,"column":31},"end":{"line":369,"column":17}},"line":355},"32":{"name":"(anonymous_32)","decl":{"start":{"line":357,"column":37},"end":{"line":357,"column":38}},"loc":{"start":{"line":357,"column":45},"end":{"line":363,"column":21}},"line":357},"33":{"name":"OfflineStretch","decl":{"start":{"line":393,"column":9},"end":{"line":393,"column":23}},"loc":{"start":{"line":401,"column":3},"end":{"line":437,"column":1}},"line":401},"34":{"name":"(anonymous_34)","decl":{"start":{"line":410,"column":19},"end":{"line":410,"column":20}},"loc":{"start":{"line":410,"column":27},"end":{"line":412,"column":15}},"line":410},"35":{"name":"(anonymous_35)","decl":{"start":{"line":419,"column":23},"end":{"line":419,"column":24}},"loc":{"start":{"line":419,"column":31},"end":{"line":422,"column":15}},"line":419}},"branchMap":{"0":{"loc":{"start":{"line":39,"column":29},"end":{"line":39,"column":43}},"type":"binary-expr","locations":[{"start":{"line":39,"column":29},"end":{"line":39,"column":37}},{"start":{"line":39,"column":41},"end":{"line":39,"column":43}}],"line":39},"1":{"loc":{"start":{"line":46,"column":6},"end":{"line":48,"column":7}},"type":"if","locations":[{"start":{"line":46,"column":6},"end":{"line":48,"column":7}},{"start":{},"end":{}}],"line":46},"2":{"loc":{"start":{"line":59,"column":4},"end":{"line":59,"column":46}},"type":"if","locations":[{"start":{"line":59,"column":4},"end":{"line":59,"column":46}},{"start":{},"end":{}}],"line":59},"3":{"loc":{"start":{"line":62,"column":6},"end":{"line":64,"column":7}},"type":"if","locations":[{"start":{"line":62,"column":6},"end":{"line":64,"column":7}},{"start":{},"end":{}}],"line":62},"4":{"loc":{"start":{"line":75,"column":8},"end":{"line":84,"column":9}},"type":"if","locations":[{"start":{"line":75,"column":8},"end":{"line":84,"column":9}},{"start":{},"end":{}}],"line":75},"5":{"loc":{"start":{"line":93,"column":6},"end":{"line":93,"column":40}},"type":"if","locations":[{"start":{"line":93,"column":6},"end":{"line":93,"column":40}},{"start":{},"end":{}}],"line":93},"6":{"loc":{"start":{"line":95,"column":16},"end":{"line":95,"column":62}},"type":"cond-expr","locations":[{"start":{"line":95,"column":53},"end":{"line":95,"column":56}},{"start":{"line":95,"column":59},"end":{"line":95,"column":62}}],"line":95},"7":{"loc":{"start":{"line":95,"column":16},"end":{"line":95,"column":50}},"type":"binary-expr","locations":[{"start":{"line":95,"column":16},"end":{"line":95,"column":30}},{"start":{"line":95,"column":34},"end":{"line":95,"column":50}}],"line":95},"8":{"loc":{"start":{"line":96,"column":19},"end":{"line":96,"column":67}},"type":"cond-expr","locations":[{"start":{"line":96,"column":58},"end":{"line":96,"column":61}},{"start":{"line":96,"column":64},"end":{"line":96,"column":67}}],"line":96},"9":{"loc":{"start":{"line":96,"column":19},"end":{"line":96,"column":55}},"type":"binary-expr","locations":[{"start":{"line":96,"column":19},"end":{"line":96,"column":35}},{"start":{"line":96,"column":39},"end":{"line":96,"column":55}}],"line":96},"10":{"loc":{"start":{"line":97,"column":18},"end":{"line":97,"column":66}},"type":"cond-expr","locations":[{"start":{"line":97,"column":57},"end":{"line":97,"column":60}},{"start":{"line":97,"column":63},"end":{"line":97,"column":66}}],"line":97},"11":{"loc":{"start":{"line":97,"column":18},"end":{"line":97,"column":54}},"type":"binary-expr","locations":[{"start":{"line":97,"column":18},"end":{"line":97,"column":34}},{"start":{"line":97,"column":38},"end":{"line":97,"column":54}}],"line":97},"12":{"loc":{"start":{"line":99,"column":10},"end":{"line":102,"column":17}},"type":"cond-expr","locations":[{"start":{"line":101,"column":14},"end":{"line":101,"column":17}},{"start":{"line":102,"column":14},"end":{"line":102,"column":17}}],"line":99},"13":{"loc":{"start":{"line":99,"column":10},"end":{"line":100,"column":48}},"type":"binary-expr","locations":[{"start":{"line":99,"column":11},"end":{"line":99,"column":27}},{"start":{"line":99,"column":31},"end":{"line":99,"column":47}},{"start":{"line":100,"column":11},"end":{"line":100,"column":27}},{"start":{"line":100,"column":31},"end":{"line":100,"column":47}}],"line":99},"14":{"loc":{"start":{"line":103,"column":15},"end":{"line":103,"column":63}},"type":"cond-expr","locations":[{"start":{"line":103,"column":54},"end":{"line":103,"column":57}},{"start":{"line":103,"column":60},"end":{"line":103,"column":63}}],"line":103},"15":{"loc":{"start":{"line":103,"column":15},"end":{"line":103,"column":51}},"type":"binary-expr","locations":[{"start":{"line":103,"column":15},"end":{"line":103,"column":31}},{"start":{"line":103,"column":35},"end":{"line":103,"column":51}}],"line":103},"16":{"loc":{"start":{"line":105,"column":13},"end":{"line":105,"column":34}},"type":"binary-expr","locations":[{"start":{"line":105,"column":13},"end":{"line":105,"column":27}},{"start":{"line":105,"column":31},"end":{"line":105,"column":34}}],"line":105},"17":{"loc":{"start":{"line":112,"column":4},"end":{"line":114,"column":5}},"type":"if","locations":[{"start":{"line":112,"column":4},"end":{"line":114,"column":5}},{"start":{},"end":{}}],"line":112},"18":{"loc":{"start":{"line":112,"column":8},"end":{"line":112,"column":66}},"type":"binary-expr","locations":[{"start":{"line":112,"column":8},"end":{"line":112,"column":27}},{"start":{"line":112,"column":31},"end":{"line":112,"column":66}}],"line":112},"19":{"loc":{"start":{"line":116,"column":18},"end":{"line":116,"column":45}},"type":"binary-expr","locations":[{"start":{"line":116,"column":18},"end":{"line":116,"column":40}},{"start":{"line":116,"column":44},"end":{"line":116,"column":45}}],"line":116},"20":{"loc":{"start":{"line":117,"column":18},"end":{"line":117,"column":45}},"type":"binary-expr","locations":[{"start":{"line":117,"column":18},"end":{"line":117,"column":40}},{"start":{"line":117,"column":44},"end":{"line":117,"column":45}}],"line":117},"21":{"loc":{"start":{"line":134,"column":6},"end":{"line":134,"column":48}},"type":"if","locations":[{"start":{"line":134,"column":6},"end":{"line":134,"column":48}},{"start":{},"end":{}}],"line":134},"22":{"loc":{"start":{"line":137,"column":35},"end":{"line":137,"column":75}},"type":"binary-expr","locations":[{"start":{"line":137,"column":35},"end":{"line":137,"column":67}},{"start":{"line":137,"column":71},"end":{"line":137,"column":75}}],"line":137},"23":{"loc":{"start":{"line":138,"column":50},"end":{"line":138,"column":63}},"type":"binary-expr","locations":[{"start":{"line":138,"column":50},"end":{"line":138,"column":57}},{"start":{"line":138,"column":61},"end":{"line":138,"column":63}}],"line":138},"24":{"loc":{"start":{"line":147,"column":4},"end":{"line":151,"column":5}},"type":"if","locations":[{"start":{"line":147,"column":4},"end":{"line":151,"column":5}},{"start":{},"end":{}}],"line":147},"25":{"loc":{"start":{"line":154,"column":6},"end":{"line":156,"column":7}},"type":"if","locations":[{"start":{"line":154,"column":6},"end":{"line":156,"column":7}},{"start":{},"end":{}}],"line":154},"26":{"loc":{"start":{"line":154,"column":10},"end":{"line":154,"column":65}},"type":"binary-expr","locations":[{"start":{"line":154,"column":10},"end":{"line":154,"column":14}},{"start":{"line":154,"column":18},"end":{"line":154,"column":65}}],"line":154},"27":{"loc":{"start":{"line":157,"column":13},"end":{"line":157,"column":42}},"type":"binary-expr","locations":[{"start":{"line":157,"column":13},"end":{"line":157,"column":34}},{"start":{"line":157,"column":38},"end":{"line":157,"column":42}}],"line":157},"28":{"loc":{"start":{"line":163,"column":6},"end":{"line":165,"column":7}},"type":"if","locations":[{"start":{"line":163,"column":6},"end":{"line":165,"column":7}},{"start":{},"end":{}}],"line":163},"29":{"loc":{"start":{"line":167,"column":25},"end":{"line":167,"column":48}},"type":"binary-expr","locations":[{"start":{"line":167,"column":25},"end":{"line":167,"column":42}},{"start":{"line":167,"column":46},"end":{"line":167,"column":48}}],"line":167},"30":{"loc":{"start":{"line":168,"column":6},"end":{"line":170,"column":7}},"type":"if","locations":[{"start":{"line":168,"column":6},"end":{"line":170,"column":7}},{"start":{},"end":{}}],"line":168},"31":{"loc":{"start":{"line":184,"column":6},"end":{"line":188,"column":7}},"type":"if","locations":[{"start":{"line":184,"column":6},"end":{"line":188,"column":7}},{"start":{},"end":{}}],"line":184},"32":{"loc":{"start":{"line":193,"column":8},"end":{"line":195,"column":9}},"type":"if","locations":[{"start":{"line":193,"column":8},"end":{"line":195,"column":9}},{"start":{},"end":{}}],"line":193},"33":{"loc":{"start":{"line":197,"column":8},"end":{"line":197,"column":49}},"type":"if","locations":[{"start":{"line":197,"column":8},"end":{"line":197,"column":49}},{"start":{},"end":{}}],"line":197},"34":{"loc":{"start":{"line":198,"column":8},"end":{"line":200,"column":9}},"type":"if","locations":[{"start":{"line":198,"column":8},"end":{"line":200,"column":9}},{"start":{},"end":{}}],"line":198},"35":{"loc":{"start":{"line":199,"column":56},"end":{"line":199,"column":75}},"type":"binary-expr","locations":[{"start":{"line":199,"column":56},"end":{"line":199,"column":62}},{"start":{"line":199,"column":66},"end":{"line":199,"column":75}}],"line":199},"36":{"loc":{"start":{"line":209,"column":4},"end":{"line":213,"column":5}},"type":"if","locations":[{"start":{"line":209,"column":4},"end":{"line":213,"column":5}},{"start":{},"end":{}}],"line":209},"37":{"loc":{"start":{"line":214,"column":23},"end":{"line":214,"column":54}},"type":"binary-expr","locations":[{"start":{"line":214,"column":23},"end":{"line":214,"column":48}},{"start":{"line":214,"column":52},"end":{"line":214,"column":54}}],"line":214},"38":{"loc":{"start":{"line":216,"column":22},"end":{"line":216,"column":47}},"type":"binary-expr","locations":[{"start":{"line":216,"column":22},"end":{"line":216,"column":39}},{"start":{"line":216,"column":43},"end":{"line":216,"column":47}}],"line":216},"39":{"loc":{"start":{"line":224,"column":4},"end":{"line":224,"column":40}},"type":"if","locations":[{"start":{"line":224,"column":4},"end":{"line":224,"column":40}},{"start":{},"end":{}}],"line":224},"40":{"loc":{"start":{"line":226,"column":6},"end":{"line":227,"column":10}},"type":"binary-expr","locations":[{"start":{"line":226,"column":6},"end":{"line":226,"column":76}},{"start":{"line":227,"column":6},"end":{"line":227,"column":10}}],"line":226},"41":{"loc":{"start":{"line":233,"column":4},"end":{"line":233,"column":60}},"type":"binary-expr","locations":[{"start":{"line":233,"column":5},"end":{"line":233,"column":17}},{"start":{"line":233,"column":21},"end":{"line":233,"column":54}},{"start":{"line":233,"column":59},"end":{"line":233,"column":60}}],"line":233},"42":{"loc":{"start":{"line":236,"column":2},"end":{"line":238,"column":3}},"type":"if","locations":[{"start":{"line":236,"column":2},"end":{"line":238,"column":3}},{"start":{},"end":{}}],"line":236},"43":{"loc":{"start":{"line":236,"column":6},"end":{"line":236,"column":49}},"type":"binary-expr","locations":[{"start":{"line":236,"column":6},"end":{"line":236,"column":18}},{"start":{"line":236,"column":22},"end":{"line":236,"column":49}}],"line":236},"44":{"loc":{"start":{"line":249,"column":43},"end":{"line":249,"column":72}},"type":"binary-expr","locations":[{"start":{"line":249,"column":43},"end":{"line":249,"column":64}},{"start":{"line":249,"column":68},"end":{"line":249,"column":72}}],"line":249},"45":{"loc":{"start":{"line":255,"column":45},"end":{"line":255,"column":74}},"type":"binary-expr","locations":[{"start":{"line":255,"column":45},"end":{"line":255,"column":66}},{"start":{"line":255,"column":70},"end":{"line":255,"column":74}}],"line":255},"46":{"loc":{"start":{"line":285,"column":23},"end":{"line":285,"column":57}},"type":"cond-expr","locations":[{"start":{"line":285,"column":36},"end":{"line":285,"column":45}},{"start":{"line":285,"column":48},"end":{"line":285,"column":57}}],"line":285},"47":{"loc":{"start":{"line":288,"column":55},"end":{"line":288,"column":76}},"type":"binary-expr","locations":[{"start":{"line":288,"column":55},"end":{"line":288,"column":66}},{"start":{"line":288,"column":70},"end":{"line":288,"column":76}}],"line":288},"48":{"loc":{"start":{"line":294,"column":28},"end":{"line":294,"column":50}},"type":"binary-expr","locations":[{"start":{"line":294,"column":28},"end":{"line":294,"column":45}},{"start":{"line":294,"column":49},"end":{"line":294,"column":50}}],"line":294},"49":{"loc":{"start":{"line":304,"column":15},"end":{"line":306,"column":15}},"type":"binary-expr","locations":[{"start":{"line":304,"column":15},"end":{"line":304,"column":25}},{"start":{"line":305,"column":16},"end":{"line":305,"column":78}}],"line":304},"50":{"loc":{"start":{"line":311,"column":7},"end":{"line":388,"column":7}},"type":"cond-expr","locations":[{"start":{"line":312,"column":8},"end":{"line":312,"column":25}},{"start":{"line":313,"column":10},"end":{"line":388,"column":7}}],"line":311},"51":{"loc":{"start":{"line":313,"column":10},"end":{"line":388,"column":7}},"type":"cond-expr","locations":[{"start":{"line":314,"column":8},"end":{"line":381,"column":9}},{"start":{"line":383,"column":8},"end":{"line":387,"column":10}}],"line":313},"52":{"loc":{"start":{"line":314,"column":8},"end":{"line":381,"column":9}},"type":"binary-expr","locations":[{"start":{"line":314,"column":8},"end":{"line":314,"column":23}},{"start":{"line":315,"column":10},"end":{"line":380,"column":16}}],"line":314},"53":{"loc":{"start":{"line":327,"column":18},"end":{"line":327,"column":42}},"type":"if","locations":[{"start":{"line":327,"column":18},"end":{"line":327,"column":42}},{"start":{},"end":{}}],"line":327},"54":{"loc":{"start":{"line":334,"column":18},"end":{"line":335,"column":29}},"type":"binary-expr","locations":[{"start":{"line":334,"column":19},"end":{"line":334,"column":40}},{"start":{"line":334,"column":44},"end":{"line":334,"column":70}},{"start":{"line":335,"column":18},"end":{"line":335,"column":29}}],"line":334},"55":{"loc":{"start":{"line":339,"column":17},"end":{"line":343,"column":17}},"type":"cond-expr","locations":[{"start":{"line":340,"column":18},"end":{"line":340,"column":66}},{"start":{"line":342,"column":18},"end":{"line":342,"column":55}}],"line":339},"56":{"loc":{"start":{"line":356,"column":18},"end":{"line":364,"column":19}},"type":"if","locations":[{"start":{"line":356,"column":18},"end":{"line":364,"column":19}},{"start":{},"end":{}}],"line":356},"57":{"loc":{"start":{"line":360,"column":32},"end":{"line":360,"column":59}},"type":"binary-expr","locations":[{"start":{"line":360,"column":32},"end":{"line":360,"column":54}},{"start":{"line":360,"column":58},"end":{"line":360,"column":59}}],"line":360},"58":{"loc":{"start":{"line":375,"column":13},"end":{"line":379,"column":13}},"type":"binary-expr","locations":[{"start":{"line":375,"column":13},"end":{"line":375,"column":33}},{"start":{"line":376,"column":14},"end":{"line":378,"column":18}}],"line":375},"59":{"loc":{"start":{"line":407,"column":9},"end":{"line":425,"column":9}},"type":"binary-expr","locations":[{"start":{"line":407,"column":9},"end":{"line":407,"column":21}},{"start":{"line":408,"column":10},"end":{"line":424,"column":16}}],"line":407},"60":{"loc":{"start":{"line":411,"column":16},"end":{"line":411,"column":54}},"type":"if","locations":[{"start":{"line":411,"column":16},"end":{"line":411,"column":54}},{"start":{},"end":{}}],"line":411},"61":{"loc":{"start":{"line":420,"column":16},"end":{"line":421,"column":39}},"type":"if","locations":[{"start":{"line":420,"column":16},"end":{"line":421,"column":39}},{"start":{},"end":{}}],"line":420},"62":{"loc":{"start":{"line":420,"column":20},"end":{"line":420,"column":62}},"type":"binary-expr","locations":[{"start":{"line":420,"column":20},"end":{"line":420,"column":44}},{"start":{"line":420,"column":48},"end":{"line":420,"column":62}}],"line":420}},"s":{"0":11,"1":11,"2":11,"3":11,"4":3,"5":3,"6":6,"7":4,"8":6,"9":3,"10":11,"11":11,"12":11,"13":3,"14":0,"15":3,"16":3,"17":3,"18":0,"19":3,"20":11,"21":0,"22":0,"23":0,"24":0,"25":0,"26":0,"27":11,"28":4,"29":0,"30":4,"31":4,"32":11,"33":6,"34":30,"35":6,"36":3,"37":3,"38":2,"39":2,"40":2,"41":11,"42":11,"43":11,"44":11,"45":11,"46":11,"47":11,"48":1,"49":0,"50":1,"51":1,"52":1,"53":1,"54":1,"55":1,"56":11,"57":6,"58":2,"59":2,"60":2,"61":4,"62":4,"63":2,"64":2,"65":2,"66":11,"67":3,"68":0,"69":3,"70":3,"71":0,"72":3,"73":6,"74":6,"75":3,"76":3,"77":0,"78":0,"79":3,"80":11,"81":1,"82":0,"83":0,"84":0,"85":1,"86":1,"87":1,"88":0,"89":1,"90":1,"91":1,"92":1,"93":1,"94":1,"95":11,"96":5,"97":3,"98":3,"99":3,"100":2,"101":2,"102":2,"103":2,"104":2,"105":11,"106":6,"107":3,"108":3,"109":4,"110":11,"111":10,"112":11,"113":11,"114":3,"115":8,"116":2,"117":0,"118":0,"119":8,"120":16,"121":16,"122":0,"123":0,"124":0,"125":0,"126":1,"127":0,"128":1,"129":1,"130":1,"131":0,"132":1,"133":0,"134":0,"135":0,"136":0,"137":0,"138":0,"139":0,"140":0,"141":0,"142":0},"f":{"0":11,"1":3,"2":6,"3":3,"4":0,"5":0,"6":4,"7":6,"8":30,"9":2,"10":1,"11":6,"12":4,"13":2,"14":3,"15":6,"16":6,"17":1,"18":1,"19":5,"20":6,"21":4,"22":10,"23":2,"24":0,"25":0,"26":16,"27":0,"28":0,"29":1,"30":0,"31":0,"32":0,"33":0,"34":0,"35":0},"b":{"0":[11,0],"1":[4,2],"2":[0,3],"3":[0,3],"4":[0,0],"5":[0,4],"6":[4,0],"7":[4,4],"8":[0,4],"9":[4,4],"10":[0,4],"11":[4,4],"12":[0,4],"13":[4,4,4,4],"14":[0,4],"15":[4,4],"16":[4,0],"17":[3,3],"18":[6,3],"19":[2,2],"20":[2,2],"21":[0,1],"22":[1,1],"23":[1,0],"24":[2,4],"25":[2,2],"26":[4,2],"27":[2,0],"28":[0,3],"29":[3,0],"30":[0,3],"31":[0,1],"32":[0,1],"33":[1,0],"34":[1,0],"35":[1,0],"36":[3,2],"37":[2,0],"38":[2,0],"39":[3,3],"40":[3,0],"41":[11,6,5],"42":[3,8],"43":[11,8],"44":[0,0],"45":[0,0],"46":[6,10],"47":[16,10],"48":[0,0],"49":[16,6],"50":[2,6],"51":[6,0],"52":[6,4],"53":[0,1],"54":[4,0,4],"55":[2,2],"56":[0,0],"57":[0,0],"58":[4,0],"59":[0,0],"60":[0,0],"61":[0,0],"62":[0,0]},"_coverageSchema":"1a1c01bbd47fc00a2c39e90264f33305004495a9","hash":"712e6502972c86b50b01fdaaec11f6deefbe2a79"}
,"/Users/user/Documents/Projects/Code/pomofit/components/offline-indicator.tsx": {"path":"/Users/user/Documents/Projects/Code/pomofit/components/offline-indicator.tsx","statementMap":{"0":{"start":{"line":8,"column":32},"end":{"line":8,"column":47}},"1":{"start":{"line":10,"column":2},"end":{"line":30,"column":9}},"2":{"start":{"line":12,"column":4},"end":{"line":12,"column":46}},"3":{"start":{"line":12,"column":39},"end":{"line":12,"column":46}},"4":{"start":{"line":15,"column":30},"end":{"line":17,"column":5}},"5":{"start":{"line":16,"column":6},"end":{"line":16,"column":36}},"6":{"start":{"line":20,"column":4},"end":{"line":20,"column":24}},"7":{"start":{"line":23,"column":4},"end":{"line":23,"column":57}},"8":{"start":{"line":24,"column":4},"end":{"line":24,"column":58}},"9":{"start":{"line":26,"column":4},"end":{"line":29,"column":6}},"10":{"start":{"line":27,"column":6},"end":{"line":27,"column":62}},"11":{"start":{"line":28,"column":6},"end":{"line":28,"column":63}},"12":{"start":{"line":32,"column":2},"end":{"line":32,"column":28}},"13":{"start":{"line":32,"column":16},"end":{"line":32,"column":28}},"14":{"start":{"line":34,"column":2},"end":{"line":39,"column":4}}},"fnMap":{"0":{"name":"OfflineIndicator","decl":{"start":{"line":7,"column":24},"end":{"line":7,"column":40}},"loc":{"start":{"line":7,"column":43},"end":{"line":40,"column":1}},"line":7},"1":{"name":"(anonymous_1)","decl":{"start":{"line":10,"column":12},"end":{"line":10,"column":13}},"loc":{"start":{"line":10,"column":18},"end":{"line":30,"column":3}},"line":10},"2":{"name":"(anonymous_2)","decl":{"start":{"line":15,"column":30},"end":{"line":15,"column":31}},"loc":{"start":{"line":15,"column":36},"end":{"line":17,"column":5}},"line":15},"3":{"name":"(anonymous_3)","decl":{"start":{"line":26,"column":11},"end":{"line":26,"column":12}},"loc":{"start":{"line":26,"column":17},"end":{"line":29,"column":5}},"line":26}},"branchMap":{"0":{"loc":{"start":{"line":12,"column":4},"end":{"line":12,"column":46}},"type":"if","locations":[{"start":{"line":12,"column":4},"end":{"line":12,"column":46}},{"start":{},"end":{}}],"line":12},"1":{"loc":{"start":{"line":32,"column":2},"end":{"line":32,"column":28}},"type":"if","locations":[{"start":{"line":32,"column":2},"end":{"line":32,"column":28}},{"start":{},"end":{}}],"line":32}},"s":{"0":3,"1":3,"2":2,"3":0,"4":2,"5":2,"6":2,"7":2,"8":2,"9":2,"10":2,"11":2,"12":3,"13":2,"14":1},"f":{"0":3,"1":2,"2":2,"3":2},"b":{"0":[0,2],"1":[2,1]},"_coverageSchema":"1a1c01bbd47fc00a2c39e90264f33305004495a9","hash":"1f5cc9c020031f7677c6a5e7e7a6c105381bcd5e"}
,"/Users/user/Documents/Projects/Code/pomofit/components/pwa-assets-check.tsx": {"path":"/Users/user/Documents/Projects/Code/pomofit/components/pwa-assets-check.tsx","statementMap":{"0":{"start":{"line":7,"column":2},"end":{"line":42,"column":8}},"1":{"start":{"line":8,"column":4},"end":{"line":41,"column":5}},"2":{"start":{"line":9,"column":29},"end":{"line":15,"column":7}},"3":{"start":{"line":18,"column":6},"end":{"line":40,"column":8}},"4":{"start":{"line":20,"column":10},"end":{"line":31,"column":14}},"5":{"start":{"line":22,"column":14},"end":{"line":25,"column":15}},"6":{"start":{"line":23,"column":16},"end":{"line":23,"column":70}},"7":{"start":{"line":24,"column":16},"end":{"line":24,"column":28}},"8":{"start":{"line":26,"column":14},"end":{"line":26,"column":25}},"9":{"start":{"line":29,"column":14},"end":{"line":29,"column":68}},"10":{"start":{"line":30,"column":14},"end":{"line":30,"column":26}},"11":{"start":{"line":34,"column":25},"end":{"line":34,"column":47}},"12":{"start":{"line":35,"column":8},"end":{"line":39,"column":9}},"13":{"start":{"line":36,"column":10},"end":{"line":36,"column":56}},"14":{"start":{"line":38,"column":10},"end":{"line":38,"column":64}},"15":{"start":{"line":44,"column":2},"end":{"line":44,"column":13}}},"fnMap":{"0":{"name":"PWAAssetsCheck","decl":{"start":{"line":6,"column":24},"end":{"line":6,"column":38}},"loc":{"start":{"line":6,"column":41},"end":{"line":45,"column":1}},"line":6},"1":{"name":"(anonymous_1)","decl":{"start":{"line":7,"column":12},"end":{"line":7,"column":13}},"loc":{"start":{"line":7,"column":18},"end":{"line":42,"column":3}},"line":7},"2":{"name":"(anonymous_2)","decl":{"start":{"line":19,"column":27},"end":{"line":19,"column":28}},"loc":{"start":{"line":20,"column":10},"end":{"line":31,"column":14}},"line":20},"3":{"name":"(anonymous_3)","decl":{"start":{"line":21,"column":18},"end":{"line":21,"column":19}},"loc":{"start":{"line":21,"column":32},"end":{"line":27,"column":13}},"line":21},"4":{"name":"(anonymous_4)","decl":{"start":{"line":28,"column":19},"end":{"line":28,"column":20}},"loc":{"start":{"line":28,"column":25},"end":{"line":31,"column":13}},"line":28},"5":{"name":"(anonymous_5)","decl":{"start":{"line":33,"column":13},"end":{"line":33,"column":14}},"loc":{"start":{"line":33,"column":26},"end":{"line":40,"column":7}},"line":33}},"branchMap":{"0":{"loc":{"start":{"line":8,"column":4},"end":{"line":41,"column":5}},"type":"if","locations":[{"start":{"line":8,"column":4},"end":{"line":41,"column":5}},{"start":{},"end":{}}],"line":8},"1":{"loc":{"start":{"line":22,"column":14},"end":{"line":25,"column":15}},"type":"if","locations":[{"start":{"line":22,"column":14},"end":{"line":25,"column":15}},{"start":{},"end":{}}],"line":22},"2":{"loc":{"start":{"line":35,"column":8},"end":{"line":39,"column":9}},"type":"if","locations":[{"start":{"line":35,"column":8},"end":{"line":39,"column":9}},{"start":{"line":37,"column":15},"end":{"line":39,"column":9}}],"line":35}},"s":{"0":2,"1":2,"2":2,"3":2,"4":10,"5":10,"6":1,"7":1,"8":9,"9":0,"10":0,"11":2,"12":2,"13":1,"14":1,"15":2},"f":{"0":2,"1":2,"2":10,"3":10,"4":0,"5":2},"b":{"0":[2,0],"1":[1,9],"2":[1,1]},"_coverageSchema":"1a1c01bbd47fc00a2c39e90264f33305004495a9","hash":"ad48490a3534a66bc237d4b145a1d039105f26db"}
,"/Users/user/Documents/Projects/Code/pomofit/components/pwa-install-prompt.tsx": {"path":"/Users/user/Documents/Projects/Code/pomofit/components/pwa-install-prompt.tsx","statementMap":{"0":{"start":{"line":14,"column":20},"end":{"line":14,"column":42}},"1":{"start":{"line":26,"column":25},"end":{"line":31,"column":1}},"2":{"start":{"line":27,"column":2},"end":{"line":29,"column":3}},"3":{"start":{"line":28,"column":4},"end":{"line":28,"column":46}},"4":{"start":{"line":30,"column":2},"end":{"line":30,"column":14}},"5":{"start":{"line":33,"column":25},"end":{"line":37,"column":1}},"6":{"start":{"line":34,"column":2},"end":{"line":34,"column":53}},"7":{"start":{"line":34,"column":41},"end":{"line":34,"column":53}},"8":{"start":{"line":35,"column":16},"end":{"line":35,"column":62}},"9":{"start":{"line":36,"column":2},"end":{"line":36,"column":23}},"10":{"start":{"line":39,"column":29},"end":{"line":50,"column":1}},"11":{"start":{"line":40,"column":2},"end":{"line":40,"column":49}},"12":{"start":{"line":40,"column":37},"end":{"line":40,"column":49}},"13":{"start":{"line":41,"column":21},"end":{"line":44,"column":3}},"14":{"start":{"line":45,"column":20},"end":{"line":45,"column":64}},"15":{"start":{"line":46,"column":2},"end":{"line":48,"column":3}},"16":{"start":{"line":47,"column":4},"end":{"line":47,"column":21}},"17":{"start":{"line":49,"column":2},"end":{"line":49,"column":14}},"18":{"start":{"line":52,"column":24},"end":{"line":56,"column":6}},"19":{"start":{"line":53,"column":2},"end":{"line":56,"column":6}},"20":{"start":{"line":58,"column":27},"end":{"line":68,"column":1}},"21":{"start":{"line":59,"column":16},"end":{"line":59,"column":37}},"22":{"start":{"line":60,"column":15},"end":{"line":60,"column":37}},"23":{"start":{"line":61,"column":2},"end":{"line":67,"column":4}},"24":{"start":{"line":63,"column":6},"end":{"line":63,"column":44}},"25":{"start":{"line":63,"column":37},"end":{"line":63,"column":44}},"26":{"start":{"line":64,"column":6},"end":{"line":64,"column":22}},"27":{"start":{"line":65,"column":6},"end":{"line":65,"column":40}},"28":{"start":{"line":71,"column":46},"end":{"line":71,"column":65}},"29":{"start":{"line":72,"column":52},"end":{"line":72,"column":67}},"30":{"start":{"line":73,"column":36},"end":{"line":73,"column":51}},"31":{"start":{"line":75,"column":2},"end":{"line":115,"column":9}},"32":{"start":{"line":76,"column":4},"end":{"line":78,"column":5}},"33":{"start":{"line":77,"column":6},"end":{"line":77,"column":13}},"34":{"start":{"line":80,"column":4},"end":{"line":82,"column":5}},"35":{"start":{"line":81,"column":6},"end":{"line":81,"column":13}},"36":{"start":{"line":84,"column":28},"end":{"line":84,"column":45}},"37":{"start":{"line":85,"column":4},"end":{"line":90,"column":5}},"38":{"start":{"line":89,"column":6},"end":{"line":89,"column":13}},"39":{"start":{"line":92,"column":38},"end":{"line":96,"column":5}},"40":{"start":{"line":93,"column":6},"end":{"line":93,"column":25}},"41":{"start":{"line":94,"column":6},"end":{"line":94,"column":55}},"42":{"start":{"line":95,"column":6},"end":{"line":95,"column":33}},"43":{"start":{"line":98,"column":4},"end":{"line":98,"column":78}},"44":{"start":{"line":100,"column":31},"end":{"line":104,"column":5}},"45":{"start":{"line":101,"column":6},"end":{"line":101,"column":39}},"46":{"start":{"line":102,"column":6},"end":{"line":102,"column":34}},"47":{"start":{"line":103,"column":6},"end":{"line":103,"column":30}},"48":{"start":{"line":106,"column":4},"end":{"line":106,"column":64}},"49":{"start":{"line":108,"column":4},"end":{"line":114,"column":6}},"50":{"start":{"line":109,"column":6},"end":{"line":112,"column":8}},"51":{"start":{"line":113,"column":6},"end":{"line":113,"column":69}},"52":{"start":{"line":117,"column":29},"end":{"line":132,"column":3}},"53":{"start":{"line":118,"column":4},"end":{"line":118,"column":32}},"54":{"start":{"line":118,"column":25},"end":{"line":118,"column":32}},"55":{"start":{"line":120,"column":4},"end":{"line":120,"column":28}},"56":{"start":{"line":122,"column":4},"end":{"line":131,"column":7}},"57":{"start":{"line":123,"column":6},"end":{"line":128,"column":7}},"58":{"start":{"line":124,"column":8},"end":{"line":124,"column":56}},"59":{"start":{"line":126,"column":8},"end":{"line":126,"column":57}},"60":{"start":{"line":127,"column":8},"end":{"line":127,"column":29}},"61":{"start":{"line":129,"column":6},"end":{"line":129,"column":30}},"62":{"start":{"line":130,"column":6},"end":{"line":130,"column":34}},"63":{"start":{"line":134,"column":24},"end":{"line":138,"column":3}},"64":{"start":{"line":135,"column":4},"end":{"line":135,"column":23}},"65":{"start":{"line":136,"column":4},"end":{"line":136,"column":32}},"66":{"start":{"line":137,"column":4},"end":{"line":137,"column":25}},"67":{"start":{"line":140,"column":2},"end":{"line":140,"column":51}},"68":{"start":{"line":140,"column":39},"end":{"line":140,"column":51}},"69":{"start":{"line":142,"column":2},"end":{"line":179,"column":4}}},"fnMap":{"0":{"name":"(anonymous_0)","decl":{"start":{"line":26,"column":25},"end":{"line":26,"column":26}},"loc":{"start":{"line":26,"column":51},"end":{"line":31,"column":1}},"line":26},"1":{"name":"(anonymous_1)","decl":{"start":{"line":33,"column":25},"end":{"line":33,"column":26}},"loc":{"start":{"line":33,"column":51},"end":{"line":37,"column":1}},"line":33},"2":{"name":"(anonymous_2)","decl":{"start":{"line":39,"column":29},"end":{"line":39,"column":30}},"loc":{"start":{"line":39,"column":55},"end":{"line":50,"column":1}},"line":39},"3":{"name":"(anonymous_3)","decl":{"start":{"line":52,"column":24},"end":{"line":52,"column":25}},"loc":{"start":{"line":53,"column":2},"end":{"line":56,"column":6}},"line":53},"4":{"name":"(anonymous_4)","decl":{"start":{"line":58,"column":27},"end":{"line":58,"column":28}},"loc":{"start":{"line":58,"column":33},"end":{"line":68,"column":1}},"line":58},"5":{"name":"(anonymous_5)","decl":{"start":{"line":62,"column":4},"end":{"line":62,"column":5}},"loc":{"start":{"line":62,"column":15},"end":{"line":66,"column":5}},"line":62},"6":{"name":"PWAInstallPrompt","decl":{"start":{"line":70,"column":24},"end":{"line":70,"column":40}},"loc":{"start":{"line":70,"column":43},"end":{"line":180,"column":1}},"line":70},"7":{"name":"(anonymous_7)","decl":{"start":{"line":75,"column":12},"end":{"line":75,"column":13}},"loc":{"start":{"line":75,"column":18},"end":{"line":115,"column":3}},"line":75},"8":{"name":"(anonymous_8)","decl":{"start":{"line":92,"column":38},"end":{"line":92,"column":39}},"loc":{"start":{"line":92,"column":52},"end":{"line":96,"column":5}},"line":92},"9":{"name":"(anonymous_9)","decl":{"start":{"line":100,"column":31},"end":{"line":100,"column":32}},"loc":{"start":{"line":100,"column":37},"end":{"line":104,"column":5}},"line":100},"10":{"name":"(anonymous_10)","decl":{"start":{"line":108,"column":11},"end":{"line":108,"column":12}},"loc":{"start":{"line":108,"column":17},"end":{"line":114,"column":5}},"line":108},"11":{"name":"(anonymous_11)","decl":{"start":{"line":117,"column":29},"end":{"line":117,"column":30}},"loc":{"start":{"line":117,"column":35},"end":{"line":132,"column":3}},"line":117},"12":{"name":"(anonymous_12)","decl":{"start":{"line":122,"column":35},"end":{"line":122,"column":36}},"loc":{"start":{"line":122,"column":74},"end":{"line":131,"column":5}},"line":122},"13":{"name":"(anonymous_13)","decl":{"start":{"line":134,"column":24},"end":{"line":134,"column":25}},"loc":{"start":{"line":134,"column":30},"end":{"line":138,"column":3}},"line":134}},"branchMap":{"0":{"loc":{"start":{"line":27,"column":2},"end":{"line":29,"column":3}},"type":"if","locations":[{"start":{"line":27,"column":2},"end":{"line":29,"column":3}},{"start":{},"end":{}}],"line":27},"1":{"loc":{"start":{"line":27,"column":6},"end":{"line":27,"column":58}},"type":"binary-expr","locations":[{"start":{"line":27,"column":6},"end":{"line":27,"column":35}},{"start":{"line":27,"column":39},"end":{"line":27,"column":58}}],"line":27},"2":{"loc":{"start":{"line":34,"column":2},"end":{"line":34,"column":53}},"type":"if","locations":[{"start":{"line":34,"column":2},"end":{"line":34,"column":53}},{"start":{},"end":{}}],"line":34},"3":{"loc":{"start":{"line":36,"column":9},"end":{"line":36,"column":22}},"type":"binary-expr","locations":[{"start":{"line":36,"column":9},"end":{"line":36,"column":14}},{"start":{"line":36,"column":18},"end":{"line":36,"column":22}}],"line":36},"4":{"loc":{"start":{"line":40,"column":2},"end":{"line":40,"column":49}},"type":"if","locations":[{"start":{"line":40,"column":2},"end":{"line":40,"column":49}},{"start":{},"end":{}}],"line":40},"5":{"loc":{"start":{"line":46,"column":2},"end":{"line":48,"column":3}},"type":"if","locations":[{"start":{"line":46,"column":2},"end":{"line":48,"column":3}},{"start":{},"end":{}}],"line":46},"6":{"loc":{"start":{"line":46,"column":6},"end":{"line":46,"column":58}},"type":"binary-expr","locations":[{"start":{"line":46,"column":6},"end":{"line":46,"column":15}},{"start":{"line":46,"column":19},"end":{"line":46,"column":58}}],"line":46},"7":{"loc":{"start":{"line":53,"column":2},"end":{"line":56,"column":6}},"type":"binary-expr","locations":[{"start":{"line":53,"column":2},"end":{"line":53,"column":42}},{"start":{"line":54,"column":2},"end":{"line":54,"column":42}},{"start":{"line":55,"column":2},"end":{"line":55,"column":46}},{"start":{"line":56,"column":2},"end":{"line":56,"column":6}}],"line":53},"8":{"loc":{"start":{"line":63,"column":6},"end":{"line":63,"column":44}},"type":"if","locations":[{"start":{"line":63,"column":6},"end":{"line":63,"column":44}},{"start":{},"end":{}}],"line":63},"9":{"loc":{"start":{"line":63,"column":10},"end":{"line":63,"column":35}},"type":"binary-expr","locations":[{"start":{"line":63,"column":10},"end":{"line":63,"column":16}},{"start":{"line":63,"column":20},"end":{"line":63,"column":35}}],"line":63},"10":{"loc":{"start":{"line":76,"column":4},"end":{"line":78,"column":5}},"type":"if","locations":[{"start":{"line":76,"column":4},"end":{"line":78,"column":5}},{"start":{},"end":{}}],"line":76},"11":{"loc":{"start":{"line":80,"column":4},"end":{"line":82,"column":5}},"type":"if","locations":[{"start":{"line":80,"column":4},"end":{"line":82,"column":5}},{"start":{},"end":{}}],"line":80},"12":{"loc":{"start":{"line":85,"column":4},"end":{"line":90,"column":5}},"type":"if","locations":[{"start":{"line":85,"column":4},"end":{"line":90,"column":5}},{"start":{},"end":{}}],"line":85},"13":{"loc":{"start":{"line":86,"column":6},"end":{"line":87,"column":77}},"type":"binary-expr","locations":[{"start":{"line":86,"column":6},"end":{"line":86,"column":21}},{"start":{"line":87,"column":6},"end":{"line":87,"column":77}}],"line":86},"14":{"loc":{"start":{"line":118,"column":4},"end":{"line":118,"column":32}},"type":"if","locations":[{"start":{"line":118,"column":4},"end":{"line":118,"column":32}},{"start":{},"end":{}}],"line":118},"15":{"loc":{"start":{"line":123,"column":6},"end":{"line":128,"column":7}},"type":"if","locations":[{"start":{"line":123,"column":6},"end":{"line":128,"column":7}},{"start":{"line":125,"column":13},"end":{"line":128,"column":7}}],"line":123},"16":{"loc":{"start":{"line":140,"column":2},"end":{"line":140,"column":51}},"type":"if","locations":[{"start":{"line":140,"column":2},"end":{"line":140,"column":51}},{"start":{},"end":{}}],"line":140},"17":{"loc":{"start":{"line":140,"column":6},"end":{"line":140,"column":37}},"type":"binary-expr","locations":[{"start":{"line":140,"column":6},"end":{"line":140,"column":24}},{"start":{"line":140,"column":28},"end":{"line":140,"column":37}}],"line":140}},"s":{"0":1,"1":1,"2":3,"3":3,"4":0,"5":1,"6":3,"7":0,"8":3,"9":3,"10":1,"11":3,"12":0,"13":3,"14":3,"15":3,"16":3,"17":0,"18":1,"19":2,"20":1,"21":1,"22":1,"23":1,"24":3,"25":2,"26":1,"27":1,"28":5,"29":5,"30":5,"31":5,"32":2,"33":0,"34":2,"35":0,"36":2,"37":2,"38":0,"39":2,"40":2,"41":2,"42":2,"43":2,"44":2,"45":0,"46":0,"47":0,"48":2,"49":2,"50":2,"51":2,"52":5,"53":0,"54":0,"55":0,"56":0,"57":0,"58":0,"59":0,"60":0,"61":0,"62":0,"63":5,"64":1,"65":1,"66":1,"67":5,"68":3,"69":2},"f":{"0":3,"1":3,"2":3,"3":2,"4":1,"5":3,"6":5,"7":2,"8":2,"9":0,"10":2,"11":0,"12":0,"13":1},"b":{"0":[3,0],"1":[3,3],"2":[0,3],"3":[3,0],"4":[0,3],"5":[3,0],"6":[3,3],"7":[2,2,2,2],"8":[2,1],"9":[3,3],"10":[0,2],"11":[0,2],"12":[0,2],"13":[2,0],"14":[0,0],"15":[0,0],"16":[3,2],"17":[5,2]},"_coverageSchema":"1a1c01bbd47fc00a2c39e90264f33305004495a9","hash":"a3a9744b40093e11bd819e7443ee4f558a0144a8"}
,"/Users/user/Documents/Projects/Code/pomofit/components/pwa-register.tsx": {"path":"/Users/user/Documents/Projects/Code/pomofit/components/pwa-register.tsx","statementMap":{"0":{"start":{"line":8,"column":20},"end":{"line":8,"column":30}},"1":{"start":{"line":10,"column":2},"end":{"line":46,"column":9}},"2":{"start":{"line":11,"column":4},"end":{"line":11,"column":70}},"3":{"start":{"line":13,"column":4},"end":{"line":13,"column":28}},"4":{"start":{"line":16,"column":25},"end":{"line":23,"column":5}},"5":{"start":{"line":17,"column":6},"end":{"line":17,"column":41}},"6":{"start":{"line":18,"column":6},"end":{"line":22,"column":9}},"7":{"start":{"line":25,"column":26},"end":{"line":33,"column":5}},"8":{"start":{"line":26,"column":6},"end":{"line":26,"column":42}},"9":{"start":{"line":27,"column":6},"end":{"line":32,"column":9}},"10":{"start":{"line":35,"column":4},"end":{"line":38,"column":5}},"11":{"start":{"line":36,"column":6},"end":{"line":36,"column":54}},"12":{"start":{"line":37,"column":6},"end":{"line":37,"column":56}},"13":{"start":{"line":40,"column":4},"end":{"line":45,"column":6}},"14":{"start":{"line":41,"column":6},"end":{"line":44,"column":7}},"15":{"start":{"line":42,"column":8},"end":{"line":42,"column":59}},"16":{"start":{"line":43,"column":8},"end":{"line":43,"column":61}},"17":{"start":{"line":48,"column":2},"end":{"line":48,"column":14}}},"fnMap":{"0":{"name":"PWARegister","decl":{"start":{"line":7,"column":24},"end":{"line":7,"column":35}},"loc":{"start":{"line":7,"column":38},"end":{"line":49,"column":1}},"line":7},"1":{"name":"(anonymous_1)","decl":{"start":{"line":10,"column":12},"end":{"line":10,"column":13}},"loc":{"start":{"line":10,"column":18},"end":{"line":46,"column":3}},"line":10},"2":{"name":"(anonymous_2)","decl":{"start":{"line":16,"column":25},"end":{"line":16,"column":26}},"loc":{"start":{"line":16,"column":31},"end":{"line":23,"column":5}},"line":16},"3":{"name":"(anonymous_3)","decl":{"start":{"line":25,"column":26},"end":{"line":25,"column":27}},"loc":{"start":{"line":25,"column":32},"end":{"line":33,"column":5}},"line":25},"4":{"name":"(anonymous_4)","decl":{"start":{"line":40,"column":11},"end":{"line":40,"column":12}},"loc":{"start":{"line":40,"column":17},"end":{"line":45,"column":5}},"line":40}},"branchMap":{"0":{"loc":{"start":{"line":35,"column":4},"end":{"line":38,"column":5}},"type":"if","locations":[{"start":{"line":35,"column":4},"end":{"line":38,"column":5}},{"start":{},"end":{}}],"line":35},"1":{"loc":{"start":{"line":41,"column":6},"end":{"line":44,"column":7}},"type":"if","locations":[{"start":{"line":41,"column":6},"end":{"line":44,"column":7}},{"start":{},"end":{}}],"line":41}},"s":{"0":1,"1":1,"2":1,"3":1,"4":1,"5":1,"6":1,"7":1,"8":1,"9":1,"10":1,"11":1,"12":1,"13":1,"14":1,"15":1,"16":1,"17":1},"f":{"0":1,"1":1,"2":1,"3":1,"4":1},"b":{"0":[1,0],"1":[1,0]},"_coverageSchema":"1a1c01bbd47fc00a2c39e90264f33305004495a9","hash":"22322f772172e0ca12502ceb30b529fc90f509c6"}
,"/Users/user/Documents/Projects/Code/pomofit/components/session-details-modal.tsx": {"path":"/Users/user/Documents/Projects/Code/pomofit/components/session-details-modal.tsx","statementMap":{"0":{"start":{"line":31,"column":2},"end":{"line":31,"column":28}},"1":{"start":{"line":31,"column":16},"end":{"line":31,"column":28}},"2":{"start":{"line":33,"column":25},"end":{"line":44,"column":3}},"3":{"start":{"line":34,"column":4},"end":{"line":43,"column":5}},"4":{"start":{"line":36,"column":8},"end":{"line":36,"column":44}},"5":{"start":{"line":38,"column":8},"end":{"line":38,"column":46}},"6":{"start":{"line":40,"column":8},"end":{"line":40,"column":45}},"7":{"start":{"line":42,"column":8},"end":{"line":42,"column":45}},"8":{"start":{"line":46,"column":26},"end":{"line":57,"column":3}},"9":{"start":{"line":47,"column":4},"end":{"line":56,"column":5}},"10":{"start":{"line":49,"column":8},"end":{"line":49,"column":80}},"11":{"start":{"line":51,"column":8},"end":{"line":51,"column":88}},"12":{"start":{"line":53,"column":8},"end":{"line":53,"column":84}},"13":{"start":{"line":55,"column":8},"end":{"line":55,"column":84}},"14":{"start":{"line":59,"column":26},"end":{"line":70,"column":3}},"15":{"start":{"line":60,"column":4},"end":{"line":69,"column":5}},"16":{"start":{"line":62,"column":8},"end":{"line":62,"column":31}},"17":{"start":{"line":64,"column":8},"end":{"line":64,"column":29}},"18":{"start":{"line":66,"column":8},"end":{"line":66,"column":28}},"19":{"start":{"line":68,"column":8},"end":{"line":68,"column":25}},"20":{"start":{"line":72,"column":26},"end":{"line":86,"column":3}},"21":{"start":{"line":73,"column":4},"end":{"line":75,"column":5}},"22":{"start":{"line":74,"column":6},"end":{"line":74,"column":43}},"23":{"start":{"line":77,"column":4},"end":{"line":79,"column":5}},"24":{"start":{"line":78,"column":6},"end":{"line":78,"column":31}},"25":{"start":{"line":81,"column":4},"end":{"line":83,"column":5}},"26":{"start":{"line":82,"column":6},"end":{"line":82,"column":26}},"27":{"start":{"line":85,"column":4},"end":{"line":85,"column":27}},"28":{"start":{"line":88,"column":2},"end":{"line":168,"column":4}},"29":{"start":{"line":152,"column":18},"end":{"line":154,"column":26}}},"fnMap":{"0":{"name":"SessionDetailsModal","decl":{"start":{"line":24,"column":24},"end":{"line":24,"column":43}},"loc":{"start":{"line":30,"column":29},"end":{"line":169,"column":1}},"line":30},"1":{"name":"(anonymous_1)","decl":{"start":{"line":33,"column":25},"end":{"line":33,"column":26}},"loc":{"start":{"line":33,"column":43},"end":{"line":44,"column":3}},"line":33},"2":{"name":"(anonymous_2)","decl":{"start":{"line":46,"column":26},"end":{"line":46,"column":27}},"loc":{"start":{"line":46,"column":44},"end":{"line":57,"column":3}},"line":46},"3":{"name":"(anonymous_3)","decl":{"start":{"line":59,"column":26},"end":{"line":59,"column":27}},"loc":{"start":{"line":59,"column":44},"end":{"line":70,"column":3}},"line":59},"4":{"name":"(anonymous_4)","decl":{"start":{"line":72,"column":26},"end":{"line":72,"column":27}},"loc":{"start":{"line":72,"column":56},"end":{"line":86,"column":3}},"line":72},"5":{"name":"(anonymous_5)","decl":{"start":{"line":151,"column":34},"end":{"line":151,"column":35}},"loc":{"start":{"line":152,"column":18},"end":{"line":154,"column":26}},"line":152}},"branchMap":{"0":{"loc":{"start":{"line":31,"column":2},"end":{"line":31,"column":28}},"type":"if","locations":[{"start":{"line":31,"column":2},"end":{"line":31,"column":28}},{"start":{},"end":{}}],"line":31},"1":{"loc":{"start":{"line":34,"column":4},"end":{"line":43,"column":5}},"type":"switch","locations":[{"start":{"line":35,"column":6},"end":{"line":36,"column":44}},{"start":{"line":37,"column":6},"end":{"line":38,"column":46}},{"start":{"line":39,"column":6},"end":{"line":40,"column":45}},{"start":{"line":41,"column":6},"end":{"line":42,"column":45}}],"line":34},"2":{"loc":{"start":{"line":47,"column":4},"end":{"line":56,"column":5}},"type":"switch","locations":[{"start":{"line":48,"column":6},"end":{"line":49,"column":80}},{"start":{"line":50,"column":6},"end":{"line":51,"column":88}},{"start":{"line":52,"column":6},"end":{"line":53,"column":84}},{"start":{"line":54,"column":6},"end":{"line":55,"column":84}}],"line":47},"3":{"loc":{"start":{"line":60,"column":4},"end":{"line":69,"column":5}},"type":"switch","locations":[{"start":{"line":61,"column":6},"end":{"line":62,"column":31}},{"start":{"line":63,"column":6},"end":{"line":64,"column":29}},{"start":{"line":65,"column":6},"end":{"line":66,"column":28}},{"start":{"line":67,"column":6},"end":{"line":68,"column":25}}],"line":60},"4":{"loc":{"start":{"line":73,"column":4},"end":{"line":75,"column":5}},"type":"if","locations":[{"start":{"line":73,"column":4},"end":{"line":75,"column":5}},{"start":{},"end":{}}],"line":73},"5":{"loc":{"start":{"line":77,"column":4},"end":{"line":79,"column":5}},"type":"if","locations":[{"start":{"line":77,"column":4},"end":{"line":79,"column":5}},{"start":{},"end":{}}],"line":77},"6":{"loc":{"start":{"line":81,"column":4},"end":{"line":83,"column":5}},"type":"if","locations":[{"start":{"line":81,"column":4},"end":{"line":83,"column":5}},{"start":{},"end":{}}],"line":81},"7":{"loc":{"start":{"line":81,"column":8},"end":{"line":81,"column":57}},"type":"binary-expr","locations":[{"start":{"line":81,"column":8},"end":{"line":81,"column":20}},{"start":{"line":81,"column":24},"end":{"line":81,"column":57}}],"line":81},"8":{"loc":{"start":{"line":134,"column":11},"end":{"line":144,"column":11}},"type":"binary-expr","locations":[{"start":{"line":134,"column":11},"end":{"line":134,"column":23}},{"start":{"line":135,"column":12},"end":{"line":143,"column":18}}],"line":134},"9":{"loc":{"start":{"line":147,"column":11},"end":{"line":158,"column":11}},"type":"binary-expr","locations":[{"start":{"line":147,"column":11},"end":{"line":147,"column":23}},{"start":{"line":147,"column":27},"end":{"line":147,"column":50}},{"start":{"line":148,"column":12},"end":{"line":157,"column":18}}],"line":147}},"s":{"0":3,"1":0,"2":3,"3":3,"4":3,"5":0,"6":0,"7":0,"8":3,"9":6,"10":6,"11":0,"12":0,"13":0,"14":3,"15":3,"16":3,"17":0,"18":0,"19":0,"20":3,"21":3,"22":0,"23":3,"24":3,"25":0,"26":0,"27":0,"28":3,"29":6},"f":{"0":3,"1":3,"2":6,"3":3,"4":3,"5":6},"b":{"0":[0,3],"1":[3,0,0,0],"2":[6,0,0,0],"3":[3,0,0,0],"4":[0,3],"5":[3,0],"6":[0,0],"7":[0,0],"8":[3,2],"9":[3,3,3]},"_coverageSchema":"1a1c01bbd47fc00a2c39e90264f33305004495a9","hash":"79d7153acaf6a237352e18a7e1eaad1ad42bd37d"}
,"/Users/user/Documents/Projects/Code/pomofit/components/session-note-dialog.tsx": {"path":"/Users/user/Documents/Projects/Code/pomofit/components/session-note-dialog.tsx","statementMap":{"0":{"start":{"line":34,"column":26},"end":{"line":34,"column":38}},"1":{"start":{"line":35,"column":44},"end":{"line":35,"column":58}},"2":{"start":{"line":36,"column":32},"end":{"line":36,"column":47}},"3":{"start":{"line":37,"column":36},"end":{"line":37,"column":48}},"4":{"start":{"line":39,"column":23},"end":{"line":39,"column":58}},"5":{"start":{"line":40,"column":29},"end":{"line":40,"column":64}},"6":{"start":{"line":41,"column":25},"end":{"line":41,"column":35}},"7":{"start":{"line":43,"column":21},"end":{"line":47,"column":3}},"8":{"start":{"line":44,"column":17},"end":{"line":44,"column":41}},"9":{"start":{"line":45,"column":17},"end":{"line":45,"column":29}},"10":{"start":{"line":46,"column":4},"end":{"line":46,"column":57}},"11":{"start":{"line":49,"column":25},"end":{"line":75,"column":31}},"12":{"start":{"line":50,"column":4},"end":{"line":52,"column":5}},"13":{"start":{"line":51,"column":6},"end":{"line":51,"column":42}},"14":{"start":{"line":53,"column":4},"end":{"line":56,"column":5}},"15":{"start":{"line":54,"column":6},"end":{"line":54,"column":47}},"16":{"start":{"line":55,"column":6},"end":{"line":55,"column":40}},"17":{"start":{"line":58,"column":4},"end":{"line":58,"column":21}},"18":{"start":{"line":59,"column":4},"end":{"line":74,"column":13}},"19":{"start":{"line":60,"column":6},"end":{"line":73,"column":9}},"20":{"start":{"line":61,"column":8},"end":{"line":71,"column":9}},"21":{"start":{"line":62,"column":10},"end":{"line":65,"column":11}},"22":{"start":{"line":63,"column":12},"end":{"line":63,"column":48}},"23":{"start":{"line":64,"column":12},"end":{"line":64,"column":40}},"24":{"start":{"line":66,"column":10},"end":{"line":69,"column":16}},"25":{"start":{"line":67,"column":12},"end":{"line":67,"column":44}},"26":{"start":{"line":68,"column":12},"end":{"line":68,"column":46}},"27":{"start":{"line":70,"column":10},"end":{"line":70,"column":19}},"28":{"start":{"line":72,"column":8},"end":{"line":72,"column":24}},"29":{"start":{"line":77,"column":27},"end":{"line":84,"column":3}},"30":{"start":{"line":78,"column":21},"end":{"line":78,"column":35}},"31":{"start":{"line":79,"column":4},"end":{"line":79,"column":22}},"32":{"start":{"line":81,"column":4},"end":{"line":83,"column":5}},"33":{"start":{"line":82,"column":6},"end":{"line":82,"column":23}},"34":{"start":{"line":86,"column":24},"end":{"line":91,"column":3}},"35":{"start":{"line":87,"column":4},"end":{"line":90,"column":5}},"36":{"start":{"line":88,"column":6},"end":{"line":88,"column":25}},"37":{"start":{"line":89,"column":6},"end":{"line":89,"column":21}},"38":{"start":{"line":93,"column":23},"end":{"line":114,"column":3}},"39":{"start":{"line":94,"column":4},"end":{"line":94,"column":21}},"40":{"start":{"line":95,"column":25},"end":{"line":95,"column":27}},"41":{"start":{"line":96,"column":4},"end":{"line":110,"column":5}},"42":{"start":{"line":97,"column":18},"end":{"line":105,"column":8}},"43":{"start":{"line":106,"column":19},"end":{"line":106,"column":35}},"44":{"start":{"line":107,"column":6},"end":{"line":107,"column":55}},"45":{"start":{"line":109,"column":6},"end":{"line":109,"column":16}},"46":{"start":{"line":111,"column":4},"end":{"line":111,"column":22}},"47":{"start":{"line":112,"column":4},"end":{"line":112,"column":40}},"48":{"start":{"line":113,"column":4},"end":{"line":113,"column":16}},"49":{"start":{"line":116,"column":2},"end":{"line":143,"column":29}},"50":{"start":{"line":117,"column":4},"end":{"line":131,"column":5}},"51":{"start":{"line":118,"column":6},"end":{"line":118,"column":18}},"52":{"start":{"line":119,"column":6},"end":{"line":119,"column":23}},"53":{"start":{"line":120,"column":6},"end":{"line":120,"column":34}},"54":{"start":{"line":121,"column":6},"end":{"line":121,"column":23}},"55":{"start":{"line":123,"column":6},"end":{"line":126,"column":7}},"56":{"start":{"line":124,"column":8},"end":{"line":124,"column":44}},"57":{"start":{"line":125,"column":8},"end":{"line":125,"column":36}},"58":{"start":{"line":127,"column":6},"end":{"line":130,"column":7}},"59":{"start":{"line":128,"column":8},"end":{"line":128,"column":49}},"60":{"start":{"line":129,"column":8},"end":{"line":129,"column":42}},"61":{"start":{"line":133,"column":4},"end":{"line":142,"column":6}},"62":{"start":{"line":134,"column":6},"end":{"line":137,"column":7}},"63":{"start":{"line":135,"column":8},"end":{"line":135,"column":44}},"64":{"start":{"line":136,"column":8},"end":{"line":136,"column":36}},"65":{"start":{"line":138,"column":6},"end":{"line":141,"column":7}},"66":{"start":{"line":139,"column":8},"end":{"line":139,"column":49}},"67":{"start":{"line":140,"column":8},"end":{"line":140,"column":42}},"68":{"start":{"line":145,"column":2},"end":{"line":156,"column":9}},"69":{"start":{"line":146,"column":4},"end":{"line":155,"column":6}},"70":{"start":{"line":147,"column":6},"end":{"line":150,"column":7}},"71":{"start":{"line":148,"column":8},"end":{"line":148,"column":44}},"72":{"start":{"line":149,"column":8},"end":{"line":149,"column":36}},"73":{"start":{"line":151,"column":6},"end":{"line":154,"column":7}},"74":{"start":{"line":152,"column":8},"end":{"line":152,"column":49}},"75":{"start":{"line":153,"column":8},"end":{"line":153,"column":42}},"76":{"start":{"line":158,"column":2},"end":{"line":214,"column":4}},"77":{"start":{"line":193,"column":27},"end":{"line":193,"column":58}}},"fnMap":{"0":{"name":"SessionNoteDialog","decl":{"start":{"line":27,"column":24},"end":{"line":27,"column":41}},"loc":{"start":{"line":33,"column":27},"end":{"line":215,"column":1}},"line":33},"1":{"name":"(anonymous_1)","decl":{"start":{"line":43,"column":21},"end":{"line":43,"column":22}},"loc":{"start":{"line":43,"column":42},"end":{"line":47,"column":3}},"line":43},"2":{"name":"(anonymous_2)","decl":{"start":{"line":49,"column":37},"end":{"line":49,"column":38}},"loc":{"start":{"line":49,"column":43},"end":{"line":75,"column":3}},"line":49},"3":{"name":"(anonymous_3)","decl":{"start":{"line":59,"column":39},"end":{"line":59,"column":40}},"loc":{"start":{"line":59,"column":45},"end":{"line":74,"column":5}},"line":59},"4":{"name":"(anonymous_4)","decl":{"start":{"line":60,"column":19},"end":{"line":60,"column":20}},"loc":{"start":{"line":60,"column":29},"end":{"line":73,"column":7}},"line":60},"5":{"name":"(anonymous_5)","decl":{"start":{"line":66,"column":57},"end":{"line":66,"column":58}},"loc":{"start":{"line":66,"column":63},"end":{"line":69,"column":11}},"line":66},"6":{"name":"(anonymous_6)","decl":{"start":{"line":77,"column":27},"end":{"line":77,"column":28}},"loc":{"start":{"line":77,"column":74},"end":{"line":84,"column":3}},"line":77},"7":{"name":"(anonymous_7)","decl":{"start":{"line":86,"column":24},"end":{"line":86,"column":25}},"loc":{"start":{"line":86,"column":52},"end":{"line":91,"column":3}},"line":86},"8":{"name":"(anonymous_8)","decl":{"start":{"line":93,"column":23},"end":{"line":93,"column":24}},"loc":{"start":{"line":93,"column":35},"end":{"line":114,"column":3}},"line":93},"9":{"name":"(anonymous_9)","decl":{"start":{"line":116,"column":12},"end":{"line":116,"column":13}},"loc":{"start":{"line":116,"column":18},"end":{"line":143,"column":3}},"line":116},"10":{"name":"(anonymous_10)","decl":{"start":{"line":133,"column":11},"end":{"line":133,"column":12}},"loc":{"start":{"line":133,"column":17},"end":{"line":142,"column":5}},"line":133},"11":{"name":"(anonymous_11)","decl":{"start":{"line":145,"column":12},"end":{"line":145,"column":13}},"loc":{"start":{"line":145,"column":18},"end":{"line":156,"column":3}},"line":145},"12":{"name":"(anonymous_12)","decl":{"start":{"line":146,"column":11},"end":{"line":146,"column":12}},"loc":{"start":{"line":146,"column":17},"end":{"line":155,"column":5}},"line":146},"13":{"name":"(anonymous_13)","decl":{"start":{"line":193,"column":21},"end":{"line":193,"column":22}},"loc":{"start":{"line":193,"column":27},"end":{"line":193,"column":58}},"line":193}},"branchMap":{"0":{"loc":{"start":{"line":50,"column":4},"end":{"line":52,"column":5}},"type":"if","locations":[{"start":{"line":50,"column":4},"end":{"line":52,"column":5}},{"start":{},"end":{}}],"line":50},"1":{"loc":{"start":{"line":53,"column":4},"end":{"line":56,"column":5}},"type":"if","locations":[{"start":{"line":53,"column":4},"end":{"line":56,"column":5}},{"start":{},"end":{}}],"line":53},"2":{"loc":{"start":{"line":61,"column":8},"end":{"line":71,"column":9}},"type":"if","locations":[{"start":{"line":61,"column":8},"end":{"line":71,"column":9}},{"start":{},"end":{}}],"line":61},"3":{"loc":{"start":{"line":62,"column":10},"end":{"line":65,"column":11}},"type":"if","locations":[{"start":{"line":62,"column":10},"end":{"line":65,"column":11}},{"start":{},"end":{}}],"line":62},"4":{"loc":{"start":{"line":81,"column":4},"end":{"line":83,"column":5}},"type":"if","locations":[{"start":{"line":81,"column":4},"end":{"line":83,"column":5}},{"start":{},"end":{}}],"line":81},"5":{"loc":{"start":{"line":87,"column":4},"end":{"line":90,"column":5}},"type":"if","locations":[{"start":{"line":87,"column":4},"end":{"line":90,"column":5}},{"start":{},"end":{}}],"line":87},"6":{"loc":{"start":{"line":87,"column":8},"end":{"line":87,"column":53}},"type":"binary-expr","locations":[{"start":{"line":87,"column":9},"end":{"line":87,"column":18}},{"start":{"line":87,"column":22},"end":{"line":87,"column":31}},{"start":{"line":87,"column":36},"end":{"line":87,"column":53}}],"line":87},"7":{"loc":{"start":{"line":107,"column":13},"end":{"line":107,"column":54}},"type":"cond-expr","locations":[{"start":{"line":107,"column":40},"end":{"line":107,"column":49}},{"start":{"line":107,"column":52},"end":{"line":107,"column":54}}],"line":107},"8":{"loc":{"start":{"line":117,"column":4},"end":{"line":131,"column":5}},"type":"if","locations":[{"start":{"line":117,"column":4},"end":{"line":131,"column":5}},{"start":{"line":122,"column":11},"end":{"line":131,"column":5}}],"line":117},"9":{"loc":{"start":{"line":123,"column":6},"end":{"line":126,"column":7}},"type":"if","locations":[{"start":{"line":123,"column":6},"end":{"line":126,"column":7}},{"start":{},"end":{}}],"line":123},"10":{"loc":{"start":{"line":127,"column":6},"end":{"line":130,"column":7}},"type":"if","locations":[{"start":{"line":127,"column":6},"end":{"line":130,"column":7}},{"start":{},"end":{}}],"line":127},"11":{"loc":{"start":{"line":134,"column":6},"end":{"line":137,"column":7}},"type":"if","locations":[{"start":{"line":134,"column":6},"end":{"line":137,"column":7}},{"start":{},"end":{}}],"line":134},"12":{"loc":{"start":{"line":138,"column":6},"end":{"line":141,"column":7}},"type":"if","locations":[{"start":{"line":138,"column":6},"end":{"line":141,"column":7}},{"start":{},"end":{}}],"line":138},"13":{"loc":{"start":{"line":147,"column":6},"end":{"line":150,"column":7}},"type":"if","locations":[{"start":{"line":147,"column":6},"end":{"line":150,"column":7}},{"start":{},"end":{}}],"line":147},"14":{"loc":{"start":{"line":151,"column":6},"end":{"line":154,"column":7}},"type":"if","locations":[{"start":{"line":151,"column":6},"end":{"line":154,"column":7}},{"start":{},"end":{}}],"line":151},"15":{"loc":{"start":{"line":203,"column":13},"end":{"line":203,"column":43}},"type":"cond-expr","locations":[{"start":{"line":203,"column":23},"end":{"line":203,"column":34}},{"start":{"line":203,"column":37},"end":{"line":203,"column":43}}],"line":203}},"s":{"0":92,"1":92,"2":92,"3":92,"4":92,"5":92,"6":92,"7":92,"8":92,"9":92,"10":92,"11":92,"12":38,"13":14,"14":38,"15":0,"16":0,"17":38,"18":38,"19":331,"20":331,"21":4,"22":3,"23":3,"24":4,"25":3,"26":3,"27":4,"28":327,"29":92,"30":14,"31":14,"32":14,"33":14,"34":92,"35":3,"36":3,"37":3,"38":92,"39":14,"40":14,"41":14,"42":14,"43":11,"44":10,"45":4,"46":14,"47":14,"48":14,"49":92,"50":29,"51":24,"52":24,"53":24,"54":24,"55":5,"56":0,"57":0,"58":5,"59":0,"60":0,"61":29,"62":29,"63":21,"64":21,"65":29,"66":1,"67":1,"68":92,"69":26,"70":26,"71":0,"72":0,"73":26,"74":0,"75":0,"76":92,"77":1},"f":{"0":92,"1":92,"2":38,"3":331,"4":331,"5":3,"6":14,"7":3,"8":14,"9":29,"10":29,"11":26,"12":26,"13":1},"b":{"0":[14,24],"1":[0,38],"2":[4,327],"3":[3,1],"4":[14,0],"5":[3,0],"6":[3,1,3],"7":[8,2],"8":[24,5],"9":[0,5],"10":[0,5],"11":[21,8],"12":[1,28],"13":[0,26],"14":[0,26],"15":[16,76]},"_coverageSchema":"1a1c01bbd47fc00a2c39e90264f33305004495a9","hash":"a46eeb72bf574c78e99f132b9374432ee8c46abd"}
,"/Users/user/Documents/Projects/Code/pomofit/components/sw-error-handler.tsx": {"path":"/Users/user/Documents/Projects/Code/pomofit/components/sw-error-handler.tsx","statementMap":{"0":{"start":{"line":8,"column":20},"end":{"line":8,"column":30}},"1":{"start":{"line":9,"column":34},"end":{"line":9,"column":49}},"2":{"start":{"line":11,"column":2},"end":{"line":67,"column":14}},"3":{"start":{"line":13,"column":24},"end":{"line":26,"column":5}},"4":{"start":{"line":14,"column":6},"end":{"line":25,"column":7}},"5":{"start":{"line":15,"column":8},"end":{"line":15,"column":71}},"6":{"start":{"line":16,"column":8},"end":{"line":16,"column":26}},"7":{"start":{"line":19,"column":8},"end":{"line":24,"column":11}},"8":{"start":{"line":29,"column":28},"end":{"line":42,"column":5}},"9":{"start":{"line":30,"column":6},"end":{"line":41,"column":7}},"10":{"start":{"line":31,"column":8},"end":{"line":31,"column":73}},"11":{"start":{"line":32,"column":8},"end":{"line":32,"column":26}},"12":{"start":{"line":35,"column":8},"end":{"line":40,"column":11}},"13":{"start":{"line":45,"column":29},"end":{"line":56,"column":5}},"14":{"start":{"line":46,"column":6},"end":{"line":55,"column":7}},"15":{"start":{"line":47,"column":8},"end":{"line":47,"column":62}},"16":{"start":{"line":50,"column":8},"end":{"line":54,"column":11}},"17":{"start":{"line":58,"column":4},"end":{"line":58,"column":50}},"18":{"start":{"line":59,"column":4},"end":{"line":59,"column":55}},"19":{"start":{"line":60,"column":4},"end":{"line":60,"column":67}},"20":{"start":{"line":62,"column":4},"end":{"line":66,"column":6}},"21":{"start":{"line":63,"column":6},"end":{"line":63,"column":55}},"22":{"start":{"line":64,"column":6},"end":{"line":64,"column":60}},"23":{"start":{"line":65,"column":6},"end":{"line":65,"column":72}},"24":{"start":{"line":70,"column":2},"end":{"line":86,"column":3}},"25":{"start":{"line":71,"column":4},"end":{"line":85,"column":6}},"26":{"start":{"line":79,"column":25},"end":{"line":79,"column":49}},"27":{"start":{"line":88,"column":2},"end":{"line":88,"column":14}}},"fnMap":{"0":{"name":"ServiceWorkerErrorHandler","decl":{"start":{"line":7,"column":24},"end":{"line":7,"column":49}},"loc":{"start":{"line":7,"column":52},"end":{"line":89,"column":1}},"line":7},"1":{"name":"(anonymous_1)","decl":{"start":{"line":11,"column":12},"end":{"line":11,"column":13}},"loc":{"start":{"line":11,"column":18},"end":{"line":67,"column":3}},"line":11},"2":{"name":"(anonymous_2)","decl":{"start":{"line":13,"column":24},"end":{"line":13,"column":25}},"loc":{"start":{"line":13,"column":47},"end":{"line":26,"column":5}},"line":13},"3":{"name":"(anonymous_3)","decl":{"start":{"line":29,"column":28},"end":{"line":29,"column":29}},"loc":{"start":{"line":29,"column":62},"end":{"line":42,"column":5}},"line":29},"4":{"name":"(anonymous_4)","decl":{"start":{"line":45,"column":29},"end":{"line":45,"column":30}},"loc":{"start":{"line":45,"column":52},"end":{"line":56,"column":5}},"line":45},"5":{"name":"(anonymous_5)","decl":{"start":{"line":62,"column":11},"end":{"line":62,"column":12}},"loc":{"start":{"line":62,"column":17},"end":{"line":66,"column":5}},"line":62},"6":{"name":"(anonymous_6)","decl":{"start":{"line":79,"column":19},"end":{"line":79,"column":20}},"loc":{"start":{"line":79,"column":25},"end":{"line":79,"column":49}},"line":79}},"branchMap":{"0":{"loc":{"start":{"line":14,"column":6},"end":{"line":25,"c
[...]
,"decl":{"start":{"line":13,"column":31},"end":{"line":13,"column":32}},"loc":{"start":{"line":13,"column":37},"end":{"line":15,"column":5}},"line":13},"3":{"name":"(anonymous_3)","decl":{"start":{"line":17,"column":11},"end":{"line":17,"column":12}},"loc":{"start":{"line":17,"column":17},"end":{"line":19,"column":5}},"line":17},"4":{"name":"useThrottle","decl":{"start":{"line":31,"column":16},"end":{"line":31,"column":27}},"loc":{"start":{"line":31,"column":59},"end":{"line":57,"column":1}},"line":31},"5":{"name":"(anonymous_5)","decl":{"start":{"line":36,"column":12},"end":{"line":36,"column":13}},"loc":{"start":{"line":36,"column":18},"end":{"line":54,"column":3}},"line":36},"6":{"name":"(anonymous_6)","decl":{"start":{"line":46,"column":38},"end":{"line":46,"column":39}},"loc":{"start":{"line":46,"column":44},"end":{"line":49,"column":7}},"line":46},"7":{"name":"(anonymous_7)","decl":{"start":{"line":51,"column":11},"end":{"line":51,"column":12}},"loc":{"start":{"line":51,"column":17},"end":{"line":53,"column":5}},"line":51}},"branchMap":{"0":{"loc":{"start":{"line":37,"column":4},"end":{"line":37,"column":41}},"type":"if","locations":[{"start":{"line":37,"column":4},"end":{"line":37,"column":41}},{"start":{},"end":{}}],"line":37},"1":{"loc":{"start":{"line":39,"column":4},"end":{"line":50,"column":5}},"type":"if","locations":[{"start":{"line":39,"column":4},"end":{"line":50,"column":5}},{"start":{"line":43,"column":11},"end":{"line":50,"column":5}}],"line":39},"2":{"loc":{"start":{"line":39,"column":8},"end":{"line":39,"column":73}},"type":"binary-expr","locations":[{"start":{"line":39,"column":8},"end":{"line":39,"column":34}},{"start":{"line":39,"column":38},"end":{"line":39,"column":73}}],"line":39},"3":{"loc":{"start":{"line":42,"column":6},"end":{"line":42,"column":63}},"type":"if","locations":[{"start":{"line":42,"column":6},"end":{"line":42,"column":63}},{"start":{},"end":{}}],"line":42},"4":{"loc":{"start":{"line":44,"column":6},"end":{"line":44,"column":63}},"type":"if","locations":[{"start":{"line":44,"column":6},"end":{"line":44,"column":63}},{"start":{},"end":{}}],"line":44},"5":{"loc":{"start":{"line":52,"column":6},"end":{"line":52,"column":63}},"type":"if","locations":[{"start":{"line":52,"column":6},"end":{"line":52,"column":63}},{"start":{},"end":{}}],"line":52}},"s":{"0":12,"1":12,"2":9,"3":3,"4":9,"5":9,"6":12,"7":16,"8":16,"9":16,"10":16,"11":16,"12":9,"13":7,"14":7,"15":4,"16":4,"17":4,"18":0,"19":3,"20":1,"21":3,"22":3,"23":2,"24":2,"25":7,"26":7,"27":3,"28":16},"f":{"0":12,"1":9,"2":3,"3":9,"4":16,"5":16,"6":2,"7":7},"b":{"0":[9,7],"1":[4,3],"2":[7,4],"3":[0,4],"4":[1,2],"5":[3,4]},"_coverageSchema":"1a1c01bbd47fc00a2c39e90264f33305004495a9","hash":"5d46d0da9fd5eb7f0b42456ff2d3d5d9c8266fd0"}
,"/Users/user/Documents/Projects/Code/pomofit/lib/hooks/use-memoized-callback.ts": {"path":"/Users/user/Documents/Projects/Code/pomofit/lib/hooks/use-memoized-callback.ts","statementMap":{"0":{"start":{"line":13,"column":22},"end":{"line":13,"column":38}},"1":{"start":{"line":15,"column":2},"end":{"line":15,"column":33}},"2":{"start":{"line":17,"column":2},"end":{"line":19,"column":16}},"3":{"start":{"line":18,"column":4},"end":{"line":18,"column":40}},"4":{"start":{"line":32,"column":2},"end":{"line":32,"column":32}},"5":{"start":{"line":41,"column":19},"end":{"line":41,"column":30}},"6":{"start":{"line":42,"column":18},"end":{"line":42,"column":42}},"7":{"start":{"line":44,"column":15},"end":{"line":44,"column":31}},"8":{"start":{"line":46,"column":4},"end":{"line":47,"column":80}},"9":{"start":{"line":47,"column":23},"end":{"line":47,"column":79}},"10":{"start":{"line":49,"column":2},"end":{"line":52,"column":3}},"11":{"start":{"line":50,"column":4},"end":{"line":50,"column":27}},"12":{"start":{"line":51,"column":4},"end":{"line":51,"column":27}},"13":{"start":{"line":54,"column":2},"end":{"line":54,"column":26}}},"fnMap":{"0":{"name":"useMemoizedCallback","decl":{"start":{"line":9,"column":16},"end":{"line":9,"column":35}},"loc":{"start":{"line":12,"column":5},"end":{"line":20,"column":1}},"line":12},"1":{"name":"(anonymous_1)","decl":{"start":{"line":17,"column":21},"end":{"line":17,"column":22}},"loc":{"start":{"line":17,"column":49},"end":{"line":19,"column":3}},"line":17},"2":{"name":"useMemoizedValue","decl":{"start":{"line":28,"column":16},"end":{"line":28,"column":32}},"loc":{"start":{"line":31,"column":5},"end":{"line":33,"column":1}},"line":31},"3":{"name":"useMemoizedObject","decl":{"start":{"line":40,"column":16},"end":{"line":40,"column":33}},"loc":{"start":{"line":40,"column":80},"end":{"line":55,"column":1}},"line":40},"4":{"name":"(anonymous_4)","decl":{"start":{"line":47,"column":14},"end":{"line":47,"column":15}},"loc":{"start":{"line":47,"column":23},"end":{"line":47,"column":79}},"line":47}},"branchMap":{"0":{"loc":{"start":{"line":46,"column":4},"end":{"line":47,"column":80}},"type":"binary-expr","locations":[{"start":{"line":46,"column":4},"end":{"line":46,"column":42}},{"start":{"line":47,"column":4},"end":{"line":47,"column":80}}],"line":46},"1":{"loc":{"start":{"line":49,"column":2},"end":{"line":52,"column":3}},"type":"if","locations":[{"start":{"line":49,"column":2},"end":{"line":52,"column":3}},{"start":{},"end":{}}],"line":49}},"s":{"0":4,"1":4,"2":4,"3":0,"4":0,"5":0,"6":0,"7":0,"8":0,"9":0,"10":0,"11":0,"12":0,"13":0},"f":{"0":4,"1":0,"2":0,"3":0,"4":0},"b":{"0":[0,0],"1":[0,0]},"_coverageSchema":"1a1c01bbd47fc00a2c39e90264f33305004495a9","hash":"347b076c3c618a8cd08027949ea5c08dc3d7ea71"}
,"/Users/user/Documents/Projects/Code/pomofit/lib/utils/performance.ts": {"path":"/Users/user/Documents/Projects/Code/pomofit/lib/utils/performance.ts","statementMap":{"0":{"start":{"line":7,"column":36},"end":{"line":7,"column":37}},"1":{"start":{"line":8,"column":28},"end":{"line":8,"column":29}},"2":{"start":{"line":9,"column":26},"end":{"line":9,"column":36}},"3":{"start":{"line":10,"column":36},"end":{"line":10,"column":41}},"4":{"start":{"line":13,"column":4},"end":{"line":13,"column":35}},"5":{"start":{"line":14,"column":4},"end":{"line":14,"column":27}},"6":{"start":{"line":18,"column":4},"end":{"line":18,"column":27}},"7":{"start":{"line":19,"column":4},"end":{"line":19,"column":27}},"8":{"start":{"line":23,"column":16},"end":{"line":23,"column":26}},"9":{"start":{"line":26,"column":4},"end":{"line":30,"column":5}},"10":{"start":{"line":27,"column":6},"end":{"line":27,"column":27}},"11":{"start":{"line":28,"column":6},"end":{"line":28,"column":31}},"12":{"start":{"line":29,"column":6},"end":{"line":29,"column":13}},"13":{"start":{"line":33,"column":4},"end":{"line":37,"column":5}},"14":{"start":{"line":34,"column":6},"end":{"line":36,"column":8}},"15":{"start":{"line":40,"column":4},"end":{"line":44,"column":5}},"16":{"start":{"line":41,"column":6},"end":{"line":43,"column":8}},"17":{"start":{"line":48,"column":4},"end":{"line":48,"column":37}},"18":{"start":{"line":49,"column":4},"end":{"line":49,"column":29}},"19":{"start":{"line":53,"column":4},"end":{"line":57,"column":6}},"20":{"start":{"line":67,"column":2},"end":{"line":74,"column":3}},"21":{"start":{"line":68,"column":19},"end":{"line":68,"column":46}},"22":{"start":{"line":69,"column":4},"end":{"line":73,"column":6}},"23":{"start":{"line":75,"column":2},"end":{"line":75,"column":46}},"24":{"start":{"line":80,"column":23},"end":{"line":80,"column":24}},"25":{"start":{"line":81,"column":21},"end":{"line":81,"column":38}},"26":{"start":{"line":82,"column":16},"end":{"line":82,"column":17}},"27":{"start":{"line":83,"column":22},"end":{"line":83,"column":27}},"28":{"start":{"line":86,"column":4},"end":{"line":86,"column":26}},"29":{"start":{"line":87,"column":4},"end":{"line":87,"column":28}},"30":{"start":{"line":91,"column":4},"end":{"line":91,"column":27}},"31":{"start":{"line":95,"column":4},"end":{"line":95,"column":20}},"32":{"start":{"line":99,"column":4},"end":{"line":99,"column":32}},"33":{"start":{"line":99,"column":25},"end":{"line":99,"column":32}},"34":{"start":{"line":101,"column":4},"end":{"line":101,"column":22}},"35":{"start":{"line":102,"column":24},"end":{"line":102,"column":41}},"36":{"start":{"line":103,"column":22},"end":{"line":103,"column":49}},"37":{"start":{"line":105,"column":4},"end":{"line":109,"column":5}},"38":{"start":{"line":106,"column":6},"end":{"line":106,"column":66}},"39":{"start":{"line":107,"column":6},"end":{"line":107,"column":26}},"40":{"start":{"line":108,"column":6},"end":{"line":108,"column":34}},"41":{"start":{"line":111,"column":4},"end":{"line":111,"column":57}},"42":{"start":{"line":111,"column":32},"end":{"line":111,"column":55}},"43":{"start":{"line":121,"column":2},"end":{"line":124,"column":4}},"44":{"start":{"line":122,"column":4},"end":{"line":122,"column":26}},"45":{"start":{"line":123,"column":4},"end":{"line":123,"column":52}},"46":{"start":{"line":123,"column":31},"end":{"line":123,"column":44}},"47":{"start":{"line":133,"column":2},"end":{"line":139,"column":4}},"48":{"start":{"line":134,"column":4},"end":{"line":138,"column":5}},"49":{"start":{"line":135,"column":6},"end":{"line":135,"column":20}},"50":{"start":{"line":136,"column":6},"end":{"line":136,"column":24}},"51":{"start":{"line":137,"column":6},"end":{"line":137,"column":52}},"52":{"start":{"line":137,"column":24},"end":{"line":137,"column":42}},"53":{"start":{"line":144,"column":39},"end":{"line":144,"column":41}},"54":{"start":{"line":145,"column":22},"end":{"line":145,"column":27}},"55":{"start":{"line":148,"column":4},"end":{"line":148,"column":30}},"56":{"start":{"line":149,"column":4},"end":{"line":152,"column":5}},"57":{"start":{"line":150,"column":6},"end":{"line":150,"column":28}},"58":{"start":{"line":151,"column":6},"end":{"line":151,"column":48}},"59":{"start":{"line":151,"column":34},"end":{"line":151,"column":46}},"60":{"start":{"line":156,"column":20},"end":{"line":156,"column":32}},"61":{"start":{"line":157,"column":4},"end":{"line":157,"column":22}},"62":{"start":{"line":158,"column":4},"end":{"line":158,"column":27}},"63":{"start":{"line":159,"column":4},"end":{"line":159,"column":42}},"64":{"start":{"line":159,"column":32},"end":{"line":159,"column":40}},"65":{"start":{"line":164,"column":34},"end":{"line":164,"column":58}},"66":{"start":{"line":167,"column":37},"end":{"line":180,"column":1}},"67":{"start":{"line":169,"column":4},"end":{"line":169,"column":53}},"68":{"start":{"line":170,"column":4},"end":{"line":170,"column":37}},"69":{"start":{"line":173,"column":4},"end":{"line":173,"column":53}},"70":{"start":{"line":174,"column":4},"end":{"line":174,"column":44}},"71":{"start":{"line":177,"column":4},"end":{"line":177,"column":53}},"72":{"start":{"line":178,"column":4},"end":{"line":178,"column":40}},"73":{"start":{"line":183,"column":32},"end":{"line":196,"column":1}},"74":{"start":{"line":185,"column":4},"end":{"line":185,"column":45}},"75":{"start":{"line":186,"column":4},"end":{"line":186,"column":25}},"76":{"start":{"line":189,"column":4},"end":{"line":189,"column":45}},"77":{"start":{"line":190,"column":4},"end":{"line":190,"column":26}},"78":{"start":{"line":193,"column":4},"end":{"line":193,"column":45}},"79":{"start":{"line":194,"column":4},"end":{"line":194,"column":27}}},"fnMap":{"0":{"name":"(anonymous_0)","decl":{"start":{"line":12,"column":2},"end":{"line":12,"column":3}},"loc":{"start":{"line":12,"column":32},"end":{"line":15,"column":3}},"line":12},"1":{"name":"(anonymous_1)","decl":{"start":{"line":17,"column":2},"end":{"line":17,"column":3}},"loc":{"start":{"line":17,"column":24},"end":{"line":20,"column":3}},"line":17},"2":{"name":"(anonymous_2)","decl":{"start":{"line":22,"column":2},"end":{"line":22,"column":3}},"loc":{"start":{"line":22,"column":28},"end":{"line":45,"column":3}},"line":22},"3":{"name":"(anonymous_3)","decl":{"start":{"line":47,"column":2},"end":{"line":47,"column":3}},"loc":{"start":{"line":47,"column":26},"end":{"line":50,"column":3}},"line":47},"4":{"name":"(anonymous_4)","decl":{"start":{"line":52,"column":2},"end":{"line":52,"column":3}},"loc":{"start":{"line":52,"column":13},"end":{"line":58,"column":3}},"line":52},"5":{"name":"getMemoryUsage","decl":{"start":{"line":62,"column":16},"end":{"line":62,"column":30}},"loc":{"start":{"line":66,"column":2},"end":{"line":76,"column":1}},"line":66},"6":{"name":"(anonymous_6)","decl":{"start":{"line":85,"column":2},"end":{"line":85,"column":3}},"loc":{"start":{"line":85,"column":16},"end":{"line":88,"column":3}},"line":85},"7":{"name":"(anonymous_7)","decl":{"start":{"line":90,"column":2},"end":{"line":90,"column":3}},"loc":{"start":{"line":90,"column":15},"end":{"line":92,"column":3}},"line":90},"8":{"name":"(anonymous_8)","decl":{"start":{"line":94,"column":2},"end":{"line":94,"column":3}},"loc":{"start":{"line":94,"column":19},"end":{"line":96,"column":3}},"line":94},"9":{"name":"(anonymous_9)","decl":{"start":{"line":98,"column":2},"end":{"line":98,"column":3}},"loc":{"start":{"line":98,"column":35},"end":{"line":112,"column":3}},"line":98},"10":{"name":"(anonymous_10)","decl":{"start":{"line":111,"column":26},"end":{"line":111,"column":27}},"loc":{"start":{"line":111,"column":32},"end":{"line":111,"column":55}},"line":111},"11":{"name":"debounce","decl":{"start":{"line":116,"column":16},"end":{"line":116,"column":24}},"loc":{"start":{"line":119,"column":36},"end":{"line":125,"column":1}},"line":119},"12":{"name":"(anonymous_12)","decl":{"start":{"line":121,"column":9},"end":{"line":121,"column":10}},"loc":{"start":{"line":121,"column":37},"end":{"line":124,"column":3}},"line":121},"13":{"name":"(anonymous_13)","decl":{"start":{"line":123,"column":25},"end":{"line":123,"column":26}},"loc":{"start":{"line":123,"column":31},"end":{"line":123,"column":44}},"line":123},"14":{"name":"throttle","decl":{"start":{"line":128,"column":16},"end":{"line":128,"column":24}},"loc":{"start":{"line":131,"column":36},"end":{"line":140,"column":1}},"line":131},"15":{"name":"(anonymous_15)","decl":{"start":{"line":133,"column":9},"end":{"line":133,"column":10}},"loc":{"start":{"line":133,"column":37},"end":{"line":139,"column":3}},"line":133},"16":{"name":"(anonymous_16)","decl":{"start":{"line":137,"column":17},"end":{"line":137,"column":18}},"loc":{"start":{"line":137,"column":24},"end":{"line":137,"column":42}},"line":137},"17":{"name":"(anonymous_17)","decl":{"start":{"line":147,"column":2},"end":{"line":147,"column":3}},"loc":{"start":{"line":147,"column":37},"end":{"line":153,"column":3}},"line":147},"18":{"name":"(anonymous_18)","decl":{"start":{"line":151,"column":28},"end":{"line":151,"column":29}},"loc":{"start":{"line":151,"column":34},"end":{"line":151,"column":46}},"line":151},"19":{"name":"(anonymous_19)","decl":{"start":{"line":155,"column":2},"end":{"line":155,"column":3}},"loc":{"start":{"line":155,"column":24},"end":{"line":160,"column":3}},"line":155},"20":{"name":"(anonymous_20)","decl":{"start":{"line":159,"column":20},"end":{"line":159,"column":21}},"loc":{"start":{"line":159,"column":32},"end":{"line":159,"column":40}},"line":159},"21":{"name":"(anonymous_21)","decl":{"start":{"line":168,"column":11},"end":{"line":168,"column":12}},"loc":{"start":{"line":168,"column":28},"end":{"line":171,"column":3}},"line":168},"22":{"name":"(anonymous_22)","decl":{"start":{"line":172,"column":11},"end":{"line":172,"column":12}},"loc":{"start":{"line":172,"column":43},"end":{"line":175,"column":3}},"line":172},"23":{"name":"(anonymous_23)","decl":{"start":{"line":176,"column":14},"end":{"line":176,"column":15}},"loc":{"start":{"line":176,"column":31},"end":{"line":179,"column":3}},"line":176},"24":{"name":"(anonymous_24)","decl":{"start":{"line":184,"column":7},"end":{"line":184,"column":8}},"loc":{"start":{"line":184,"column":27},"end":{"line":187,"column":3}},"line":184},"25":{"name":"(anonymous_25)","decl":{"start":{"line":188,"column":8},"end":{"line":188,"column":9}},"loc":{"start":{"line":188,"column":28},"end":{"line":191,"column":3}},"line":188},"26":{"name":"(anonymous_26)","decl":{"start":{"line":192,"column":9},"end":{"line":192,"column":10}},"loc":{"start":{"line":192,"column":29},"end":{"line":195,"column":3}},"line":192}},"branchMap":{"0":{"loc":{"start":{"line":26,"column":4},"end":{"line":30,"column":5}},"type":"if","locations":[{"start":{"line":26,"column":4},"end":{"line":30,"column":5}},{"start":{},"end":{}}],"line":26},"1":{"loc":{"start":{"line":33,"column":4},"end":{"line":37,"column":5}},"type":"if","locations":[{"start":{"line":33,"column":4},"end":{"line":37,"column":5}},{"start":{},"end":{}}],"line":33},"2":{"loc":{"start":{"line":40,"column":4},"end":{"line":44,"column":5}},"type":"if","locations":[{"start":{"line":40,"column":4},"end":{"line":44,"column":5}},{"start":{},"end":{}}],"line":40},"3":{"loc":{"start":{"line":67,"column":2},"end":{"line":74,"column":3}},"type":"if","locations":[{"start":{"line":67,"column":2},"end":{"line":74,"column":3}},{"start":{},"end":{}}],"line":67},"4":{"loc":{"start":{"line":67,"column":6},"end":{"line":67,"column":60}},"type":"binary-expr","locations":[{"start":{"line":67,"column":6},"end":{"line":67,"column":29}},{"start":{"line":67,"column":33},"end":{"line":67,"column":60}}],"line":67},"5":{"loc":{"start":{"line":99,"column":4},"end":{"line":99,"column":32}},"type":"if","locations":[{"start":{"line":99,"column":4},"end":{"line":99,"column":32}},{"start":{},"end":{}}],"line":99},"6":{"loc":{"start":{"line":105,"column":4},"end":{"line":109,"column":5}},"type":"if","locations":[{"start":{"line":105,"column":4},"end":{"line":109,"column":5}},{"start":{},"end":{}}],"line":105},"7":{"loc":{"start":{"line":134,"column":4},"end":{"line":138,"column":5}},"type":"if","locations":[{"start":{"line":134,"column":4},"end":{"line":138,"column":5}},{"start":{},"end":{}}],"line":134},"8":{"loc":{"start":{"line":149,"column":4},"end":{"line":152,"column":5}},"type":"if","locations":[{"start":{"line":149,"column":4},"end":{"line":152,"column":5}},{"start":{},"end":{}}],"line":149}},"s":{"0":1,"1":1,"2":1,"3":1,"4":7,"5":7,"6":8,"7":8,"8":15,"9":15,"10":0,"11":0,"12":0,"13":15,"14":0,"15":15,"16":0,"17":0,"18":0,"19":14,"20":2,"21":1,"22":1,"23":1,"24":0,"25":0,"26":0,"27":0,"28":0,"29":0,"30":0,"31":0,"32":0,"33":0,"34":0,"35":0,"36":0,"37":0,"38":0,"39":0,"40":0,"41":0,"42":0,"43":2,"44":4,"45":4,"46":2,"47":2,"48":5,"49":3,"50":3,"51":3,"52":1,"53":0,"54":0,"55":0,"56":0,"57":0,"58":0,"59":0,"60":0,"61":0,"62":0,"63":0,"64":0,"65":1,"66":1,"67":4,"68":4,"69":3,"70":3,"71":0,"72":0,"73":1,"74":4,"75":4,"76":2,"77":2,"78":2,"79":2},"f":{"0":7,"1":8,"2":15,"3":0,"4":14,"5":2,"6":0,"7":0,"8":0,"9":0,"10":0,"11":2,"12":4,"13":2,"14":2,"15":5,"16":1,"17":0,"18":0,"19":0,"20":0,"21":4,"22":3,"23":0,"24":4,"25":2,"26":2},"b":{"0":[0,15],"1":[0,15],"2":[0,15],"3":[1,1],"4":[2,2],"5":[0,0],"6":[0,0],"7":[3,2],"8":[0,0]},"_coverageSchema":"1a1c01bbd47fc00a2c39e90264f33305004495a9","hash":"a02afe3efb5efc1a4c5cb88e590f72a2b9da839f"}
,"/Users/user/Documents/Projects/Code/pomofit/test/test-utils.ts": {"path":"/Users/user/Documents/Projects/Code/pomofit/test/test-utils.ts","statementMap":{"0":{"start":{"line":9,"column":0},"end":{"line":19,"column":4}},"1":{"start":{"line":16,"column":4},"end":{"line":16,"column":21}},"2":{"start":{"line":17,"column":4},"end":{"line":17,"column":33}},"3":{"start":{"line":18,"column":4},"end":{"line":18,"column":31}}},"fnMap":{"0":{"name":"PromiseRejectionEvent","decl":{"start":{"line":11,"column":11},"end":{"line":11,"column":32}},"loc":{"start":{"line":15,"column":4},"end":{"line":19,"column":3}},"line":15}},"branchMap":{"0":{"loc":{"start":{"line":10,"column":2},"end":{"line":19,"column":3}},"type":"binary-expr","locations":[{"start":{"line":10,"column":2},"end":{"line":10,"column":39}},{"start":{"line":11,"column":2},"end":{"line":19,"column":3}}],"line":10}},"s":{"0":9,"1":0,"2":0,"3":0},"f":{"0":0},"b":{"0":[9,9]},"_coverageSchema":"1a1c01bbd47fc00a2c39e90264f33305004495a9","hash":"a3660c757deb4d6f4c432c6e5923be1056cef57b"}
}
