{"/Users/user/Documents/Projects/Code/pomofit/components/offline-indicator.tsx": {"path":"/Users/user/Documents/Projects/Code/pomofit/components/offline-indicator.tsx","statementMap":{"0":{"start":{"line":8,"column":32},"end":{"line":8,"column":47}},"1":{"start":{"line":10,"column":2},"end":{"line":30,"column":9}},"2":{"start":{"line":12,"column":4},"end":{"line":12,"column":46}},"3":{"start":{"line":12,"column":39},"end":{"line":12,"column":46}},"4":{"start":{"line":15,"column":30},"end":{"line":17,"column":5}},"5":{"start":{"line":16,"column":6},"end":{"line":16,"column":36}},"6":{"start":{"line":20,"column":4},"end":{"line":20,"column":24}},"7":{"start":{"line":23,"column":4},"end":{"line":23,"column":57}},"8":{"start":{"line":24,"column":4},"end":{"line":24,"column":58}},"9":{"start":{"line":26,"column":4},"end":{"line":29,"column":6}},"10":{"start":{"line":27,"column":6},"end":{"line":27,"column":62}},"11":{"start":{"line":28,"column":6},"end":{"line":28,"column":63}},"12":{"start":{"line":32,"column":2},"end":{"line":32,"column":28}},"13":{"start":{"line":32,"column":16},"end":{"line":32,"column":28}},"14":{"start":{"line":34,"column":2},"end":{"line":39,"column":4}}},"fnMap":{"0":{"name":"OfflineIndicator","decl":{"start":{"line":7,"column":24},"end":{"line":7,"column":40}},"loc":{"start":{"line":7,"column":43},"end":{"line":40,"column":1}},"line":7},"1":{"name":"(anonymous_1)","decl":{"start":{"line":10,"column":12},"end":{"line":10,"column":13}},"loc":{"start":{"line":10,"column":18},"end":{"line":30,"column":3}},"line":10},"2":{"name":"(anonymous_2)","decl":{"start":{"line":15,"column":30},"end":{"line":15,"column":31}},"loc":{"start":{"line":15,"column":36},"end":{"line":17,"column":5}},"line":15},"3":{"name":"(anonymous_3)","decl":{"start":{"line":26,"column":11},"end":{"line":26,"column":12}},"loc":{"start":{"line":26,"column":17},"end":{"line":29,"column":5}},"line":26}},"branchMap":{"0":{"loc":{"start":{"line":12,"column":4},"end":{"line":12,"column":46}},"type":"if","locations":[{"start":{"line":12,"column":4},"end":{"line":12,"column":46}},{"start":{},"end":{}}],"line":12},"1":{"loc":{"start":{"line":32,"column":2},"end":{"line":32,"column":28}},"type":"if","locations":[{"start":{"line":32,"column":2},"end":{"line":32,"column":28}},{"start":{},"end":{}}],"line":32}},"s":{"0":3,"1":3,"2":2,"3":0,"4":2,"5":2,"6":2,"7":2,"8":2,"9":2,"10":2,"11":2,"12":3,"13":2,"14":1},"f":{"0":3,"1":2,"2":2,"3":2},"b":{"0":[0,2],"1":[2,1]},"_coverageSchema":"1a1c01bbd47fc00a2c39e90264f33305004495a9","hash":"1f5cc9c020031f7677c6a5e7e7a6c105381bcd5e"}
,"/Users/user/Documents/Projects/Code/pomofit/components/pwa-assets-check.tsx": {"path":"/Users/user/Documents/Projects/Code/pomofit/components/pwa-assets-check.tsx","statementMap":{"0":{"start":{"line":7,"column":2},"end":{"line":42,"column":8}},"1":{"start":{"line":8,"column":4},"end":{"line":41,"column":5}},"2":{"start":{"line":9,"column":29},"end":{"line":15,"column":7}},"3":{"start":{"line":18,"column":6},"end":{"line":40,"column":8}},"4":{"start":{"line":20,"column":10},"end":{"line":31,"column":14}},"5":{"start":{"line":22,"column":14},"end":{"line":25,"column":15}},"6":{"start":{"line":23,"column":16},"end":{"line":23,"column":70}},"7":{"start":{"line":24,"column":16},"end":{"line":24,"column":28}},"8":{"start":{"line":26,"column":14},"end":{"line":26,"column":25}},"9":{"start":{"line":29,"column":14},"end":{"line":29,"column":68}},"10":{"start":{"line":30,"column":14},"end":{"line":30,"column":26}},"11":{"start":{"line":34,"column":25},"end":{"line":34,"column":47}},"12":{"start":{"line":35,"column":8},"end":{"line":39,"column":9}},"13":{"start":{"line":36,"column":10},"end":{"line":36,"column":56}},"14":{"start":{"line":38,"column":10},"end":{"line":38,"column":64}},"15":{"start":{"line":44,"column":2},"end":{"line":44,"column":13}}},"fnMap":{"0":{"name":"PWAAssetsCheck","decl":{"start":{"line":6,"column":24},"end":{"line":6,"column":38}},"loc":{"start":{"line":6,"column":41},"end":{"line":45,"column":1}},"line":6},"1":{"name":"(anonymous_1)","decl":{"start":{"line":7,"column":12},"end":{"line":7,"column":13}},"loc":{"start":{"line":7,"column":18},"end":{"line":42,"column":3}},"line":7},"2":{"name":"(anonymous_2)","decl":{"start":{"line":19,"column":27},"end":{"line":19,"column":28}},"loc":{"start":{"line":20,"column":10},"end":{"line":31,"column":14}},"line":20},"3":{"name":"(anonymous_3)","decl":{"start":{"line":21,"column":18},"end":{"line":21,"column":19}},"loc":{"start":{"line":21,"column":32},"end":{"line":27,"column":13}},"line":21},"4":{"name":"(anonymous_4)","decl":{"start":{"line":28,"column":19},"end":{"line":28,"column":20}},"loc":{"start":{"line":28,"column":25},"end":{"line":31,"column":13}},"line":28},"5":{"name":"(anonymous_5)","decl":{"start":{"line":33,"column":13},"end":{"line":33,"column":14}},"loc":{"start":{"line":33,"column":26},"end":{"line":40,"column":7}},"line":33}},"branchMap":{"0":{"loc":{"start":{"line":8,"column":4},"end":{"line":41,"column":5}},"type":"if","locations":[{"start":{"line":8,"column":4},"end":{"line":41,"column":5}},{"start":{},"end":{}}],"line":8},"1":{"loc":{"start":{"line":22,"column":14},"end":{"line":25,"column":15}},"type":"if","locations":[{"start":{"line":22,"column":14},"end":{"line":25,"column":15}},{"start":{},"end":{}}],"line":22},"2":{"loc":{"start":{"line":35,"column":8},"end":{"line":39,"column":9}},"type":"if","locations":[{"start":{"line":35,"column":8},"end":{"line":39,"column":9}},{"start":{"line":37,"column":15},"end":{"line":39,"column":9}}],"line":35}},"s":{"0":2,"1":2,"2":2,"3":2,"4":10,"5":10,"6":1,"7":1,"8":9,"9":0,"10":0,"11":2,"12":2,"13":1,"14":1,"15":2},"f":{"0":2,"1":2,"2":10,"3":10,"4":0,"5":2},"b":{"0":[2,0],"1":[1,9],"2":[1,1]},"_coverageSchema":"1a1c01bbd47fc00a2c39e90264f33305004495a9","hash":"ad48490a3534a66bc237d4b145a1d039105f26db"}
,"/Users/user/Documents/Projects/Code/pomofit/components/pwa-install-prompt.tsx": {"path":"/Users/user/Documents/Projects/Code/pomofit/components/pwa-install-prompt.tsx","statementMap":{"0":{"start":{"line":10,"column":46},"end":{"line":10,"column":65}},"1":{"start":{"line":11,"column":52},"end":{"line":11,"column":67}},"2":{"start":{"line":12,"column":36},"end":{"line":12,"column":51}},"3":{"start":{"line":14,"column":2},"end":{"line":54,"column":9}},"4":{"start":{"line":16,"column":4},"end":{"line":18,"column":5}},"5":{"start":{"line":17,"column":6},"end":{"line":17,"column":13}},"6":{"start":{"line":21,"column":28},"end":{"line":21,"column":72}},"7":{"start":{"line":22,"column":4},"end":{"line":28,"column":5}},"8":{"start":{"line":27,"column":6},"end":{"line":27,"column":13}},"9":{"start":{"line":30,"column":38},"end":{"line":37,"column":5}},"10":{"start":{"line":32,"column":6},"end":{"line":32,"column":25}},"11":{"start":{"line":34,"column":6},"end":{"line":34,"column":27}},"12":{"start":{"line":36,"column":6},"end":{"line":36,"column":33}},"13":{"start":{"line":39,"column":4},"end":{"line":39,"column":78}},"14":{"start":{"line":42,"column":4},"end":{"line":46,"column":7}},"15":{"start":{"line":43,"column":6},"end":{"line":43,"column":39}},"16":{"start":{"line":44,"column":6},"end":{"line":44,"column":34}},"17":{"start":{"line":45,"column":6},"end":{"line":45,"column":30}},"18":{"start":{"line":48,"column":4},"end":{"line":53,"column":6}},"19":{"start":{"line":49,"column":6},"end":{"line":52,"column":8}},"20":{"start":{"line":56,"column":29},"end":{"line":75,"column":3}},"21":{"start":{"line":57,"column":4},"end":{"line":57,"column":32}},"22":{"start":{"line":57,"column":25},"end":{"line":57,"column":32}},"23":{"start":{"line":60,"column":4},"end":{"line":60,"column":28}},"24":{"start":{"line":63,"column":4},"end":{"line":74,"column":7}},"25":{"start":{"line":64,"column":6},"end":{"line":70,"column":7}},"26":{"start":{"line":65,"column":8},"end":{"line":65,"column":56}},"27":{"start":{"line":67,"column":8},"end":{"line":67,"column":57}},"28":{"start":{"line":69,"column":8},"end":{"line":69,"column":76}},"29":{"start":{"line":72,"column":6},"end":{"line":72,"column":30}},"30":{"start":{"line":73,"column":6},"end":{"line":73,"column":34}},"31":{"start":{"line":77,"column":24},"end":{"line":82,"column":3}},"32":{"start":{"line":78,"column":4},"end":{"line":78,"column":23}},"33":{"start":{"line":79,"column":4},"end":{"line":79,"column":32}},"34":{"start":{"line":81,"column":4},"end":{"line":81,"column":72}},"35":{"start":{"line":84,"column":2},"end":{"line":84,"column":51}},"36":{"start":{"line":84,"column":39},"end":{"line":84,"column":51}},"37":{"start":{"line":86,"column":2},"end":{"line":123,"column":4}}},"fnMap":{"0":{"name":"PWAInstallPrompt","decl":{"start":{"line":9,"column":24},"end":{"line":9,"column":40}},"loc":{"start":{"line":9,"column":43},"end":{"line":124,"column":1}},"line":9},"1":{"name":"(anonymous_1)","decl":{"start":{"line":14,"column":12},"end":{"line":14,"column":13}},"loc":{"start":{"line":14,"column":18},"end":{"line":54,"column":3}},"line":14},"2":{"name":"(anonymous_2)","decl":{"start":{"line":30,"column":38},"end":{"line":30,"column":39}},"loc":{"start":{"line":30,"column":52},"end":{"line":37,"column":5}},"line":30},"3":{"name":"(anonymous_3)","decl":{"start":{"line":42,"column":44},"end":{"line":42,"column":45}},"loc":{"start":{"line":42,"column":50},"end":{"line":46,"column":5}},"line":42},"4":{"name":"(anonymous_4)","decl":{"start":{"line":48,"column":11},"end":{"line":48,"column":12}},"loc":{"start":{"line":48,"column":17},"end":{"line":53,"column":5}},"line":48},"5":{"name":"(anonymous_5)","decl":{"start":{"line":56,"column":29},"end":{"line":56,"column":30}},"loc":{"start":{"line":56,"column":35},"end":{"line":75,"column":3}},"line":56},"6":{"name":"(anonymous_6)","decl":{"start":{"line":63,"column":35},"end":{"line":63,"column":36}},"loc":{"start":{"line":63,"column":74},"end":{"line":74,"column":5}},"line":63},"7":{"name":"(anonymous_7)","decl":{"start":{"line":77,"column":24},"end":{"line":77,"column":25}},"loc":{"start":{"line":77,"column":30},"end":{"line":82,"column":3}},"line":77}},"branchMap":{"0":{"loc":{"start":{"line":16,"column":4},"end":{"line":18,"column":5}},"type":"if","locations":[{"start":{"line":16,"column":4},"end":{"line":18,"column":5}},{"start":{},"end":{}}],"line":16},"1":{"loc":{"start":{"line":22,"column":4},"end":{"line":28,"column":5}},"type":"if","locations":[{"start":{"line":22,"column":4},"end":{"line":28,"column":5}},{"start":{},"end":{}}],"line":22},"2":{"loc":{"start":{"line":23,"column":6},"end":{"line":24,"column":77}},"type":"binary-expr","locations":[{"start":{"line":23,"column":6},"end":{"line":23,"column":21}},{"start":{"line":24,"column":6},"end":{"line":24,"column":77}}],"line":23},"3":{"loc":{"start":{"line":57,"column":4},"end":{"line":57,"column":32}},"type":"if","locations":[{"start":{"line":57,"column":4},"end":{"line":57,"column":32}},{"start":{},"end":{}}],"line":57},"4":{"loc":{"start":{"line":64,"column":6},"end":{"line":70,"column":7}},"type":"if","locations":[{"start":{"line":64,"column":6},"end":{"line":70,"column":7}},{"start":{"line":66,"column":13},"end":{"line":70,"column":7}}],"line":64},"5":{"loc":{"start":{"line":84,"column":2},"end":{"line":84,"column":51}},"type":"if","locations":[{"start":{"line":84,"column":2},"end":{"line":84,"column":51}},{"start":{},"end":{}}],"line":84},"6":{"loc":{"start":{"line":84,"column":6},"end":{"line":84,"column":37}},"type":"binary-expr","locations":[{"start":{"line":84,"column":6},"end":{"line":84,"column":24}},{"start":{"line":84,"column":28},"end":{"line":84,"column":37}}],"line":84}},"s":{"0":5,"1":5,"2":5,"3":5,"4":2,"5":0,"6":2,"7":2,"8":0,"9":2,"10":2,"11":2,"12":2,"13":2,"14":2,"15":0,"16":0,"17":0,"18":2,"19":2,"20":5,"21":0,"22":0,"23":0,"24":0,"25":0,"26":0,"27":0,"28":0,"29":0,"30":0,"31":5,"32":1,"33":1,"34":1,"35":5,"36":3,"37":2},"f":{"0":5,"1":2,"2":2,"3":0,"4":2,"5":0,"6":0,"7":1},"b":{"0":[0,2],"1":[0,2],"2":[2,0],"3":[0,0],"4":[0,0],"5":[3,2],"6":[5,2]},"_coverageSchema":"1a1c01bbd47fc00a2c39e90264f33305004495a9","hash":"10d1fbbbfabfc54225d84522511ad60fee79b609"}
,"/Users/user/Documents/Projects/Code/pomofit/components/pwa-register.tsx": {"path":"/Users/user/Documents/Projects/Code/pomofit/components/pwa-register.tsx","statementMap":{"0":{"start":{"line":8,"column":20},"end":{"line":8,"column":30}},"1":{"start":{"line":10,"column":2},"end":{"line":46,"column":9}},"2":{"start":{"line":11,"column":4},"end":{"line":11,"column":70}},"3":{"start":{"line":13,"column":4},"end":{"line":13,"column":28}},"4":{"start":{"line":16,"column":25},"end":{"line":23,"column":5}},"5":{"start":{"line":17,"column":6},"end":{"line":17,"column":41}},"6":{"start":{"line":18,"column":6},"end":{"line":22,"column":9}},"7":{"start":{"line":25,"column":26},"end":{"line":33,"column":5}},"8":{"start":{"line":26,"column":6},"end":{"line":26,"column":42}},"9":{"start":{"line":27,"column":6},"end":{"line":32,"column":9}},"10":{"start":{"line":35,"column":4},"end":{"line":38,"column":5}},"11":{"start":{"line":36,"column":6},"end":{"line":36,"column":54}},"12":{"start":{"line":37,"column":6},"end":{"line":37,"column":56}},"13":{"start":{"line":40,"column":4},"end":{"line":45,"column":6}},"14":{"start":{"line":41,"column":6},"end":{"line":44,"column":7}},"15":{"start":{"line":42,"column":8},"end":{"line":42,"column":59}},"16":{"start":{"line":43,"column":8},"end":{"line":43,"column":61}},"17":{"start":{"line":48,"column":2},"end":{"line":48,"column":14}}},"fnMap":{"0":{"name":"PWARegister","decl":{"start":{"line":7,"column":24},"end":{"line":7,"column":35}},"loc":{"start":{"line":7,"column":38},"end":{"line":49,"column":1}},"line":7},"1":{"name":"(anonymous_1)","decl":{"start":{"line":10,"column":12},"end":{"line":10,"column":13}},"loc":{"start":{"line":10,"column":18},"end":{"line":46,"column":3}},"line":10},"2":{"name":"(anonymous_2)","decl":{"start":{"line":16,"column":25},"end":{"line":16,"column":26}},"loc":{"start":{"line":16,"column":31},"end":{"line":23,"column":5}},"line":16},"3":{"name":"(anonymous_3)","decl":{"start":{"line":25,"column":26},"end":{"line":25,"column":27}},"loc":{"start":{"line":25,"column":32},"end":{"line":33,"column":5}},"line":25},"4":{"name":"(anonymous_4)","decl":{"start":{"line":40,"column":11},"end":{"line":40,"column":12}},"loc":{"start":{"line":40,"column":17},"end":{"line":45,"column":5}},"line":40}},"branchMap":{"0":{"loc":{"start":{"line":35,"column":4},"end":{"line":38,"column":5}},"type":"if","locations":[{"start":{"line":35,"column":4},"end":{"line":38,"column":5}},{"start":{},"end":{}}],"line":35},"1":{"loc":{"start":{"line":41,"column":6},"end":{"line":44,"column":7}},"type":"if","locations":[{"start":{"line":41,"column":6},"end":{"line":44,"column":7}},{"start":{},"end":{}}],"line":41}},"s":{"0":1,"1":1,"2":1,"3":1,"4":1,"5":1,"6":1,"7":1,"8":1,"9":1,"10":1,"11":1,"12":1,"13":1,"14":1,"15":1,"16":1,"17":1},"f":{"0":1,"1":1,"2":1,"3":1,"4":1},"b":{"0":[1,0],"1":[1,0]},"_coverageSchema":"1a1c01bbd47fc00a2c39e90264f33305004495a9","hash":"22322f772172e0ca12502ceb30b529fc90f509c6"}
,"/Users/user/Documents/Projects/Code/pomofit/components/sw-error-handler.tsx": {"path":"/Users/user/Documents/Projects/Code/pomofit/components/sw-error-handler.tsx","statementMap":{"0":{"start":{"line":8,"column":20},"end":{"line":8,"column":30}},"1":{"start":{"line":9,"column":34},"end":{"line":9,"column":49}},"2":{"start":{"line":11,"column":2},"end":{"line":67,"column":14}},"3":{"start":{"line":13,"column":24},"end":{"line":26,"column":5}},"4":{"start":{"line":14,"column":6},"end":{"line":25,"column":7}},"5":{"start":{"line":15,"column":8},"end":{"line":15,"column":71}},"6":{"start":{"line":16,"column":8},"end":{"line":16,"column":26}},"7":{"start":{"line":19,"column":8},"end":{"line":24,"column":11}},"8":{"start":{"line":29,"column":28},"end":{"line":42,"column":5}},"9":{"start":{"line":30,"column":6},"end":{"line":41,"column":7}},"10":{"start":{"line":31,"column":8},"end":{"line":31,"column":73}},"11":{"start":{"line":32,"column":8},"end":{"line":32,"column":26}},"12":{"start":{"line":35,"column":8},"end":{"line":40,"column":11}},"13":{"start":{"line":45,"column":29},"end":{"line":56,"column":5}},"14":{"start":{"line":46,"column":6},"end":{"line":55,"column":7}},"15":{"start":{"line":47,"column":8},"end":{"line":47,"column":62}},"16":{"start":{"line":50,"column":8},"end":{"line":54,"column":11}},"17":{"start":{"line":58,"column":4},"end":{"line":58,"column":50}},"18":{"start":{"line":59,"column":4},"end":{"line":59,"column":55}},"19":{"start":{"line":60,"column":4},"end":{"line":60,"column":67}},"20":{"start":{"line":62,"column":4},"end":{"line":66,"column":6}},"21":{"start":{"line":63,"column":6},"end":{"line":63,"column":55}},"22":{"start":{"line":64,"column":6},"end":{"line":64,"column":60}},"23":{"start":{"line":65,"column":6},"end":{"line":65,"column":72}},"24":{"start":{"line":70,"column":2},"end":{"line":86,"column":3}},"25":{"start":{"line":71,"column":4},"end":{"line":85,"column":6}},"26":{"start":{"line":79,"column":25},"end":{"line":79,"column":49}},"27":{"start":{"line":88,"column":2},"end":{"line":88,"column":14}}},"fnMap":{"0":{"name":"ServiceWorkerErrorHandler","decl":{"start":{"line":7,"column":24},"end":{"line":7,"column":49}},"loc":{"start":{"line":7,"column":52},"end":{"line":89,"column":1}},"line":7},"1":{"name":"(anonymous_1)","decl":{"start":{"line":11,"column":12},"end":{"line":11,"column":13}},"loc":{"start":{"line":11,"column":18},"end":{"line":67,"column":3}},"line":11},"2":{"name":"(anonymous_2)","decl":{"start":{"line":13,"column":24},"end":{"line":13,"column":25}},"loc":{"start":{"line":13,"column":47},"end":{"line":26,"column":5}},"line":13},"3":{"name":"(anonymous_3)","decl":{"start":{"line":29,"column":28},"end":{"line":29,"column":29}},"loc":{"start":{"line":29,"column":62},"end":{"line":42,"column":5}},"line":29},"4":{"name":"(anonymous_4)","decl":{"start":{"line":45,"column":29},"end":{"line":45,"column":30}},"loc":{"start":{"line":45,"column":52},"end":{"line":56,"column":5}},"line":45},"5":{"name":"(anonymous_5)","decl":{"start":{"line":62,"column":11},"end":{"line":62,"column":12}},"loc":{"start":{"line":62,"column":17},"end":{"line":66,"column":5}},"line":62},"6":{"name":"(anonymous_6)","decl":{"start":{"line":79,"column":19},"end":{"line":79,"column":20}},"loc":{"start":{"line":79,"column":25},"end":{"line":79,"column":49}},"line":79}},"branchMap":{"0":{"loc":{"start":{"line":14,"column":6},"end":{"line":25,"column":7}},"type":"if","locations":[{"start":{"line":14,"column":6},"end":{"line":25,"column":7}},{"start":{},"end":{}}],"line":14},"1":{"loc":{"start":{"line":14,"column":10},"end":{"line":14,"column":72}},"type":"binary-expr","locations":[{"start":{"line":14,"column":10},"end":{"line":14,"column":24}},{"start":{"line":14,"column":28},"end":{"line":14,"column":72}}],"line":14},"2":{"loc":{"start":{"line":30,"column":6},"end":{"line":41,"column":7}},"type":"if","locations":[{"start":{"line":30,"column":6},"end":{"line":41,"column":7}},{"start":{},"end":{}}],"line":30},"3":{"loc":{"start":{"line":30,"column":10},"end":{"line":30,"column":76}},"type":"binary-expr","locations":[{"start":{"line":30,"column":10},"end":{"line":30,"column":22}},{"start":{"line":30,"column":26},"end":{"line":30,"column":76}}],"line":30},"4":{"loc":{"start":{"line":46,"column":6},"end":{"line":55,"column":7}},"type":"if","locations":[{"start":{"line":46,"column":6},"end":{"line":55,"column":7}},{"start":{},"end":{}}],"line":46},"5":{"loc":{"start":{"line":46,"column":10},"end":{"line":46,"column":67}},"type":"binary-expr","locations":[{"start":{"line":46,"column":10},"end":{"line":46,"column":23}},{"start":{"line":46,"column":27},"end":{"line":46,"column":67}}],"line":46},"6":{"loc":{"start":{"line":70,"column":2},"end":{"line":86,"column":3}},"type":"if","locations":[{"start":{"line":70,"column":2},"end":{"line":86,"column":3}},{"start":{},"end":{}}],"line":70}},"s":{"0":5,"1":5,"2":5,"3":3,"4":2,"5":1,"6":1,"7":1,"8":3,"9":1,"10":1,"11":1,"12":1,"13":3,"14":2,"15":1,"16":1,"17":3,"18":3,"19":3,"20":3,"21":3,"22":3,"23":3,"24":5,"25":2,"26":0,"27":3},"f":{"0":5,"1":3,"2":2,"3":1,"4":2,"5":3,"6":0},"b":{"0":[1,1],"1":[2,1],"2":[1,0],"3":[1,1],"4":[1,1],"5":[2,2],"6":[2,3]},"_coverageSchema":"1a1c01bbd47fc00a2c39e90264f33305004495a9","hash":"fefe7ae71161644c3ca711ecc038701f3b7535a7"}
,"/Users/user/Documents/Projects/Code/pomofit/components/workout-display.tsx": {"path":"/Users/user/Documents/Projects/Code/pomofit/components/workout-display.tsx","statementMap":{"0":{"start":{"line":19,"column":23},"end":{"line":19,"column":33}},"1":{"start":{"line":20,"column":46},"end":{"line":20,"column":75}},"2":{"start":{"line":21,"column":40},"end":{"line":21,"column":55}},"3":{"start":{"line":22,"column":20},"end":{"line":22,"column":40}},"4":{"start":{"line":24,"column":2},"end":{"line":35,"column":39}},"5":{"start":{"line":25,"column":4},"end":{"line":34,"column":5}},"6":{"start":{"line":27,"column":26},"end":{"line":29,"column":7}},"7":{"start":{"line":30,"column":6},"end":{"line":30,"column":59}},"8":{"start":{"line":31,"column":6},"end":{"line":31,"column":28}},"9":{"start":{"line":33,"column":6},"end":{"line":33,"column":30}},"10":{"start":{"line":37,"column":2},"end":{"line":46,"column":3}},"11":{"start":{"line":38,"column":4},"end":{"line":45,"column":6}},"12":{"start":{"line":48,"column":18},"end":{"line":48,"column":66}},"13":{"start":{"line":48,"column":42},"end":{"line":48,"column":65}},"14":{"start":{"line":50,"column":2},"end":{"line":57,"column":3}},"15":{"start":{"line":51,"column":4},"end":{"line":56,"column":6}},"16":{"start":{"line":59,"column":28},"end":{"line":61,"column":3}},"17":{"start":{"line":60,"column":4},"end":{"line":60,"column":25}},"18":{"start":{"line":63,"column":2},"end":{"line":103,"column":4}}},"fnMap":{"0":{"name":"WorkoutDisplay","decl":{"start":{"line":15,"column":24},"end":{"line":15,"column":38}},"loc":{"start":{"line":18,"column":24},"end":{"line":104,"column":1}},"line":18},"1":{"name":"(anonymous_1)","decl":{"start":{"line":24,"column":12},"end":{"line":24,"column":13}},"loc":{"start":{"line":24,"column":18},"end":{"line":35,"column":3}},"line":24},"2":{"name":"(anonymous_2)","decl":{"start":{"line":48,"column":35},"end":{"line":48,"column":36}},"loc":{"start":{"line":48,"column":42},"end":{"line":48,"column":65}},"line":48},"3":{"name":"(anonymous_3)","decl":{"start":{"line":59,"column":28},"end":{"line":59,"column":29}},"loc":{"start":{"line":59,"column":34},"end":{"line":61,"column":3}},"line":59}},"branchMap":{"0":{"loc":{"start":{"line":25,"column":4},"end":{"line":34,"column":5}},"type":"if","locations":[{"start":{"line":25,"column":4},"end":{"line":34,"column":5}},{"start":{"line":32,"column":11},"end":{"line":34,"column":5}}],"line":25},"1":{"loc":{"start":{"line":25,"column":8},"end":{"line":25,"column":51}},"type":"binary-expr","locations":[{"start":{"line":25,"column":8},"end":{"line":25,"column":16}},{"start":{"line":25,"column":20},"end":{"line":25,"column":51}}],"line":25},"2":{"loc":{"start":{"line":37,"column":2},"end":{"line":46,"column":3}},"type":"if","locations":[{"start":{"line":37,"column":2},"end":{"line":46,"column":3}},{"start":{},"end":{}}],"line":37},"3":{"loc":{"start":{"line":37,"column":6},"end":{"line":37,"column":34}},"type":"binary-expr","locations":[{"start":{"line":37,"column":6},"end":{"line":37,"column":15}},{"start":{"line":37,"column":19},"end":{"line":37,"column":34}}],"line":37},"4":{"loc":{"start":{"line":50,"column":2},"end":{"line":57,"column":3}},"type":"if","locations":[{"start":{"line":50,"column":2},"end":{"line":57,"column":3}},{"start":{},"end":{}}],"line":50},"5":{"loc":{"start":{"line":66,"column":9},"end":{"line":94,"column":9}},"type":"cond-expr","locations":[{"start":{"line":67,"column":10},"end":{"line":87,"column":16}},{"start":{"line":89,"column":10},"end":{"line":93,"column":12}}],"line":66},"6":{"loc":{"start":{"line":68,"column":13},"end":{"line":86,"column":13}},"type":"cond-expr","locations":[{"start":{"line":69,"column":14},"end":{"line":72,"column":20}},{"start":{"line":74,"column":14},"end":{"line":85,"column":16}}],"line":68},"7":{"loc":{"start":{"line":90,"column":17},"end":{"line":90,"column":53}},"type":"binary-expr","locations":[{"start":{"line":90,"column":17},"end":{"line":90,"column":31}},{"start":{"line":90,"column":35},"end":{"line":90,"column":53}}],"line":90}},"s":{"0":3,"1":3,"2":3,"3":3,"4":3,"5":2,"6":1,"7":1,"8":1,"9":1,"10":3,"11":2,"12":1,"13":1,"14":1,"15":0,"16":1,"17":0,"18":1},"f":{"0":3,"1":2,"2":1,"3":0},"b":{"0":[1,1],"1":[2,1],"2":[2,1],"3":[3,2],"4":[0,1],"5":[1,0],"6":[0,1],"7":[0,0]},"_coverageSchema":"1a1c01bbd47fc00a2c39e90264f33305004495a9","hash":"b8a6d456fc62eb85d6ef1a4d3c1f6ba13625275b"}
,"/Users/user/Documents/Projects/Code/pomofit/components/journal/journal-chat.tsx": {"path":"/Users/user/Documents/Projects/Code/pomofit/components/journal/journal-chat.tsx","statementMap":{"0":{"start":{"line":28,"column":34},"end":{"line":36,"column":4}},"1":{"start":{"line":37,"column":28},"end":{"line":37,"column":40}},"2":{"start":{"line":38,"column":36},"end":{"line":38,"column":51}},"3":{"start":{"line":39,"column":24},"end":{"line":39,"column":52}},"4":{"start":{"line":40,"column":27},"end":{"line":40,"column":55}},"5":{"start":{"line":42,"column":2},"end":{"line":47,"column":17}},"6":{"start":{"line":44,"column":4},"end":{"line":46,"column":5}},"7":{"start":{"line":45,"column":6},"end":{"line":45,"column":70}},"8":{"start":{"line":49,"column":22},"end":{"line":119,"column":3}},"9":{"start":{"line":50,"column":4},"end":{"line":50,"column":43}},"10":{"start":{"line":50,"column":36},"end":{"line":50,"column":43}},"11":{"start":{"line":52,"column":33},"end":{"line":57,"column":5}},"12":{"start":{"line":59,"column":4},"end":{"line":59,"column":50}},"13":{"start":{"line":59,"column":26},"end":{"line":59,"column":48}},"14":{"start":{"line":60,"column":25},"end":{"line":60,"column":30}},"15":{"start":{"line":61,"column":4},"end":{"line":61,"column":17}},"16":{"start":{"line":62,"column":4},"end":{"line":62,"column":23}},"17":{"start":{"line":64,"column":4},"end":{"line":118,"column":5}},"18":{"start":{"line":66,"column":29},"end":{"line":69,"column":28}},"19":{"start":{"line":67,"column":23},"end":{"line":67,"column":39}},"20":{"start":{"line":68,"column":20},"end":{"line":68,"column":79}},"21":{"start":{"line":72,"column":23},"end":{"line":81,"column":8}},"22":{"start":{"line":83,"column":19},"end":{"line":83,"column":40}},"23":{"start":{"line":85,"column":25},"end":{"line":85,"column":27}},"24":{"start":{"line":86,"column":37},"end":{"line":86,"column":39}},"25":{"start":{"line":88,"column":6},"end":{"line":95,"column":7}},"26":{"start":{"line":89,"column":8},"end":{"line":89,"column":37}},"27":{"start":{"line":90,"column":8},"end":{"line":90,"column":51}},"28":{"start":{"line":92,"column":8},"end":{"line":94,"column":77}},"29":{"start":{"line":97,"column":40},"end":{"line":103,"column":7}},"30":{"start":{"line":105,"column":6},"end":{"line":105,"column":57}},"31":{"start":{"line":105,"column":28},"end":{"line":105,"column":55}},"32":{"start":{"line":107,"column":6},"end":{"line":107,"column":53}},"33":{"start":{"line":108,"column":36},"end":{"line":114,"column":7}},"34":{"start":{"line":115,"column":6},"end":{"line":115,"column":53}},"35":{"start":{"line":115,"column":28},"end":{"line":115,"column":51}},"36":{"start":{"line":117,"column":6},"end":{"line":117,"column":26}},"37":{"start":{"line":121,"column":25},"end":{"line":126,"column":3}},"38":{"start":{"line":122,"column":4},"end":{"line":125,"column":5}},"39":{"start":{"line":123,"column":6},"end":{"line":123,"column":25}},"40":{"start":{"line":124,"column":6},"end":{"line":124,"column":20}},"41":{"start":{"line":128,"column":25},"end":{"line":131,"column":3}},"42":{"start":{"line":129,"column":4},"end":{"line":129,"column":22}},"43":{"start":{"line":133,"column":2},"end":{"line":248,"column":4}},"44":{"start":{"line":149,"column":14},"end":{"line":206,"column":20}},"45":{"start":{"line":184,"column":30},"end":{"line":189,"column":36}},"46":{"start":{"line":196,"column":30},"end":{"line":196,"column":69}},"47":{"start":{"line":236,"column":31},"end":{"line":236,"column":55}}},"fnMap":{"0":{"name":"JournalChat","decl":{"start":{"line":27,"column":16},"end":{"line":27,"column":27}},"loc":{"start":{"line":27,"column":72},"end":{"line":249,"column":1}},"line":27},"1":{"name":"(anonymous_1)","decl":{"start":{"line":42,"column":12},"end":{"line":42,"column":13}},"loc":{"start":{"line":42,"column":18},"end":{"line":47,"column":3}},"line":42},"2":{"name":"(anonymous_2)","decl":{"start":{"line":49,"column":22},"end":{"line":49,"column":23}},"loc":{"start":{"line":49,"column":34},"end":{"line":119,"column":3}},"line":49},"3":{"name":"(anonymous_3)","decl":{"start":{"line":59,"column":16},"end":{"line":59,"column":17}},"loc":{"start":{"line":59,"column":26},"end":{"line":59,"column":48}},"line":59},"4":{"name":"(anonymous_4)","decl":{"start":{"line":67,"column":16},"end":{"line":67,"column":17}},"loc":{"start":{"line":67,"column":23},"end":{"line":67,"column":39}},"line":67},"5":{"name":"(anonymous_5)","decl":{"start":{"line":68,"column":13},"end":{"line":68,"column":14}},"loc":{"start":{"line":68,"column":20},"end":{"line":68,"column":79}},"line":68},"6":{"name":"(anonymous_6)","decl":{"start":{"line":105,"column":18},"end":{"line":105,"column":19}},"loc":{"start":{"line":105,"column":28},"end":{"line":105,"column":55}},"line":105},"7":{"name":"(anonymous_7)","decl":{"start":{"line":115,"column":18},"end":{"line":115,"column":19}},"loc":{"start":{"line":115,"column":28},"end":{"line":115,"column":51}},"line":115},"8":{"name":"(anonymous_8)","decl":{"start":{"line":121,"column":25},"end":{"line":121,"column":26}},"loc":{"start":{"line":121,"column":53},"end":{"line":126,"column":3}},"line":121},"9":{"name":"(anonymous_9)","decl":{"start":{"line":128,"column":25},"end":{"line":128,"column":26}},"loc":{"start":{"line":128,"column":46},"end":{"line":131,"column":3}},"line":128},"10":{"name":"(anonymous_10)","decl":{"start":{"line":148,"column":26},"end":{"line":148,"column":27}},"loc":{"start":{"line":149,"column":14},"end":{"line":206,"column":20}},"line":149},"11":{"name":"(anonymous_11)","decl":{"start":{"line":183,"column":56},"end":{"line":183,"column":57}},"loc":{"start":{"line":184,"column":30},"end":{"line":189,"column":36}},"line":184},"12":{"name":"(anonymous_12)","decl":{"start":{"line":195,"column":37},"end":{"line":195,"column":38}},"loc":{"start":{"line":196,"column":30},"end":{"line":196,"column":69}},"line":196},"13":{"name":"(anonymous_13)","decl":{"start":{"line":236,"column":24},"end":{"line":236,"column":25}},"loc":{"start":{"line":236,"column":31},"end":{"line":236,"column":55}},"line":236}},"branchMap":{"0":{"loc":{"start":{"line":44,"column":4},"end":{"line":46,"column":5}},"type":"if","locations":[{"start":{"line":44,"column":4},"end":{"line":46,"column":5}},{"start":{},"end":{}}],"line":44},"1":{"loc":{"start":{"line":50,"column":4},"end":{"line":50,"column":43}},"type":"if","locations":[{"start":{"line":50,"column":4},"end":{"line":50,"column":43}},{"start":{},"end":{}}],"line":50},"2":{"loc":{"start":{"line":50,"column":8},"end":{"line":50,"column":34}},"type":"binary-expr","locations":[{"start":{"line":50,"column":8},"end":{"line":50,"column":21}},{"start":{"line":50,"column":25},"end":{"line":50,"column":34}}],"line":50},"3":{"loc":{"start":{"line":88,"column":6},"end":{"line":95,"column":7}},"type":"if","locations":[{"start":{"line":88,"column":6},"end":{"line":95,"column":7}},{"start":{"line":91,"column":13},"end":{"line":95,"column":7}}],"line":88},"4":{"loc":{"start":{"line":90,"column":25},"end":{"line":90,"column":50}},"type":"binary-expr","locations":[{"start":{"line":90,"column":25},"end":{"line":90,"column":44}},{"start":{"line":90,"column":48},"end":{"line":90,"column":50}}],"line":90},"5":{"loc":{"start":{"line":93,"column":10},"end":{"line":94,"column":76}},"type":"binary-expr","locations":[{"start":{"line":93,"column":10},"end":{"line":93,"column":31}},{"start":{"line":94,"column":10},"end":{"line":94,"column":76}}],"line":93},"6":{"loc":{"start":{"line":102,"column":24},"end":{"line":102,"column":78}},"type":"cond-expr","locations":[{"start":{"line":102,"column":52},"end":{"line":102,"column":66}},{"start":{"line":102,"column":69},"end":{"line":102,"column":78}}],"line":102},"7":{"loc":{"start":{"line":122,"column":4},"end":{"line":125,"column":5}},"type":"if","locations":[{"start":{"line":122,"column":4},"end":{"line":125,"column":5}},{"start":{},"end":{}}],"line":122},"8":{"loc":{"start":{"line":122,"column":8},"end":{"line":122,"column":40}},"type":"binary-expr","locations":[{"start":{"line":122,"column":8},"end":{"line":122,"column":25}},{"start":{"line":122,"column":29},"end":{"line":122,"column":40}}],"line":122},"9":{"loc":{"start":{"line":152,"column":18},"end":{"line":152,"column":75}},"type":"cond-expr","locations":[{"start":{"line":152,"column":44},"end":{"line":152,"column":57}},{"start":{"line":152,"column":60},"end":{"line":152,"column":75}}],"line":152},"10":{"loc":{"start":{"line":157,"column":20},"end":{"line":157,"column":77}},"type":"cond-expr","locations":[{"start":{"line":157,"column":46},"end":{"line":157,"column":64}},{"start":{"line":157,"column":67},"end":{"line":157,"column":77}}],"line":157},"11":{"loc":{"start":{"line":163,"column":24},"end":{"line":165,"column":56}},"type":"cond-expr","locations":[{"start":{"line":164,"column":28},"end":{"line":164,"column":83}},{"start":{"line":165,"column":28},"end":{"line":165,"column":56}}],"line":163},"12":{"loc":{"start":{"line":169,"column":25},"end":{"line":173,"column":25}},"type":"cond-expr","locations":[{"start":{"line":170,"column":26},"end":{"line":170,"column":74}},{"start":{"line":172,"column":26},"end":{"line":172,"column":41}}],"line":169},"13":{"loc":{"start":{"line":176,"column":21},"end":{"line":203,"column":23}},"type":"binary-expr","locations":[{"start":{"line":176,"column":21},"end":{"line":176,"column":43}},{"start":{"line":177,"column":22},"end":{"line":177,"column":55}},{"start":{"line":178,"column":24},"end":{"line":202,"column":30}}],"line":176},"14":{"loc":{"start":{"line":210,"column":13},"end":{"line":229,"column":13}},"type":"binary-expr","locations":[{"start":{"line":210,"column":13},"end":{"line":210,"column":22}},{"start":{"line":211,"column":14},"end":{"line":228,"column":20}}],"line":210},"15":{"loc":{"start":{"line":241,"column":52},"end":{"line":241,"column":78}},"type":"binary-expr","locations":[{"start":{"line":241,"column":52},"end":{"line":241,"column":65}},{"start":{"line":241,"column":69},"end":{"line":241,"column":78}}],"line":241}},"s":{"0":13,"1":13,"2":13,"3":13,"4":13,"5":13,"6":10,"7":10,"8":13,"9":3,"10":0,"11":3,"12":3,"13":3,"14":3,"15":3,"16":3,"17":3,"18":3,"19":0,"20":0,"21":3,"22":3,"23":3,"24":3,"25":3,"26":2,"27":2,"28":1,"29":3,"30":3,"31":3,"32":0,"33":0,"34":0,"35":0,"36":3,"37":13,"38":0,"39":0,"40":0,"41":13,"42":0,"43":13,"44":22,"45":2,"46":0,"47":3},"f":{"0":13,"1":10,"2":3,"3":3,"4":0,"5":0,"6":3,"7":0,"8":0,"9":0,"10":22,"11":2,"12":0,"13":3},"b":{"0":[10,0],"1":[0,3],"2":[3,3],"3":[2,1],"4":[2,0],"5":[1,0],"6":[1,2],"7":[0,0],"8":[0,0],"9":[6,16],"10":[6,16],"11":[6,16],"12":[16,6],"13":[22,1,1],"14":[13,3],"15":[13,3]},"_coverageSchema":"1a1c01bbd47fc00a2c39e90264f33305004495a9","hash":"914dfac5010460270903a61ad43b4765b1bb00a2"}
,"/Users/user/Documents/Projects/Code/pomofit/components/journal/journal-editor.tsx": {"path":"/Users/user/Documents/Projects/Code/pomofit/components/journal/journal-editor.tsx","statementMap":{"0":{"start":{"line":22,"column":28},"end":{"line":22,"column":40}},"1":{"start":{"line":23,"column":32},"end":{"line":23,"column":44}},"2":{"start":{"line":24,"column":36},"end":{"line":24,"column":47}},"3":{"start":{"line":25,"column":22},"end":{"line":25,"column":55}},"4":{"start":{"line":26,"column":26},"end":{"line":26,"column":61}},"5":{"start":{"line":29,"column":2},"end":{"line":44,"column":36}},"6":{"start":{"line":30,"column":4},"end":{"line":43,"column":5}},"7":{"start":{"line":31,"column":6},"end":{"line":31,"column":36}},"8":{"start":{"line":32,"column":6},"end":{"line":32,"column":40}},"9":{"start":{"line":35,"column":22},"end":{"line":40,"column":8}},"10":{"start":{"line":41,"column":6},"end":{"line":41,"column":24}},"11":{"start":{"line":42,"column":6},"end":{"line":42,"column":21}},"12":{"start":{"line":47,"column":2},"end":{"line":53,"column":16}},"13":{"start":{"line":48,"column":18},"end":{"line":51,"column":40}},"14":{"start":{"line":51,"column":24},"end":{"line":51,"column":39}},"15":{"start":{"line":52,"column":4},"end":{"line":52,"column":31}},"16":{"start":{"line":56,"column":2},"end":{"line":71,"column":23}},"17":{"start":{"line":57,"column":4},"end":{"line":57,"column":71}},"18":{"start":{"line":57,"column":33},"end":{"line":57,"column":71}},"19":{"start":{"line":58,"column":4},"end":{"line":67,"column":12}},"20":{"start":{"line":59,"column":43},"end":{"line":65,"column":7}},"21":{"start":{"line":66,"column":6},"end":{"line":66,"column":20}},"22":{"start":{"line":68,"column":4},"end":{"line":70,"column":6}},"23":{"start":{"line":69,"column":6},"end":{"line":69,"column":73}},"24":{"start":{"line":69,"column":35},"end":{"line":69,"column":73}},"25":{"start":{"line":73,"column":30},"end":{"line":75,"column":3}},"26":{"start":{"line":74,"column":4},"end":{"line":74,"column":22}},"27":{"start":{"line":77,"column":28},"end":{"line":79,"column":3}},"28":{"start":{"line":78,"column":4},"end":{"line":78,"column":20}},"29":{"start":{"line":81,"column":25},"end":{"line":120,"column":3}},"30":{"start":{"line":82,"column":21},"end":{"line":82,"column":40}},"31":{"start":{"line":83,"column":4},"end":{"line":83,"column":26}},"32":{"start":{"line":83,"column":19},"end":{"line":83,"column":26}},"33":{"start":{"line":85,"column":18},"end":{"line":85,"column":41}},"34":{"start":{"line":86,"column":16},"end":{"line":86,"column":37}},"35":{"start":{"line":87,"column":25},"end":{"line":87,"column":54}},"36":{"start":{"line":89,"column":18},"end":{"line":89,"column":20}},"37":{"start":{"line":90,"column":23},"end":{"line":90,"column":28}},"38":{"start":{"line":92,"column":4},"end":{"line":109,"column":5}},"39":{"start":{"line":94,"column":8},"end":{"line":94,"column":55}},"40":{"start":{"line":95,"column":8},"end":{"line":95,"column":72}},"41":{"start":{"line":96,"column":8},"end":{"line":96,"column":14}},"42":{"start":{"line":98,"column":8},"end":{"line":98,"column":53}},"43":{"start":{"line":99,"column":8},"end":{"line":99,"column":72}},"44":{"start":{"line":100,"column":8},"end":{"line":100,"column":14}},"45":{"start":{"line":102,"column":8},"end":{"line":102,"column":55}},"46":{"start":{"line":103,"column":8},"end":{"line":103,"column":46}},"47":{"start":{"line":104,"column":8},"end":{"line":104,"column":14}},"48":{"start":{"line":106,"column":8},"end":{"line":106,"column":55}},"49":{"start":{"line":107,"column":8},"end":{"line":107,"column":46}},"50":{"start":{"line":108,"column":8},"end":{"line":108,"column":14}},"51":{"start":{"line":112,"column":6},"end":{"line":112,"column":68}},"52":{"start":{"line":113,"column":4},"end":{"line":113,"column":27}},"53":{"start":{"line":116,"column":4},"end":{"line":119,"column":10}},"54":{"start":{"line":117,"column":6},"end":{"line":117,"column":23}},"55":{"start":{"line":118,"column":6},"end":{"line":118,"column":61}},"56":{"start":{"line":122,"column":2},"end":{"line":185,"column":4}},"57":{"start":{"line":128,"column":29},"end":{"line":128,"column":62}},"58":{"start":{"line":138,"column":27},"end":{"line":138,"column":62}},"59":{"start":{"line":146,"column":27},"end":{"line":146,"column":66}},"60":{"start":{"line":154,"column":27},"end":{"line":154,"column":62}},"61":{"start":{"line":162,"column":27},"end":{"line":162,"column":64}},"62":{"start":{"line":174,"column":27},"end":{"line":174,"column":62}}},"fnMap":{"0":{"name":"JournalEditor","decl":{"start":{"line":17,"column":16},"end":{"line":17,"column":29}},"loc":{"start":{"line":21,"column":23},"end":{"line":186,"column":1}},"line":21},"1":{"name":"(anonymous_1)","decl":{"start":{"line":29,"column":12},"end":{"line":29,"column":13}},"loc":{"start":{"line":29,"column":18},"end":{"line":44,"column":3}},"line":29},"2":{"name":"(anonymous_2)","decl":{"start":{"line":47,"column":12},"end":{"line":47,"column":13}},"loc":{"start":{"line":47,"column":18},"end":{"line":53,"column":3}},"line":47},"3":{"name":"(anonymous_3)","decl":{"start":{"line":51,"column":14},"end":{"line":51,"column":15}},"loc":{"start":{"line":51,"column":24},"end":{"line":51,"column":39}},"line":51},"4":{"name":"(anonymous_4)","decl":{"start":{"line":56,"column":12},"end":{"line":56,"column":13}},"loc":{"start":{"line":56,"column":18},"end":{"line":71,"column":3}},"line":56},"5":{"name":"(anonymous_5)","decl":{"start":{"line":58,"column":41},"end":{"line":58,"column":42}},"loc":{"start":{"line":58,"column":47},"end":{"line":67,"column":5}},"line":58},"6":{"name":"(anonymous_6)","decl":{"start":{"line":68,"column":11},"end":{"line":68,"column":12}},"loc":{"start":{"line":68,"column":17},"end":{"line":70,"column":5}},"line":68},"7":{"name":"(anonymous_7)","decl":{"start":{"line":73,"column":30},"end":{"line":73,"column":31}},"loc":{"start":{"line":73,"column":49},"end":{"line":75,"column":3}},"line":73},"8":{"name":"(anonymous_8)","decl":{"start":{"line":77,"column":28},"end":{"line":77,"column":29}},"loc":{"start":{"line":77,"column":47},"end":{"line":79,"column":3}},"line":77},"9":{"name":"(anonymous_9)","decl":{"start":{"line":81,"column":25},"end":{"line":81,"column":26}},"loc":{"start":{"line":81,"column":63},"end":{"line":120,"column":3}},"line":81},"10":{"name":"(anonymous_10)","decl":{"start":{"line":116,"column":15},"end":{"line":116,"column":16}},"loc":{"start":{"line":116,"column":21},"end":{"line":119,"column":5}},"line":116},"11":{"name":"(anonymous_11)","decl":{"start":{"line":128,"column":22},"end":{"line":128,"column":23}},"loc":{"start":{"line":128,"column":29},"end":{"line":128,"column":62}},"line":128},"12":{"name":"(anonymous_12)","decl":{"start":{"line":138,"column":21},"end":{"line":138,"column":22}},"loc":{"start":{"line":138,"column":27},"end":{"line":138,"column":62}},"line":138},"13":{"name":"(anonymous_13)","decl":{"start":{"line":146,"column":21},"end":{"line":146,"column":22}},"loc":{"start":{"line":146,"column":27},"end":{"line":146,"column":66}},"line":146},"14":{"name":"(anonymous_14)","decl":{"start":{"line":154,"column":21},"end":{"line":154,"column":22}},"loc":{"start":{"line":154,"column":27},"end":{"line":154,"column":62}},"line":154},"15":{"name":"(anonymous_15)","decl":{"start":{"line":162,"column":21},"end":{"line":162,"column":22}},"loc":{"start":{"line":162,"column":27},"end":{"line":162,"column":64}},"line":162},"16":{"name":"(anonymous_16)","decl":{"start":{"line":174,"column":20},"end":{"line":174,"column":21}},"loc":{"start":{"line":174,"column":27},"end":{"line":174,"column":62}},"line":174}},"branchMap":{"0":{"loc":{"start":{"line":30,"column":4},"end":{"line":43,"column":5}},"type":"if","locations":[{"start":{"line":30,"column":4},"end":{"line":43,"column":5}},{"start":{"line":33,"column":11},"end":{"line":43,"column":5}}],"line":30},"1":{"loc":{"start":{"line":57,"column":4},"end":{"line":57,"column":71}},"type":"if","locations":[{"start":{"line":57,"column":4},"end":{"line":57,"column":71}},{"start":{},"end":{}}],"line":57},"2":{"loc":{"start":{"line":64,"column":14},"end":{"line":64,"column":44}},"type":"binary-expr","locations":[{"start":{"line":64,"column":14},"end":{"line":64,"column":33}},{"start":{"line":64,"column":37},"end":{"line":64,"column":44}}],"line":64},"3":{"loc":{"start":{"line":69,"column":6},"end":{"line":69,"column":73}},"type":"if","locations":[{"start":{"line":69,"column":6},"end":{"line":69,"column":73}},{"start":{},"end":{}}],"line":69},"4":{"loc":{"start":{"line":81,"column":42},"end":{"line":81,"column":58}},"type":"default-arg","locations":[{"start":{"line":81,"column":56},"end":{"line":81,"column":58}}],"line":81},"5":{"loc":{"start":{"line":83,"column":4},"end":{"line":83,"column":26}},"type":"if","locations":[{"start":{"line":83,"column":4},"end":{"line":83,"column":26}},{"start":{},"end":{}}],"line":83},"6":{"loc":{"start":{"line":92,"column":4},"end":{"line":109,"column":5}},"type":"switch","locations":[{"start":{"line":93,"column":6},"end":{"line":96,"column":14}},{"start":{"line":97,"column":6},"end":{"line":100,"column":14}},{"start":{"line":101,"column":6},"end":{"line":104,"column":14}},{"start":{"line":105,"column":6},"end":{"line":108,"column":14}}],"line":92},"7":{"loc":{"start":{"line":94,"column":23},"end":{"line":94,"column":50}},"type":"binary-expr","locations":[{"start":{"line":94,"column":23},"end":{"line":94,"column":35}},{"start":{"line":94,"column":39},"end":{"line":94,"column":50}}],"line":94},"8":{"loc":{"start":{"line":95,"column":36},"end":{"line":95,"column":63}},"type":"binary-expr","locations":[{"start":{"line":95,"column":36},"end":{"line":95,"column":48}},{"start":{"line":95,"column":52},"end":{"line":95,"column":63}}],"line":95},"9":{"loc":{"start":{"line":98,"column":22},"end":{"line":98,"column":49}},"type":"binary-expr","locations":[{"start":{"line":98,"column":22},"end":{"line":98,"column":34}},{"start":{"line":98,"column":38},"end":{"line":98,"column":49}}],"line":98},"10":{"loc":{"start":{"line":99,"column":36},"end":{"line":99,"column":63}},"type":"binary-expr","locations":[{"start":{"line":99,"column":36},"end":{"line":99,"column":48}},{"start":{"line":99,"column":52},"end":{"line":99,"column":63}}],"line":99},"11":{"loc":{"start":{"line":102,"column":25},"end":{"line":102,"column":52}},"type":"binary-expr","locations":[{"start":{"line":102,"column":25},"end":{"line":102,"column":37}},{"start":{"line":102,"column":41},"end":{"line":102,"column":52}}],"line":102},"12":{"loc":{"start":{"line":106,"column":25},"end":{"line":106,"column":52}},"type":"binary-expr","locations":[{"start":{"line":106,"column":25},"end":{"line":106,"column":37}},{"start":{"line":106,"column":41},"end":{"line":106,"column":52}}],"line":106}},"s":{"0":27,"1":27,"2":27,"3":27,"4":27,"5":27,"6":8,"7":4,"8":4,"9":4,"10":4,"11":4,"12":27,"13":9,"14":13,"15":9,"16":27,"17":16,"18":12,"19":16,"20":4,"21":4,"22":16,"23":16,"24":16,"25":27,"26":3,"27":27,"28":4,"29":27,"30":0,"31":0,"32":0,"33":0,"34":0,"35":0,"36":0,"37":0,"38":0,"39":0,"40":0,"41":0,"42":0,"43":0,"44":0,"45":0,"46":0,"47":0,"48":0,"49":0,"50":0,"51":0,"52":0,"53":0,"54":0,"55":0,"56":27,"57":4,"58":0,"59":0,"60":0,"61":0,"62":3},"f":{"0":27,"1":8,"2":9,"3":13,"4":16,"5":4,"6":16,"7":3,"8":4,"9":0,"10":0,"11":4,"12":0,"13":0,"14":0,"15":0,"16":3},"b":{"0":[4,4],"1":[12,4],"2":[4,2],"3":[16,0],"4":[0],"5":[0,0],"6":[0,0,0,0],"7":[0,0],"8":[0,0],"9":[0,0],"10":[0,0],"11":[0,0],"12":[0,0]},"_coverageSchema":"1a1c01bbd47fc00a2c39e90264f33305004495a9","hash":"d9ab28c0bc6f8466752cbc43cac751cc9c652eb0"}
,"/Users/user/Documents/Projects/Code/pomofit/components/ui/button.tsx": {"path":"/Users/user/Documents/Projects/Code/pomofit/components/ui/button.tsx","statementMap":{"0":{"start":{"line":7,"column":23},"end":{"line":34,"column":1}},"1":{"start":{"line":42,"column":15},"end":{"line":53,"column":1}},"2":{"start":{"line":44,"column":17},"end":{"line":44,"column":42}},"3":{"start":{"line":45,"column":4},"end":{"line":51,"column":5}},"4":{"start":{"line":54,"column":0},"end":{"line":54,"column":29}}},"fnMap":{"0":{"name":"(anonymous_0)","decl":{"start":{"line":43,"column":2},"end":{"line":43,"column":3}},"loc":{"start":{"line":43,"column":68},"end":{"line":52,"column":3}},"line":43}},"branchMap":{"0":{"loc":{"start":{"line":43,"column":31},"end":{"line":43,"column":46}},"type":"default-arg","locations":[{"start":{"line":43,"column":41},"end":{"line":43,"column":46}}],"line":43},"1":{"loc":{"start":{"line":44,"column":17},"end":{"line":44,"column":42}},"type":"cond-expr","locations":[{"start":{"line":44,"column":27},"end":{"line":44,"column":31}},{"start":{"line":44,"column":34},"end":{"line":44,"column":42}}],"line":44}},"s":{"0":4,"1":4,"2":116,"3":116,"4":4},"f":{"0":116},"b":{"0":[116],"1":[0,116]},"_coverageSchema":"1a1c01bbd47fc00a2c39e90264f33305004495a9","hash":"0e7b09fcecaee5d20c91a40953af7936633e463b"}
,"/Users/user/Documents/Projects/Code/pomofit/components/ui/card.tsx": {"path":"/Users/user/Documents/Projects/Code/pomofit/components/ui/card.tsx","statementMap":{"0":{"start":{"line":5,"column":13},"end":{"line":17,"column":2}},"1":{"start":{"line":9,"column":2},"end":{"line":16,"column":4}},"2":{"start":{"line":18,"column":0},"end":{"line":18,"column":25}},"3":{"start":{"line":20,"column":19},"end":{"line":29,"column":2}},"4":{"start":{"line":24,"column":2},"end":{"line":28,"column":4}},"5":{"start":{"line":30,"column":0},"end":{"line":30,"column":37}},"6":{"start":{"line":32,"column":18},"end":{"line":44,"column":2}},"7":{"start":{"line":36,"column":2},"end":{"line":43,"column":4}},"8":{"start":{"line":45,"column":0},"end":{"line":45,"column":35}},"9":{"start":{"line":47,"column":24},"end":{"line":56,"column":2}},"10":{"start":{"line":51,"column":2},"end":{"line":55,"column":4}},"11":{"start":{"line":57,"column":0},"end":{"line":57,"column":47}},"12":{"start":{"line":59,"column":20},"end":{"line":64,"column":2}},"13":{"start":{"line":63,"column":2},"end":{"line":63,"column":68}},"14":{"start":{"line":65,"column":0},"end":{"line":65,"column":39}},"15":{"start":{"line":67,"column":19},"end":{"line":76,"column":2}},"16":{"start":{"line":71,"column":2},"end":{"line":75,"column":4}},"17":{"start":{"line":77,"column":0},"end":{"line":77,"column":37}}},"fnMap":{"0":{"name":"(anonymous_0)","decl":{"start":{"line":8,"column":2},"end":{"line":8,"column":3}},"loc":{"start":{"line":9,"column":2},"end":{"line":16,"column":4}},"line":9},"1":{"name":"(anonymous_1)","decl":{"start":{"line":23,"column":2},"end":{"line":23,"column":3}},"loc":{"start":{"line":24,"column":2},"end":{"line":28,"column":4}},"line":24},"2":{"name":"(anonymous_2)","decl":{"start":{"line":35,"column":2},"end":{"line":35,"column":3}},"loc":{"start":{"line":36,"column":2},"end":{"line":43,"column":4}},"line":36},"3":{"name":"(anonymous_3)","decl":{"start":{"line":50,"column":2},"end":{"line":50,"column":3}},"loc":{"start":{"line":51,"column":2},"end":{"line":55,"column":4}},"line":51},"4":{"name":"(anonymous_4)","decl":{"start":{"line":62,"column":2},"end":{"line":62,"column":3}},"loc":{"start":{"line":63,"column":2},"end":{"line":63,"column":68}},"line":63},"5":{"name":"(anonymous_5)","decl":{"start":{"line":70,"column":2},"end":{"line":70,"column":3}},"loc":{"start":{"line":71,"column":2},"end":{"line":75,"column":4}},"line":71}},"branchMap":{},"s":{"0":3,"1":37,"2":3,"3":3,"4":37,"5":3,"6":3,"7":13,"8":3,"9":3,"10":0,"11":3,"12":3,"13":37,"14":3,"15":3,"16":0,"17":3},"f":{"0":37,"1":37,"2":13,"3":0,"4":37,"5":0},"b":{},"_coverageSchema":"1a1c01bbd47fc00a2c39e90264f33305004495a9","hash":"c53ae4abdb033132bfb7702c45860240faf8643e"}
,"/Users/user/Documents/Projects/Code/pomofit/components/ui/input.tsx": {"path":"/Users/user/Documents/Projects/Code/pomofit/components/ui/input.tsx","statementMap":{"0":{"start":{"line":5,"column":14},"end":{"line":19,"column":1}},"1":{"start":{"line":7,"column":4},"end":{"line":17,"column":5}},"2":{"start":{"line":20,"column":0},"end":{"line":20,"column":27}}},"fnMap":{"0":{"name":"(anonymous_0)","decl":{"start":{"line":6,"column":2},"end":{"line":6,"column":3}},"loc":{"start":{"line":6,"column":42},"end":{"line":18,"column":3}},"line":6}},"branchMap":{},"s":{"0":3,"1":37,"2":3},"f":{"0":37},"b":{},"_coverageSchema":"1a1c01bbd47fc00a2c39e90264f33305004495a9","hash":"7540d983f69b784b6711a81d965541914344dd10"}
,"/Users/user/Documents/Projects/Code/pomofit/components/ui/scroll-area.tsx": {"path":"/Users/user/Documents/Projects/Code/pomofit/components/ui/scroll-area.tsx","statementMap":{"0":{"start":{"line":8,"column":19},"end":{"line":23,"column":2}},"1":{"start":{"line":12,"column":2},"end":{"line":22,"column":29}},"2":{"start":{"line":24,"column":0},"end":{"line":24,"column":61}},"3":{"start":{"line":26,"column":18},"end":{"line":45,"column":2}},"4":{"start":{"line":30,"column":2},"end":{"line":44,"column":44}},"5":{"start":{"line":46,"column":0},"end":{"line":46,"column":75}}},"fnMap":{"0":{"name":"(anonymous_0)","decl":{"start":{"line":11,"column":2},"end":{"line":11,"column":3}},"loc":{"start":{"line":12,"column":2},"end":{"line":22,"column":29}},"line":12},"1":{"name":"(anonymous_1)","decl":{"start":{"line":29,"column":2},"end":{"line":29,"column":3}},"loc":{"start":{"line":30,"column":2},"end":{"line":44,"column":44}},"line":30}},"branchMap":{"0":{"loc":{"start":{"line":29,"column":16},"end":{"line":29,"column":40}},"type":"default-arg","locations":[{"start":{"line":29,"column":30},"end":{"line":29,"column":40}}],"line":29},"1":{"loc":{"start":{"line":35,"column":6},"end":{"line":36,"column":60}},"type":"binary-expr","locations":[{"start":{"line":35,"column":6},"end":{"line":35,"column":32}},{"start":{"line":36,"column":8},"end":{"line":36,"column":60}}],"line":35},"2":{"loc":{"start":{"line":37,"column":6},"end":{"line":38,"column":62}},"type":"binary-expr","locations":[{"start":{"line":37,"column":6},"end":{"line":37,"column":34}},{"start":{"line":38,"column":8},"end":{"line":38,"column":62}}],"line":37}},"s":{"0":1,"1":13,"2":1,"3":1,"4":13,"5":1},"f":{"0":13,"1":13},"b":{"0":[13],"1":[13,13],"2":[13,0]},"_coverageSchema":"1a1c01bbd47fc00a2c39e90264f33305004495a9","hash":"3dde530d1d4df89ae5ef28f2c081463b0f2be91a"}
,"/Users/user/Documents/Projects/Code/pomofit/components/ui/textarea.tsx": {"path":"/Users/user/Documents/Projects/Code/pomofit/components/ui/textarea.tsx","statementMap":{"0":{"start":{"line":7,"column":17},"end":{"line":18,"column":2}},"1":{"start":{"line":8,"column":2},"end":{"line":17,"column":3}},"2":{"start":{"line":19,"column":0},"end":{"line":19,"column":33}}},"fnMap":{"0":{"name":"(anonymous_0)","decl":{"start":{"line":7,"column":70},"end":{"line":7,"column":71}},"loc":{"start":{"line":7,"column":104},"end":{"line":18,"column":1}},"line":7}},"branchMap":{},"s":{"0":2,"1":24,"2":2},"f":{"0":24},"b":{},"_coverageSchema":"1a1c01bbd47fc00a2c39e90264f33305004495a9","hash":"459f338f5a8e2f43cf53f7bfc8254d025de7b738"}
,"/Users/user/Documents/Projects/Code/pomofit/components/ui/use-toast.ts": {"path":"/Users/user/Documents/Projects/Code/pomofit/components/ui/use-toast.ts","statementMap":{"0":{"start":{"line":11,"column":20},"end":{"line":11,"column":21}},"1":{"start":{"line":12,"column":27},"end":{"line":12,"column":34}},"2":{"start":{"line":21,"column":20},"end":{"line":26,"column":10}},"3":{"start":{"line":28,"column":12},"end":{"line":28,"column":13}},"4":{"start":{"line":31,"column":2},"end":{"line":31,"column":47}},"5":{"start":{"line":32,"column":2},"end":{"line":32,"column":25}},"6":{"start":{"line":59,"column":22},"end":{"line":59,"column":70}},"7":{"start":{"line":61,"column":25},"end":{"line":75,"column":1}},"8":{"start":{"line":62,"column":2},"end":{"line":64,"column":3}},"9":{"start":{"line":63,"column":4},"end":{"line":63,"column":10}},"10":{"start":{"line":66,"column":18},"end":{"line":72,"column":24}},"11":{"start":{"line":67,"column":4},"end":{"line":67,"column":33}},"12":{"start":{"line":68,"column":4},"end":{"line":71,"column":6}},"13":{"start":{"line":74,"column":2},"end":{"line":74,"column":37}},"14":{"start":{"line":77,"column":23},"end":{"line":130,"column":1}},"15":{"start":{"line":78,"column":2},"end":{"line":129,"column":3}},"16":{"start":{"line":80,"column":6},"end":{"line":83,"column":7}},"17":{"start":{"line":86,"column":6},"end":{"line":91,"column":7}},"18":{"start":{"line":89,"column":10},"end":{"line":89,"column":66}},"19":{"start":{"line":94,"column":26},"end":{"line":94,"column":32}},"20":{"start":{"line":98,"column":6},"end":{"line":104,"column":7}},"21":{"start":{"line":99,"column":8},"end":{"line":99,"column":33}},"22":{"start":{"line":101,"column":8},"end":{"line":103,"column":10}},"23":{"start":{"line":102,"column":10},"end":{"line":102,"column":36}},"24":{"start":{"line":106,"column":6},"end":{"line":116,"column":7}},"25":{"start":{"line":109,"column":10},"end":{"line":114,"column":15}},"26":{"start":{"line":119,"column":6},"end":{"line":124,"column":7}},"27":{"start":{"line":120,"column":8},"end":{"line":123,"column":9}},"28":{"start":{"line":125,"column":6},"end":{"line":128,"column":7}},"29":{"start":{"line":127,"column":43},"end":{"line":127,"column":66}},"30":{"start":{"line":132,"column":49},"end":{"line":132,"column":51}},"31":{"start":{"line":134,"column":25},"end":{"line":134,"column":39}},"32":{"start":{"line":137,"column":2},"end":{"line":137,"column":44}},"33":{"start":{"line":138,"column":2},"end":{"line":140,"column":4}},"34":{"start":{"line":139,"column":4},"end":{"line":139,"column":25}},"35":{"start":{"line":146,"column":13},"end":{"line":146,"column":20}},"36":{"start":{"line":148,"column":17},"end":{"line":152,"column":6}},"37":{"start":{"line":149,"column":4},"end":{"line":152,"column":6}},"38":{"start":{"line":153,"column":18},"end":{"line":153,"column":72}},"39":{"start":{"line":153,"column":24},"end":{"line":153,"column":72}},"40":{"start":{"line":155,"column":2},"end":{"line":165,"column":4}},"41":{"start":{"line":162,"column":8},"end":{"line":162,"column":28}},"42":{"start":{"line":162,"column":19},"end":{"line":162,"column":28}},"43":{"start":{"line":167,"column":2},"end":{"line":171,"column":3}},"44":{"start":{"line":175,"column":28},"end":{"line":175,"column":62}},"45":{"start":{"line":177,"column":2},"end":{"line":185,"column":13}},"46":{"start":{"line":178,"column":4},"end":{"line":178,"column":28}},"47":{"start":{"line":179,"column":4},"end":{"line":184,"column":5}},"48":{"start":{"line":180,"column":20},"end":{"line":180,"column":47}},"49":{"start":{"line":181,"column":6},"end":{"line":183,"column":7}},"50":{"start":{"line":182,"column":8},"end":{"line":182,"column":34}},"51":{"start":{"line":187,"column":2},"end":{"line":191,"column":3}},"52":{"start":{"line":190,"column":35},"end":{"line":190,"column":79}}},"fnMap":{"0":{"name":"genId","decl":{"start":{"line":30,"column":9},"end":{"line":30,"column":14}},"loc":{"start":{"line":30,"column":17},"end":{"line":33,"column":1}},"line":30},"1":{"name":"(anonymous_1)","decl":{"start":{"line":61,"column":25},"end":{"line":61,"column":26}},"loc":{"start":{"line":61,"column":46},"end":{"line":75,"column":1}},"line":61},"2":{"name":"(anonymous_2)","decl":{"start":{"line":66,"column":29},"end":{"line":66,"column":30}},"loc":{"start":{"line":66,"column":35},"end":{"line":72,"column":3}},"line":66},"3":{"name":"(anonymous_3)","decl":{"start":{"line":77,"column":23},"end":{"line":77,"column":24}},"loc":{"start":{"line":77,"column":64},"end":{"line":130,"column":1}},"line":77},"4":{"name":"(anonymous_4)","decl":{"start":{"line":88,"column":33},"end":{"line":88,"column":34}},"loc":{"start":{"line":89,"column":10},"end":{"line":89,"column":66}},"line":89},"5":{"name":"(anonymous_5)","decl":{"start":{"line":101,"column":29},"end":{"line":101,"column":30}},"loc":{"start":{"line":101,"column":40},"end":{"line":103,"column":9}},"line":101},"6":{"name":"(anonymous_6)","decl":{"start":{"line":108,"column":33},"end":{"line":108,"column":34}},"loc":{"start":{"line":109,"column":10},"end":{"line":114,"column":15}},"line":109},"7":{"name":"(anonymous_7)","decl":{"start":{"line":127,"column":36},"end":{"line":127,"column":37}},"loc":{"start":{"line":127,"column":43},"end":{"line":127,"column":66}},"line":127},"8":{"name":"dispatch","decl":{"start":{"line":136,"column":9},"end":{"line":136,"column":17}},"loc":{"start":{"line":136,"column":34},"end":{"line":141,"column":1}},"line":136},"9":{"name":"(anonymous_9)","decl":{"start":{"line":138,"column":20},"end":{"line":138,"column":21}},"loc":{"start":{"line":138,"column":34},"end":{"line":140,"column":3}},"line":138},"10":{"name":"toast","decl":{"start":{"line":145,"column":9},"end":{"line":145,"column":14}},"loc":{"start":{"line":145,"column":36},"end":{"line":172,"column":1}},"line":145},"11":{"name":"(anonymous_11)","decl":{"start":{"line":148,"column":17},"end":{"line":148,"column":18}},"loc":{"start":{"line":149,"column":4},"end":{"line":152,"column":6}},"line":149},"12":{"name":"(anonymous_12)","decl":{"start":{"line":153,"column":18},"end":{"line":153,"column":19}},"loc":{"start":{"line":153,"column":24},"end":{"line":153,"column":72}},"line":153},"13":{"name":"(anonymous_13)","decl":{"start":{"line":161,"column":20},"end":{"line":161,"column":21}},"loc":{"start":{"line":161,"column":30},"end":{"line":163,"column":7}},"line":161},"14":{"name":"useToast","decl":{"start":{"line":174,"column":9},"end":{"line":174,"column":17}},"loc":{"start":{"line":174,"column":20},"end":{"line":192,"column":1}},"line":174},"15":{"name":"(anonymous_15)","decl":{"start":{"line":177,"column":18},"end":{"line":177,"column":19}},"loc":{"start":{"line":177,"column":24},"end":{"line":185,"column":3}},"line":177},"16":{"name":"(anonymous_16)","decl":{"start":{"line":179,"column":11},"end":{"line":179,"column":12}},"loc":{"start":{"line":179,"column":17},"end":{"line":184,"column":5}},"line":179},"17":{"name":"(anonymous_17)","decl":{"start":{"line":190,"column":13},"end":{"line":190,"column":14}},"loc":{"start":{"line":190,"column":35},"end":{"line":190,"column":79}},"line":190}},"branchMap":{"0":{"loc":{"start":{"line":62,"column":2},"end":{"line":64,"column":3}},"type":"if","locations":[{"start":{"line":62,"column":2},"end":{"line":64,"column":3}},{"start":{},"end":{}}],"line":62},"1":{"loc":{"start":{"line":78,"column":2},"end":{"line":129,"column":3}},"type":"switch","locations":[{"start":{"line":79,"column":4},"end":{"line":83,"column":7}},{"start":{"line":85,"column":4},"end":{"line":91,"column":7}},{"start":{"line":93,"column":4},"end":{"line":117,"column":5}},{"start":{"line":118,"column":4},"end":{"line":128,"column":7}}],"line":78},"2":{"loc":{"start":{"line":89,"column":10},"end":{"line":89,"column":66}},"type":"cond-expr","locations":[{"start":{"line":89,"column":37},"end":{"line":89,"column":62}},{"start":{"line":89,"column":65},"end":{"line":89,"column":66}}],"line":89},"3":{"loc":{"start":{"line":98,"column":6},"end":{"line":104,"column":7}},"type":"if","locations":[{"start":{"line":98,"column":6},"end":{"line":104,"column":7}},{"start":{"line":100,"column":13},"end":{"line":104,"column":7}}],"line":98},"4":{"loc":{"start":{"line":109,"column":10},"end":{"line":114,"column":15}},"type":"cond-expr","locations":[{"start":{"line":110,"column":14},"end":{"line":113,"column":15}},{"start":{"line":114,"column":14},"end":{"line":114,"column":15}}],"line":109},"5":{"loc":{"start":{"line":109,"column":10},"end":{"line":109,"column":51}},"type":"binary-expr","locations":[{"start":{"line":109,"column":10},"end":{"line":109,"column":26}},{"start":{"line":109,"column":30},"end":{"line":109,"column":51}}],"line":109},"6":{"loc":{"start":{"line":119,"column":6},"end":{"line":124,"column":7}},"type":"if","locations":[{"start":{"line":119,"column":6},"end":{"line":124,"column":7}},{"start":{},"end":{}}],"line":119},"7":{"loc":{"start":{"line":162,"column":8},"end":{"line":162,"column":28}},"type":"if","locations":[{"start":{"line":162,"column":8},"end":{"line":162,"column":28}},{"start":{},"end":{}}],"line":162},"8":{"loc":{"start":{"line":181,"column":6},"end":{"line":183,"column":7}},"type":"if","locations":[{"start":{"line":181,"column":6},"end":{"line":183,"column":7}},{"start":{},"end":{}}],"line":181}},"s":{"0":4,"1":4,"2":4,"3":4,"4":0,"5":0,"6":4,"7":4,"8":0,"9":0,"10":0,"11":0,"12":0,"13":0,"14":4,"15":0,"16":0,"17":0,"18":0,"19":0,"20":0,"21":0,"22":0,"23":0,"24":0,"25":0,"26":0,"27":0,"28":0,"29":0,"30":4,"31":4,"32":0,"33":0,"34":0,"35":0,"36":0,"37":0,"38":0,"39":0,"40":0,"41":0,"42":0,"43":0,"44":158,"45":158,"46":78,"47":78,"48":78,"49":78,"50":78,"51":158,"52":0},"f":{"0":0,"1":0,"2":0,"3":0,"4":0,"5":0,"6":0,"7":0,"8":0,"9":0,"10":0,"11":0,"12":0,"13":0,"14":158,"15":78,"16":78,"17":0},"b":{"0":[0,0],"1":[0,0,0,0],"2":[0,0],"3":[0,0],"4":[0,0],"5":[0,0],"6":[0,0],"7":[0,0],"8":[78,0]},"_coverageSchema":"1a1c01bbd47fc00a2c39e90264f33305004495a9","hash":"5c0fa83d2be3469917da0fbdee8cedd39a03686e"}
,"/Users/user/Documents/Projects/Code/pomofit/lib/auth-context.tsx": {"path":"/Users/user/Documents/Projects/Code/pomofit/lib/auth-context.tsx","statementMap":{"0":{"start":{"line":21,"column":20},"end":{"line":21,"column":73}},"1":{"start":{"line":24,"column":26},"end":{"line":24,"column":53}},"2":{"start":{"line":25,"column":36},"end":{"line":25,"column":51}},"3":{"start":{"line":26,"column":20},"end":{"line":26,"column":30}},"4":{"start":{"line":29,"column":2},"end":{"line":31,"column":5}},"5":{"start":{"line":30,"column":4},"end":{"line":30,"column":24}},"6":{"start":{"line":33,"column":17},"end":{"line":41,"column":3}},"7":{"start":{"line":35,"column":4},"end":{"line":39,"column":7}},"8":{"start":{"line":40,"column":4},"end":{"line":40,"column":68}},"9":{"start":{"line":43,"column":17},"end":{"line":51,"column":3}},"10":{"start":{"line":45,"column":4},"end":{"line":49,"column":7}},"11":{"start":{"line":50,"column":4},"end":{"line":50,"column":68}},"12":{"start":{"line":53,"column":18},"end":{"line":61,"column":3}},"13":{"start":{"line":55,"column":4},"end":{"line":55,"column":18}},"14":{"start":{"line":56,"column":4},"end":{"line":60,"column":7}},"15":{"start":{"line":63,"column":2},"end":{"line":67,"column":4}},"16":{"start":{"line":71,"column":18},"end":{"line":71,"column":41}},"17":{"start":{"line":72,"column":2},"end":{"line":74,"column":3}},"18":{"start":{"line":73,"column":4},"end":{"line":73,"column":67}},"19":{"start":{"line":75,"column":2},"end":{"line":75,"column":17}}},"fnMap":{"0":{"name":"AuthProvider","decl":{"start":{"line":23,"column":16},"end":{"line":23,"column":28}},"loc":{"start":{"line":23,"column":68},"end":{"line":68,"column":1}},"line":23},"1":{"name":"(anonymous_1)","decl":{"start":{"line":29,"column":11},"end":{"line":29,"column":12}},"loc":{"start":{"line":29,"column":17},"end":{"line":31,"column":3}},"line":29},"2":{"name":"(anonymous_2)","decl":{"start":{"line":33,"column":17},"end":{"line":33,"column":18}},"loc":{"start":{"line":33,"column":60},"end":{"line":41,"column":3}},"line":33},"3":{"name":"(anonymous_3)","decl":{"start":{"line":43,"column":17},"end":{"line":43,"column":18}},"loc":{"start":{"line":43,"column":60},"end":{"line":51,"column":3}},"line":43},"4":{"name":"(anonymous_4)","decl":{"start":{"line":53,"column":18},"end":{"line":53,"column":19}},"loc":{"start":{"line":53,"column":30},"end":{"line":61,"column":3}},"line":53},"5":{"name":"useAuth","decl":{"start":{"line":70,"column":16},"end":{"line":70,"column":23}},"loc":{"start":{"line":70,"column":26},"end":{"line":76,"column":1}},"line":70}},"branchMap":{"0":{"loc":{"start":{"line":72,"column":2},"end":{"line":74,"column":3}},"type":"if","locations":[{"start":{"line":72,"column":2},"end":{"line":74,"column":3}},{"start":{},"end":{}}],"line":72}},"s":{"0":4,"1":35,"2":35,"3":35,"4":35,"5":17,"6":35,"7":0,"8":0,"9":35,"10":0,"11":0,"12":35,"13":0,"14":0,"15":35,"16":148,"17":148,"18":0,"19":148},"f":{"0":35,"1":17,"2":0,"3":0,"4":0,"5":148},"b":{"0":[0,148]},"_coverageSchema":"1a1c01bbd47fc00a2c39e90264f33305004495a9","hash":"365670dd1b6b7c8051d8acd35d018db05dcf9649"}
,"/Users/user/Documents/Projects/Code/pomofit/lib/history-utils.ts": {"path":"/Users/user/Documents/Projects/Code/pomofit/lib/history-utils.ts","statementMap":{"0":{"start":{"line":22,"column":25},"end":{"line":42,"column":1}},"1":{"start":{"line":24,"column":4},"end":{"line":24,"column":50}},"2":{"start":{"line":24,"column":39},"end":{"line":24,"column":50}},"3":{"start":{"line":25,"column":4},"end":{"line":30,"column":5}},"4":{"start":{"line":26,"column":6},"end":{"line":26,"column":38}},"5":{"start":{"line":28,"column":6},"end":{"line":28,"column":69}},"6":{"start":{"line":29,"column":6},"end":{"line":29,"column":17}},"7":{"start":{"line":33,"column":4},"end":{"line":33,"column":51}},"8":{"start":{"line":33,"column":39},"end":{"line":33,"column":51}},"9":{"start":{"line":34,"column":4},"end":{"line":40,"column":5}},"10":{"start":{"line":35,"column":6},"end":{"line":35,"column":38}},"11":{"start":{"line":36,"column":6},"end":{"line":36,"column":17}},"12":{"start":{"line":38,"column":6},"end":{"line":38,"column":67}},"13":{"start":{"line":39,"column":6},"end":{"line":39,"column":18}},"14":{"start":{"line":46,"column":18},"end":{"line":46,"column":61}},"15":{"start":{"line":47,"column":2},"end":{"line":50,"column":3}},"16":{"start":{"line":48,"column":4},"end":{"line":48,"column":51}},"17":{"start":{"line":49,"column":4},"end":{"line":49,"column":13}},"18":{"start":{"line":52,"column":2},"end":{"line":105,"column":3}},"19":{"start":{"line":53,"column":26},"end":{"line":53,"column":45}},"20":{"start":{"line":54,"column":4},"end":{"line":54,"column":64}},"21":{"start":{"line":56,"column":4},"end":{"line":59,"column":5}},"22":{"start":{"line":57,"column":6},"end":{"line":57,"column":62}},"23":{"start":{"line":58,"column":6},"end":{"line":58,"column":15}},"24":{"start":{"line":62,"column":26},"end":{"line":98,"column":22}},"25":{"start":{"line":64,"column":8},"end":{"line":96,"column":9}},"26":{"start":{"line":65,"column":10},"end":{"line":68,"column":11}},"27":{"start":{"line":66,"column":12},"end":{"line":66,"column":71}},"28":{"start":{"line":67,"column":12},"end":{"line":67,"column":23}},"29":{"start":{"line":71,"column":10},"end":{"line":74,"column":11}},"30":{"start":{"line":72,"column":12},"end":{"line":72,"column":87}},"31":{"start":{"line":73,"column":12},"end":{"line":73,"column":23}},"32":{"start":{"line":78,"column":10},"end":{"line":82,"column":11}},"33":{"start":{"line":79,"column":12},"end":{"line":79,"column":41}},"34":{"start":{"line":81,"column":12},"end":{"line":81,"column":51}},"35":{"start":{"line":84,"column":10},"end":{"line":87,"column":11}},"36":{"start":{"line":85,"column":12},"end":{"line":85,"column":94}},"37":{"start":{"line":86,"column":12},"end":{"line":86,"column":23}},"38":{"start":{"line":89,"column":10},"end":{"line":92,"column":11}},"39":{"start":{"line":94,"column":10},"end":{"line":94,"column":86}},"40":{"start":{"line":95,"column":10},"end":{"line":95,"column":21}},"41":{"start":{"line":100,"column":4},"end":{"line":100,"column":98}},"42":{"start":{"line":101,"column":4},"end":{"line":101,"column":24}},"43":{"start":{"line":103,"column":4},"end":{"line":103,"column":50}},"44":{"start":{"line":104,"column":4},"end":{"line":104,"column":13}},"45":{"start":{"line":110,"column":2},"end":{"line":121,"column":3}},"46":{"start":{"line":111,"column":4},"end":{"line":111,"column":54}},"47":{"start":{"line":112,"column":20},"end":{"line":112,"column":32}},"48":{"start":{"line":113,"column":27},"end":{"line":113,"column":48}},"49":{"start":{"line":115,"column":20},"end":{"line":115,"column":95}},"50":{"start":{"line":116,"column":4},"end":{"line":116,"column":55}},"51":{"start":{"line":117,"column":4},"end":{"line":117,"column":18}},"52":{"start":{"line":119,"column":4},"end":{"line":119,"column":60}},"53":{"start":{"line":120,"column":4},"end":{"line":120,"column":16}},"54":{"start":{"line":126,"column":2},"end":{"line":126,"column":48}},"55":{"start":{"line":128,"column":18},"end":{"line":128,"column":30}},"56":{"start":{"line":129,"column":2},"end":{"line":129,"column":59}},"57":{"start":{"line":132,"column":2},"end":{"line":135,"column":3}},"58":{"start":{"line":133,"column":4},"end":{"line":133,"column":55}},"59":{"start":{"line":134,"column":4},"end":{"line":134,"column":18}},"60":{"start":{"line":137,"column":21},"end":{"line":141,"column":3}},"61":{"start":{"line":143,"column":2},"end":{"line":143,"column":41}},"62":{"start":{"line":145,"column":27},"end":{"line":168,"column":4}},"63":{"start":{"line":146,"column":4},"end":{"line":167,"column":5}},"64":{"start":{"line":147,"column":26},"end":{"line":147,"column":53}},"65":{"start":{"line":148,"column":30},"end":{"line":152,"column":7}},"66":{"start":{"line":155,"column":8},"end":{"line":157,"column":48}},"67":{"start":{"line":159,"column":6},"end":{"line":161,"column":7}},"68":{"start":{"line":160,"column":8},"end":{"line":160,"column":70}},"69":{"start":{"line":163,"column":6},"end":{"line":163,"column":20}},"70":{"start":{"line":165,"column":6},"end":{"line":165,"column":71}},"71":{"start":{"line":166,"column":6},"end":{"line":166,"column":18}},"72":{"start":{"line":170,"column":2},"end":{"line":170,"column":90}},"73":{"start":{"line":172,"column":2},"end":{"line":179,"column":4}},"74":{"start":{"line":173,"column":4},"end":{"line":178,"column":5}},"75":{"start":{"line":174,"column":6},"end":{"line":174,"column":78}},"76":{"start":{"line":176,"column":6},"end":{"line":176,"column":53}},"77":{"start":{"line":177,"column":6},"end":{"line":177,"column":14}},"78":{"start":{"line":184,"column":22},"end":{"line":184,"column":74}},"79":{"start":{"line":185,"column":2},"end":{"line":185,"column":29}},"80":{"start":{"line":185,"column":20},"end":{"line":185,"column":29}},"81":{"start":{"line":187,"column":2},"end":{"line":227,"column":3}},"82":{"start":{"line":188,"column":30},"end":{"line":188,"column":53}},"83":{"start":{"line":190,"column":4},"end":{"line":193,"column":5}},"84":{"start":{"line":191,"column":6},"end":{"line":191,"column":75}},"85":{"start":{"line":192,"column":6},"end":{"line":192,"column":15}},"86":{"start":{"line":196,"column":4},"end":{"line":223,"column":22}},"87":{"start":{"line":198,"column":8},"end":{"line":221,"column":9}},"88":{"start":{"line":199,"column":10},"end":{"line":201,"column":11}},"89":{"start":{"line":200,"column":12},"end":{"line":200,"column":23}},"90":{"start":{"line":204,"column":10},"end":{"line":208,"column":11}},"91":{"start":{"line":205,"column":12},"end":{"line":205,"column":48}},"92":{"start":{"line":207,"column":12},"end":{"line":207,"column":58}},"93":{"start":{"line":210,"column":10},"end":{"line":212,"column":11}},"94":{"start":{"line":211,"column":12},"end":{"line":211,"column":23}},"95":{"start":{"line":214,"column":10},"end":{"line":217,"column":11}},"96":{"start":{"line":219,"column":10},"end":{"line":219,"column":74}},"97":{"start":{"line":220,"column":10},"end":{"line":220,"column":21}},"98":{"start":{"line":225,"column":4},"end":{"line":225,"column":59}},"99":{"start":{"line":226,"column":4},"end":{"line":226,"column":13}},"100":{"start":{"line":232,"column":2},"end":{"line":246,"column":3}},"101":{"start":{"line":233,"column":24},"end":{"line":233,"column":44}},"102":{"start":{"line":234,"column":47},"end":{"line":239,"column":5}},"103":{"start":{"line":241,"column":31},"end":{"line":241,"column":62}},"104":{"start":{"line":242,"column":4},"end":{"line":242,"column":99}},"105":{"start":{"line":244,"column":4},"end":{"line":244,"column":57}},"106":{"start":{"line":245,"column":4},"end":{"line":245,"column":16}},"107":{"start":{"line":251,"column":22},"end":{"line":251,"column":42}},"108":{"start":{"line":254,"column":2},"end":{"line":256,"column":3}},"109":{"start":{"line":255,"column":4},"end":{"line":255,"column":22}},"110":{"start":{"line":258,"column":2},"end":{"line":279,"column":6}},"111":{"start":{"line":260,"column":6},"end":{"line":270,"column":7}},"112":{"start":{"line":261,"column":31},"end":{"line":261,"column":63}},"113":{"start":{"line":262,"column":8},"end":{"line":266,"column":9}},"114":{"start":{"line":268,"column":8},"end":{"line":268,"column":79}},"115":{"start":{"line":269,"column":8},"end":{"line":269,"column":20}},"116":{"start":{"line":273,"column":6},"end":{"line":278,"column":7}},"117":{"start":{"line":274,"column":8},"end":{"line":274,"column":84}},"118":{"start":{"line":276,"column":8},"end":{"line":276,"column":58}},"119":{"start":{"line":277,"column":8},"end":{"line":277,"column":16}},"120":{"start":{"line":284,"column":2},"end":{"line":292,"column":3}}},"fnMap":{"0":{"name":"(anonymous_0)","decl":{"start":{"line":23,"column":11},"end":{"line":23,"column":12}},"loc":{"start":{"line":23,"column":43},"end":{"line":31,"column":3}},"line":23},"1":{"name":"(anonymous_1)","decl":{"start":{"line":32,"column":11},"end":{"line":32,"column":12}},"loc":{"start":{"line":32,"column":52},"end":{"line":41,"column":3}},"line":32},"2":{"name":"getHistory","decl":{"start":{"line":45,"column":16},"end":{"line":45,"column":26}},"loc":{"start":{"line":45,"column":48},"end":{"line":106,"column":1}},"line":45},"3":{"name":"(anonymous_3)","decl":{"start":{"line":63,"column":11},"end":{"line":63,"column":12}},"loc":{"start":{"line":63,"column":44},"end":{"line":97,"column":7}},"line":63},"4":{"name":"addSessionToHistory","decl":{"start":{"line":109,"column":16},"end":{"line":109,"column":35}},"loc":{"start":{"line":109,"column":62},"end":{"line":122,"column":1}},"line":109},"5":{"name":"getHistoryByDate","decl":{"start":{"line":125,"column":16},"end":{"line":125,"column":32}},"loc":{"start":{"line":125,"column":64},"end":{"line":180,"column":1}},"line":125},"6":{"name":"(anonymous_6)","decl":{"start":{"line":145,"column":42},"end":{"line":145,"column":43}},"loc":{"start":{"line":145,"column":55},"end":{"line":168,"column":3}},"line":145},"7":{"name":"(anonymous_7)","decl":{"start":{"line":172,"column":31},"end":{"line":172,"column":32}},"loc":{"start":{"line":172,"column":41},"end":{"line":179,"column":3}},"line":172},"8":{"name":"getTaskCompletions","decl":{"start":{"line":183,"column":16},"end":{"line":183,"column":34}},"loc":{"start":{"line":183,"column":60},"end":{"line":228,"column":1}},"line":183},"9":{"name":"(anonymous_9)","decl":{"start":{"line":197,"column":11},"end":{"line":197,"column":12}},"loc":{"start":{"line":197,"column":32},"end":{"line":222,"column":7}},"line":197},"10":{"name":"addTaskCompletion","decl":{"start":{"line":231,"column":16},"end":{"line":231,"column":33}},"loc":{"start":{"line":231,"column":69},"end":{"line":247,"column":1}},"line":231},"11":{"name":"getTaskCompletionsByDate","decl":{"start":{"line":250,"column":16},"end":{"line":250,"column":40}},"loc":{"start":{"line":250,"column":76},"end":{"line":280,"column":1}},"line":250},"12":{"name":"(anonymous_12)","decl":{"start":{"line":259,"column":12},"end":{"line":259,"column":13}},"loc":{"start":{"line":259,"column":28},"end":{"line":271,"column":5}},"line":259},"13":{"name":"(anonymous_13)","decl":{"start":{"line":272,"column":10},"end":{"line":272,"column":11}},"loc":{"start":{"line":272,"column":20},"end":{"line":279,"column":5}},"line":272},"14":{"name":"useHistory","decl":{"start":{"line":283,"column":16},"end":{"line":283,"column":26}},"loc":{"start":{"line":283,"column":29},"end":{"line":293,"column":1}},"line":283}},"branchMap":{"0":{"loc":{"start":{"line":24,"column":4},"end":{"line":24,"column":50}},"type":"if","locations":[{"start":{"line":24,"column":4},"end":{"line":24,"column":50}},{"start":{},"end":{}}],"line":24},"1":{"loc":{"start":{"line":33,"column":4},"end":{"line":33,"column":51}},"type":"if","locations":[{"start":{"line":33,"column":4},"end":{"line":33,"column":51}},{"start":{},"end":{}}],"line":33},"2":{"loc":{"start":{"line":47,"column":2},"end":{"line":50,"column":3}},"type":"if","locations":[{"start":{"line":47,"column":2},"end":{"line":50,"column":3}},{"start":{},"end":{}}],"line":47},"3":{"loc":{"start":{"line":56,"column":4},"end":{"line":59,"column":5}},"type":"if","locations":[{"start":{"line":56,"column":4},"end":{"line":59,"column":5}},{"start":{},"end":{}}],"line":56},"4":{"loc":{"start":{"line":65,"column":10},"end":{"line":68,"column":11}},"type":"if","locations":[{"start":{"line":65,"column":10},"end":{"line":68,"column":
[...]
41}},"loc":{"start":{"line":322,"column":46},"end":{"line":324,"column":7}},"line":322},"17":{"name":"(anonymous_17)","decl":{"start":{"line":323,"column":20},"end":{"line":323,"column":21}},"loc":{"start":{"line":323,"column":34},"end":{"line":323,"column":46}},"line":323},"18":{"name":"(anonymous_18)","decl":{"start":{"line":328,"column":11},"end":{"line":328,"column":12}},"loc":{"start":{"line":328,"column":17},"end":{"line":333,"column":5}},"line":328},"19":{"name":"(anonymous_19)","decl":{"start":{"line":337,"column":12},"end":{"line":337,"column":13}},"loc":{"start":{"line":337,"column":18},"end":{"line":361,"column":3}},"line":337},"20":{"name":"(anonymous_20)","decl":{"start":{"line":340,"column":33},"end":{"line":340,"column":34}},"loc":{"start":{"line":340,"column":59},"end":{"line":351,"column":7}},"line":340},"21":{"name":"(anonymous_21)","decl":{"start":{"line":357,"column":13},"end":{"line":357,"column":14}},"loc":{"start":{"line":357,"column":19},"end":{"line":359,"column":7}},"line":357},"22":{"name":"(anonymous_22)","decl":{"start":{"line":364,"column":12},"end":{"line":364,"column":13}},"loc":{"start":{"line":364,"column":18},"end":{"line":457,"column":3}},"line":364},"23":{"name":"(anonymous_23)","decl":{"start":{"line":390,"column":19},"end":{"line":390,"column":20}},"loc":{"start":{"line":390,"column":25},"end":{"line":440,"column":9}},"line":390},"24":{"name":"(anonymous_24)","decl":{"start":{"line":443,"column":19},"end":{"line":443,"column":20}},"loc":{"start":{"line":443,"column":25},"end":{"line":454,"column":9}},"line":443},"25":{"name":"(anonymous_25)","decl":{"start":{"line":471,"column":12},"end":{"line":471,"column":13}},"loc":{"start":{"line":471,"column":18},"end":{"line":483,"column":3}},"line":471},"26":{"name":"(anonymous_26)","decl":{"start":{"line":480,"column":11},"end":{"line":480,"column":12}},"loc":{"start":{"line":480,"column":17},"end":{"line":482,"column":5}},"line":480},"27":{"name":"(anonymous_27)","decl":{"start":{"line":486,"column":21},"end":{"line":486,"column":22}},"loc":{"start":{"line":486,"column":42},"end":{"line":492,"column":3}},"line":486},"28":{"name":"(anonymous_28)","decl":{"start":{"line":498,"column":22},"end":{"line":498,"column":23}},"loc":{"start":{"line":498,"column":28},"end":{"line":520,"column":3}},"line":498},"29":{"name":"(anonymous_29)","decl":{"start":{"line":523,"column":21},"end":{"line":523,"column":22}},"loc":{"start":{"line":523,"column":27},"end":{"line":526,"column":3}},"line":523},"30":{"name":"(anonymous_30)","decl":{"start":{"line":529,"column":27},"end":{"line":529,"column":28}},"loc":{"start":{"line":529,"column":51},"end":{"line":535,"column":3}},"line":529},"31":{"name":"(anonymous_31)","decl":{"start":{"line":538,"column":27},"end":{"line":538,"column":28}},"loc":{"start":{"line":542,"column":7},"end":{"line":585,"column":3}},"line":542},"32":{"name":"(anonymous_32)","decl":{"start":{"line":573,"column":17},"end":{"line":573,"column":18}},"loc":{"start":{"line":573,"column":23},"end":{"line":577,"column":7}},"line":573},"33":{"name":"(anonymous_33)","decl":{"start":{"line":588,"column":51},"end":{"line":588,"column":52}},"loc":{"start":{"line":588,"column":57},"end":{"line":593,"column":3}},"line":588},"34":{"name":"TimerProvider","decl":{"start":{"line":624,"column":16},"end":{"line":624,"column":29}},"loc":{"start":{"line":624,"column":69},"end":{"line":626,"column":1}},"line":624},"35":{"name":"useTimer","decl":{"start":{"line":628,"column":16},"end":{"line":628,"column":24}},"loc":{"start":{"line":628,"column":27},"end":{"line":634,"column":1}},"line":628}},"branchMap":{"0":{"loc":{"start":{"line":62,"column":21},"end":{"line":63,"column":40}},"type":"binary-expr","locations":[{"start":{"line":62,"column":21},"end":{"line":62,"column":40}},{"start":{"line":63,"column":6},"end":{"line":63,"column":40}}],"line":62},"1":{"loc":{"start":{"line":84,"column":21},"end":{"line":85,"column":40}},"type":"binary-expr","locations":[{"start":{"line":84,"column":21},"end":{"line":84,"column":40}},{"start":{"line":85,"column":6},"end":{"line":85,"column":40}}],"line":84},"2":{"loc":{"start":{"line":120,"column":4},"end":{"line":125,"column":5}},"type":"if","locations":[{"start":{"line":120,"column":4},"end":{"line":125,"column":5}},{"start":{},"end":{}}],"line":120},"3":{"loc":{"start":{"line":217,"column":4},"end":{"line":225,"column":5}},"type":"if","locations":[{"start":{"line":217,"column":4},"end":{"line":225,"column":5}},{"start":{},"end":{}}],"line":217},"4":{"loc":{"start":{"line":253,"column":4},"end":{"line":259,"column":5}},"type":"if","locations":[{"start":{"line":253,"column":4},"end":{"line":259,"column":5}},{"start":{},"end":{}}],"line":253},"5":{"loc":{"start":{"line":255,"column":6},"end":{"line":258,"column":7}},"type":"if","locations":[{"start":{"line":255,"column":6},"end":{"line":258,"column":7}},{"start":{},"end":{}}],"line":255},"6":{"loc":{"start":{"line":279,"column":4},"end":{"line":282,"column":5}},"type":"if","locations":[{"start":{"line":279,"column":4},"end":{"line":282,"column":5}},{"start":{},"end":{}}],"line":279},"7":{"loc":{"start":{"line":289,"column":6},"end":{"line":296,"column":7}},"type":"switch","locations":[{"start":{"line":290,"column":8},"end":{"line":291,"column":44}},{"start":{"line":292,"column":8},"end":{"line":293,"column":46}},{"start":{"line":294,"column":8},"end":{"line":295,"column":45}}],"line":289},"8":{"loc":{"start":{"line":306,"column":4},"end":{"line":308,"column":5}},"type":"if","locations":[{"start":{"line":306,"column":4},"end":{"line":308,"column":5}},{"start":{},"end":{}}],"line":306},"9":{"loc":{"start":{"line":316,"column":4},"end":{"line":319,"column":5}},"type":"if","locations":[{"start":{"line":316,"column":4},"end":{"line":319,"column":5}},{"start":{},"end":{}}],"line":316},"10":{"loc":{"start":{"line":321,"column":4},"end":{"line":325,"column":5}},"type":"if","locations":[{"start":{"line":321,"column":4},"end":{"line":325,"column":5}},{"start":{},"end":{}}],"line":321},"11":{"loc":{"start":{"line":321,"column":8},"end":{"line":321,"column":33}},"type":"binary-expr","locations":[{"start":{"line":321,"column":8},"end":{"line":321,"column":17}},{"start":{"line":321,"column":21},"end":{"line":321,"column":33}}],"line":321},"12":{"loc":{"start":{"line":329,"column":6},"end":{"line":332,"column":7}},"type":"if","locations":[{"start":{"line":329,"column":6},"end":{"line":332,"column":7}},{"start":{},"end":{}}],"line":329},"13":{"loc":{"start":{"line":339,"column":4},"end":{"line":360,"column":5}},"type":"if","locations":[{"start":{"line":339,"column":4},"end":{"line":360,"column":5}},{"start":{},"end":{}}],"line":339},"14":{"loc":{"start":{"line":366,"column":4},"end":{"line":456,"column":5}},"type":"if","locations":[{"start":{"line":366,"column":4},"end":{"line":456,"column":5}},{"start":{},"end":{}}],"line":366},"15":{"loc":{"start":{"line":366,"column":8},"end":{"line":366,"column":35}},"type":"binary-expr","locations":[{"start":{"line":366,"column":8},"end":{"line":366,"column":17}},{"start":{"line":366,"column":21},"end":{"line":366,"column":35}}],"line":366},"16":{"loc":{"start":{"line":377,"column":6},"end":{"line":385,"column":7}},"type":"if","locations":[{"start":{"line":377,"column":6},"end":{"line":385,"column":7}},{"start":{},"end":{}}],"line":377},"17":{"loc":{"start":{"line":378,"column":8},"end":{"line":384,"column":9}},"type":"if","locations":[{"start":{"line":378,"column":8},"end":{"line":384,"column":9}},{"start":{"line":381,"column":15},"end":{"line":384,"column":9}}],"line":378},"18":{"loc":{"start":{"line":388,"column":6},"end":{"line":455,"column":7}},"type":"if","locations":[{"start":{"line":388,"column":6},"end":{"line":455,"column":7}},{"start":{"line":441,"column":13},"end":{"line":455,"column":7}}],"line":388},"19":{"loc":{"start":{"line":399,"column":10},"end":{"line":402,"column":11}},"type":"if","locations":[{"start":{"line":399,"column":10},"end":{"line":402,"column":11}},{"start":{},"end":{}}],"line":399},"20":{"loc":{"start":{"line":399,"column":14},"end":{"line":399,"column":53}},"type":"binary-expr","locations":[{"start":{"line":399,"column":14},"end":{"line":399,"column":27}},{"start":{"line":399,"column":31},"end":{"line":399,"column":53}}],"line":399},"21":{"loc":{"start":{"line":414,"column":10},"end":{"line":416,"column":11}},"type":"if","locations":[{"start":{"line":414,"column":10},"end":{"line":416,"column":11}},{"start":{},"end":{}}],"line":414},"22":{"loc":{"start":{"line":420,"column":12},"end":{"line":420,"column":72}},"type":"cond-expr","locations":[{"start":{"line":420,"column":46},"end":{"line":420,"column":57}},{"start":{"line":420,"column":60},"end":{"line":420,"column":72}}],"line":420},"23":{"loc":{"start":{"line":426,"column":14},"end":{"line":428,"column":41}},"type":"cond-expr","locations":[{"start":{"line":427,"column":18},"end":{"line":427,"column":45}},{"start":{"line":428,"column":18},"end":{"line":428,"column":41}}],"line":426},"24":{"loc":{"start":{"line":430,"column":14},"end":{"line":432,"column":43}},"type":"cond-expr","locations":[{"start":{"line":431,"column":18},"end":{"line":431,"column":70}},{"start":{"line":432,"column":18},"end":{"line":432,"column":43}}],"line":430},"25":{"loc":{"start":{"line":474,"column":4},"end":{"line":478,"column":5}},"type":"if","locations":[{"start":{"line":474,"column":4},"end":{"line":478,"column":5}},{"start":{"line":476,"column":11},"end":{"line":478,"column":5}}],"line":474},"26":{"loc":{"start":{"line":499,"column":4},"end":{"line":519,"column":5}},"type":"if","locations":[{"start":{"line":499,"column":4},"end":{"line":519,"column":5}},{"start":{"line":516,"column":11},"end":{"line":519,"column":5}}],"line":499},"27":{"loc":{"start":{"line":501,"column":6},"end":{"line":510,"column":7}},"type":"if","locations":[{"start":{"line":501,"column":6},"end":{"line":510,"column":7}},{"start":{},"end":{}}],"line":501},"28":{"loc":{"start":{"line":530,"column":4},"end":{"line":533,"column":5}},"type":"if","locations":[{"start":{"line":530,"column":4},"end":{"line":533,"column":5}},{"start":{},"end":{}}],"line":530},"29":{"loc":{"start":{"line":532,"column":6},"end":{"line":532,"column":27}},"type":"if","locations":[{"start":{"line":532,"column":6},"end":{"line":532,"column":27}},{"start":{},"end":{}}],"line":532},"30":{"loc":{"start":{"line":541,"column":4},"end":{"line":541,"column":24}},"type":"default-arg","locations":[{"start":{"line":541,"column":20},"end":{"line":541,"column":24}}],"line":541},"31":{"loc":{"start":{"line":557,"column":14},"end":{"line":557,"column":59}},"type":"binary-expr","locations":[{"start":{"line":557,"column":14},"end":{"line":557,"column":46}},{"start":{"line":557,"column":50},"end":{"line":557,"column":59}}],"line":557},"32":{"loc":{"start":{"line":558,"column":17},"end":{"line":558,"column":65}},"type":"binary-expr","locations":[{"start":{"line":558,"column":17},"end":{"line":558,"column":52}},{"start":{"line":558,"column":56},"end":{"line":558,"column":65}}],"line":558},"33":{"loc":{"start":{"line":567,"column":4},"end":{"line":584,"column":5}},"type":"if","locations":[{"start":{"line":567,"column":4},"end":{"line":584,"column":5}},{"start":{"line":578,"column":11},"end":{"line":584,"column":5}}],"line":567},"34":{"loc":{"start":{"line":567,"column":8},"end":{"line":567,"column":44}},"type":"binary-expr","locations":[{"start":{"line":567,"column":8},"end":{"line":567,"column":21}},{"start":{"line":567,"column":25},"end":{"line":567,"column":44}}],"line":567},"35":{"loc":{"start":{"line":580,"column":6},"end":{"line":583,"column":7}},"type":"if","locations":[{"start":{"line":580,"column":6},"end":{"line":583,"column":7}},{"start":{},"end":{}}],"line":580},"36":{"loc":{"start":{"line":630,"column":2},"end":{"line":632,"column":3}},"type":"if","locations":[{"start":{"line":630,"column":2},"end":{"line":632,"column":3}},{"start":{},"end":{}}],"line":630}},"s":{"0":2,"1":2,"2":8,"3":8,"4":8,"5":8,"6":8,"7":8,"8":8,"9":8,"10":8,"11":8,"12":8,"13":0,"14":2,"15":0,"16":0,"17":0,"18":0,"19":0,"20":0,"21":0,"22":0,"23":0,"24":0,"25":0,"26":0,"27":0,"28":0,"29":0,"30":0,"31":0,"32":0,"33":0,"34":0,"35":0,"36":0,"37":0,"38":0,"39":0,"40":0,"41":2,"42":2,"43":0,"44":0,"45":2,"46":9,"47":9,"48":9,"49":0,"50":0,"51":0,"52":9,"53":9,"54":23,"55":23,"56":23,"57":23,"58":23,"59":22,"60":0,"61":0,"62":0,"63":23,"64":23,"65":23,"66":23,"67":23,"68":23,"69":23,"70":23,"71":23,"72":23,"73":23,"74":9,"75":0,"76":0,"77":0,"78":0,"79":0,"80":23,"81":23,"82":23,"83":23,"84":9,"85":9,"86":0,"87":23,"88":51,"89":45,"90":3,"91":3,"92":23,"93":11,"94":11,"95":11,"96":11,"97":23,"98":23,"99":15,"100":0,"101":0,"102":15,"103":5,"104":1502,"105":1502,"106":15,"107":15,"108":5,"109":5,"110":23,"111":15,"112":5,"113":0,"114":0,"115":0,"116":5,"117":5,"118":5,"119":23,"120":22,"121":0,"122":0,"123":0,"124":0,"125":0,"126":0,"127":0,"128":0,"129":0,"130":0,"131":0,"132":0,"133":0,"134":0,"135":0,"136":0,"137":0,"138":0,"139":0,"140":0,"141":0,"142":0,"143":0,"144":0,"145":0,"146":0,"147":0,"148":23,"149":16,"150":16,"151":12,"152":4,"153":16,"154":16,"155":23,"156":16,"157":16,"158":16,"159":23,"160":23,"161":9,"162":8,"163":8,"164":8,"165":8,"166":1,"167":23,"168":1,"169":1,"170":23,"171":2,"172":0,"173":0,"174":0,"175":2,"176":23,"177":0,"178":0,"179":0,"180":0,"181":0,"182":0,"183":0,"184":0,"185":0,"186":0,"187":0,"188":0,"189":0,"190":23,"191":0,"192":0,"193":23,"194":23,"195":9,"196":22,"197":22,"198":0,"199":22},"f":{"0":8,"1":0,"2":0,"3":9,"4":0,"5":9,"6":23,"7":22,"8":0,"9":0,"10":9,"11":0,"12":9,"13":51,"14":11,"15":15,"16":1502,"17":1502,"18":15,"19":15,"20":0,"21":5,"22":22,"23":0,"24":0,"25":16,"26":16,"27":16,"28":9,"29":1,"30":2,"31":0,"32":0,"33":0,"34":9,"35":22},"b":{"0":[8,0],"1":[0,0],"2":[0,0],"3":[0,22],"4":[0,9],"5":[0,0],"6":[9,0],"7":[45,3,3],"8":[11,0],"9":[0,15],"10":[5,10],"11":[15,5],"12":[5,10],"13":[5,10],"14":[0,22],"15":[22,8],"16":[0,0],"17":[0,0],"18":[0,0],"19":[0,0],"20":[0,0],"21":[0,0],"22":[0,0],"23":[0,0],"24":[0,0],"25":[12,4],"26":[8,1],"27":[8,0],"28":[0,2],"29":[0,0],"30":[0],"31":[0,0],"32":[0,0],"33":[0,0],"34":[0,0],"35":[0,0],"36":[0,22]},"_coverageSchema":"1a1c01bbd47fc00a2c39e90264f33305004495a9","hash":"955ab768045ad580b1c7b3464534f8f9873750fe"}
,"/Users/user/Documents/Projects/Code/pomofit/lib/use-local-storage.ts": {"path":"/Users/user/Documents/Projects/Code/pomofit/lib/use-local-storage.ts","statementMap":{"0":{"start":{"line":7,"column":40},"end":{"line":7,"column":65}},"1":{"start":{"line":10,"column":24},"end":{"line":10,"column":36}},"2":{"start":{"line":12,"column":26},"end":{"line":12,"column":46}},"3":{"start":{"line":15,"column":2},"end":{"line":30,"column":11}},"4":{"start":{"line":16,"column":4},"end":{"line":29,"column":5}},"5":{"start":{"line":17,"column":6},"end":{"line":27,"column":7}},"6":{"start":{"line":19,"column":21},"end":{"line":19,"column":46}},"7":{"start":{"line":21,"column":8},"end":{"line":23,"column":9}},"8":{"start":{"line":22,"column":10},"end":{"line":22,"column":42}},"9":{"start":{"line":26,"column":8},"end":{"line":26,"column":26}},"10":{"start":{"line":28,"column":6},"end":{"line":28,"column":35}},"11":{"start":{"line":34,"column":19},"end":{"line":48,"column":3}},"12":{"start":{"line":35,"column":4},"end":{"line":47,"column":5}},"13":{"start":{"line":37,"column":27},"end":{"line":37,"column":81}},"14":{"start":{"line":39,"column":6},"end":{"line":39,"column":34}},"15":{"start":{"line":41,"column":6},"end":{"line":43,"column":7}},"16":{"start":{"line":42,"column":8},"end":{"line":42,"column":70}},"17":{"start":{"line":46,"column":6},"end":{"line":46,"column":24}},"18":{"start":{"line":50,"column":2},"end":{"line":50,"column":41}}},"fnMap":{"0":{"name":"useLocalStorage","decl":{"start":{"line":5,"column":16},"end":{"line":5,"column":31}},"loc":{"start":{"line":5,"column":65},"end":{"line":51,"column":1}},"line":5},"1":{"name":"(anonymous_1)","decl":{"start":{"line":15,"column":12},"end":{"line":15,"column":13}},"loc":{"start":{"line":15,"column":18},"end":{"line":30,"column":3}},"line":15},"2":{"name":"(anonymous_2)","decl":{"start":{"line":34,"column":19},"end":{"line":34,"column":20}},"loc":{"start":{"line":34,"column":51},"end":{"line":48,"column":3}},"line":34}},"branchMap":{"0":{"loc":{"start":{"line":16,"column":4},"end":{"line":29,"column":5}},"type":"if","locations":[{"start":{"line":16,"column":4},"end":{"line":29,"column":5}},{"start":{},"end":{}}],"line":16},"1":{"loc":{"start":{"line":21,"column":8},"end":{"line":23,"column":9}},"type":"if","locations":[{"start":{"line":21,"column":8},"end":{"line":23,"column":9}},{"start":{},"end":{}}],"line":21},"2":{"loc":{"start":{"line":37,"column":27},"end":{"line":37,"column":81}},"type":"cond-expr","locations":[{"start":{"line":37,"column":55},"end":{"line":37,"column":73}},{"start":{"line":37,"column":76},"end":{"line":37,"column":81}}],"line":37},"3":{"loc":{"start":{"line":41,"column":6},"end":{"line":43,"column":7}},"type":"if","locations":[{"start":{"line":41,"column":6},"end":{"line":43,"column":7}},{"start":{},"end":{}}],"line":41}},"s":{"0":81,"1":81,"2":81,"3":81,"4":38,"5":38,"6":38,"7":38,"8":1,"9":0,"10":38,"11":81,"12":13,"13":13,"14":13,"15":13,"16":13,"17":0,"18":81},"f":{"0":81,"1":38,"2":13},"b":{"0":[38,0],"1":[1,37],"2":[9,4],"3":[13,0]},"_coverageSchema":"1a1c01bbd47fc00a2c39e90264f33305004495a9","hash":"b40c740cc1fe9d0deaedd9dddc6756bedb949a25"}
,"/Users/user/Documents/Projects/Code/pomofit/lib/utils.ts": {"path":"/Users/user/Documents/Projects/Code/pomofit/lib/utils.ts","statementMap":{"0":{"start":{"line":5,"column":2},"end":{"line":5,"column":30}},"1":{"start":{"line":8,"column":25},"end":{"line":15,"column":1}},"2":{"start":{"line":9,"column":2},"end":{"line":14,"column":3}},"3":{"start":{"line":10,"column":18},"end":{"line":10,"column":38}},"4":{"start":{"line":11,"column":4},"end":{"line":11,"column":22}},"5":{"start":{"line":13,"column":4},"end":{"line":13,"column":49}}},"fnMap":{"0":{"name":"cn","decl":{"start":{"line":4,"column":16},"end":{"line":4,"column":18}},"loc":{"start":{"line":4,"column":44},"end":{"line":6,"column":1}},"line":4},"1":{"name":"(anonymous_1)","decl":{"start":{"line":8,"column":25},"end":{"line":8,"column":26}},"loc":{"start":{"line":8,"column":54},"end":{"line":15,"column":1}},"line":8}},"branchMap":{},"s":{"0":327,"1":6,"2":2,"3":2,"4":2,"5":1},"f":{"0":327,"1":2},"b":{},"_coverageSchema":"1a1c01bbd47fc00a2c39e90264f33305004495a9","hash":"6551b098fd02e0c0ae2b048dec1c8861f32ad42d"}
,"/Users/user/Documents/Projects/Code/pomofit/lib/workout-data.ts": {"path":"/Users/user/Documents/Projects/Code/pomofit/lib/workout-data.ts","statementMap":{"0":{"start":{"line":1,"column":27},"end":{"line":51,"column":1}}},"fnMap":{},"branchMap":{},"s":{"0":1},"f":{},"b":{},"_coverageSchema":"1a1c01bbd47fc00a2c39e90264f33305004495a9","hash":"46f2d66054f0a2ad8d5e43893db9cbd4dc95e16d"}
,"/Users/user/Documents/Projects/Code/pomofit/test/test-utils.ts": {"path":"/Users/user/Documents/Projects/Code/pomofit/test/test-utils.ts","statementMap":{"0":{"start":{"line":9,"column":0},"end":{"line":19,"column":4}},"1":{"start":{"line":16,"column":4},"end":{"line":16,"column":21}},"2":{"start":{"line":17,"column":4},"end":{"line":17,"column":33}},"3":{"start":{"line":18,"column":4},"end":{"line":18,"column":31}}},"fnMap":{"0":{"name":"PromiseRejectionEvent","decl":{"start":{"line":11,"column":11},"end":{"line":11,"column":32}},"loc":{"start":{"line":15,"column":4},"end":{"line":19,"column":3}},"line":15}},"branchMap":{"0":{"loc":{"start":{"line":10,"column":2},"end":{"line":19,"column":3}},"type":"binary-expr","locations":[{"start":{"line":10,"column":2},"end":{"line":10,"column":39}},{"start":{"line":11,"column":2},"end":{"line":19,"column":3}}],"line":10}},"s":{"0":9,"1":0,"2":0,"3":0},"f":{"0":0},"b":{"0":[9,9]},"_coverageSchema":"1a1c01bbd47fc00a2c39e90264f33305004495a9","hash":"a3660c757deb4d6f4c432c6e5923be1056cef57b"}
}
