TN:
SF:app/api/ai-tags/route.ts
FN:5,POST
FNF:1
FNH:0
FNDA:0,POST
DA:6,0
DA:7,0
DA:10,0
DA:11,0
DA:18,0
DA:19,0
DA:27,0
DA:28,0
DA:29,0
DA:30,0
DA:32,0
DA:34,0
DA:36,0
DA:37,0
LF:14
LH:0
BRDA:10,0,0,0
BRDA:10,0,1,0
BRDA:30,1,0,0
BRDA:30,1,1,0
BRF:4
BRH:0
end_of_record
TN:
SF:components/offline-indicator.tsx
FN:7,OfflineIndicator
FN:10,(anonymous_1)
FN:15,(anonymous_2)
FN:26,(anonymous_3)
FNF:4
FNH:4
FNDA:3,OfflineIndicator
FNDA:2,(anonymous_1)
FNDA:2,(anonymous_2)
FNDA:2,(anonymous_3)
DA:8,3
DA:10,3
DA:12,2
DA:15,2
DA:16,2
DA:20,2
DA:23,2
DA:24,2
DA:26,2
DA:27,2
DA:28,2
DA:32,3
DA:34,1
LF:13
LH:13
BRDA:12,0,0,0
BRDA:12,0,1,2
BRDA:32,1,0,2
BRDA:32,1,1,1
BRF:4
BRH:3
end_of_record
TN:
SF:components/pwa-assets-check.tsx
FN:6,PWAAssetsCheck
FN:7,(anonymous_1)
FN:19,(anonymous_2)
FN:21,(anonymous_3)
FN:28,(anonymous_4)
FN:33,(anonymous_5)
FNF:6
FNH:5
FNDA:2,PWAAssetsCheck
FNDA:2,(anonymous_1)
FNDA:10,(anonymous_2)
FNDA:10,(anonymous_3)
FNDA:0,(anonymous_4)
FNDA:2,(anonymous_5)
DA:7,2
DA:8,2
DA:9,2
DA:18,2
DA:20,10
DA:22,10
DA:23,1
DA:24,1
DA:26,9
DA:29,0
DA:30,0
DA:34,2
DA:35,2
DA:36,1
DA:38,1
DA:44,2
LF:16
LH:14
BRDA:8,0,0,2
BRDA:8,0,1,0
BRDA:22,1,0,1
BRDA:22,1,1,9
BRDA:35,2,0,1
BRDA:35,2,1,1
BRF:6
BRH:5
end_of_record
TN:
SF:components/pwa-install-prompt.tsx
FN:9,PWAInstallPrompt
FN:14,(anonymous_1)
FN:30,(anonymous_2)
FN:42,(anonymous_3)
FN:48,(anonymous_4)
FN:56,(anonymous_5)
FN:63,(anonymous_6)
FN:77,(anonymous_7)
FNF:8
FNH:5
FNDA:5,PWAInstallPrompt
FNDA:2,(anonymous_1)
FNDA:2,(anonymous_2)
FNDA:0,(anonymous_3)
FNDA:2,(anonymous_4)
FNDA:0,(anonymous_5)
FNDA:0,(anonymous_6)
FNDA:1,(anonymous_7)
DA:10,5
DA:11,5
DA:12,5
DA:14,5
DA:16,2
DA:17,0
DA:21,2
DA:22,2
DA:27,0
DA:30,2
DA:32,2
DA:34,2
DA:36,2
DA:39,2
DA:42,2
DA:43,0
DA:44,0
DA:45,0
DA:48,2
DA:49,2
DA:56,5
DA:57,0
DA:60,0
DA:63,0
DA:64,0
DA:65,0
DA:67,0
DA:69,0
DA:72,0
DA:73,0
DA:77,5
DA:78,1
DA:79,1
DA:81,1
DA:84,5
DA:86,2
LF:36
LH:22
BRDA:16,0,0,0
BRDA:16,0,1,2
BRDA:22,1,0,0
BRDA:22,1,1,2
BRDA:23,2,0,2
BRDA:23,2,1,0
BRDA:57,3,0,0
BRDA:57,3,1,0
BRDA:64,4,0,0
BRDA:64,4,1,0
BRDA:84,5,0,3
BRDA:84,5,1,2
BRDA:84,6,0,5
BRDA:84,6,1,2
BRF:14
BRH:7
end_of_record
TN:
SF:components/pwa-register.tsx
FN:7,PWARegister
FN:10,(anonymous_1)
FN:16,(anonymous_2)
FN:25,(anonymous_3)
FN:40,(anonymous_4)
FNF:5
FNH:5
FNDA:1,PWARegister
FNDA:1,(anonymous_1)
FNDA:1,(anonymous_2)
FNDA:1,(anonymous_3)
FNDA:1,(anonymous_4)
DA:8,1
DA:10,1
DA:11,1
DA:13,1
DA:16,1
DA:17,1
DA:18,1
DA:25,1
DA:26,1
DA:27,1
DA:35,1
DA:36,1
DA:37,1
DA:40,1
DA:41,1
DA:42,1
DA:43,1
DA:48,1
LF:18
LH:18
BRDA:35,0,0,1
BRDA:35,0,1,0
BRDA:41,1,0,1
BRDA:41,1,1,0
BRF:4
BRH:2
end_of_record
TN:
SF:components/session-note-dialog.tsx
FN:39,SessionNoteDialog
FN:50,(anonymous_1)
FN:74,(anonymous_2)
FN:97,(anonymous_3)
FN:114,(anonymous_4)
FNF:5
FNH:3
FNDA:12,SessionNoteDialog
FNDA:3,(anonymous_1)
FNDA:0,(anonymous_2)
FNDA:3,(anonymous_3)
FNDA:0,(anonymous_4)
DA:46,12
DA:47,12
DA:48,12
DA:50,12
DA:51,3
DA:52,3
DA:53,3
DA:54,3
DA:63,2
DA:64,2
DA:66,1
DA:68,3
DA:69,3
DA:70,3
DA:74,12
DA:75,0
DA:76,0
DA:77,0
DA:80,12
DA:97,3
DA:114,0
LF:21
LH:17
BRDA:64,0,0,2
BRDA:64,0,1,1
BRDA:124,1,0,3
BRDA:124,1,1,9
BRF:4
BRH:4
end_of_record
TN:
SF:components/sw-error-handler.tsx
FN:7,ServiceWorkerErrorHandler
FN:11,(anonymous_1)
FN:13,(anonymous_2)
FN:29,(anonymous_3)
FN:45,(anonymous_4)
FN:62,(anonymous_5)
FN:79,(anonymous_6)
FNF:7
FNH:6
FNDA:5,ServiceWorkerErrorHandler
FNDA:3,(anonymous_1)
FNDA:2,(anonymous_2)
FNDA:1,(anonymous_3)
FNDA:2,(anonymous_4)
FNDA:3,(anonymous_5)
FNDA:0,(anonymous_6)
DA:8,5
DA:9,5
DA:11,5
DA:13,3
DA:14,2
DA:15,1
DA:16,1
DA:19,1
DA:29,3
DA:30,1
DA:31,1
DA:32,1
DA:35,1
DA:45,3
DA:46,2
DA:47,1
DA:50,1
DA:58,3
DA:59,3
DA:60,3
DA:62,3
DA:63,3
DA:64,3
DA:65,3
DA:70,5
DA:71,2
DA:79,0
DA:88,3
LF:28
LH:27
BRDA:14,0,0,1
BRDA:14,0,1,1
BRDA:14,1,0,2
BRDA:14,1,1,1
BRDA:30,2,0,1
BRDA:30,2,1,0
BRDA:30,3,0,1
BRDA:30,3,1,1
BRDA:46,4,0,1
BRDA:46,4,1,1
BRDA:46,5,0,2
BRDA:46,5,1,2
BRDA:70,6,0,2
BRDA:70,6,1,3
BRF:14
BRH:13
end_of_record
TN:
SF:components/workout-display.tsx
FN:15,WorkoutDisplay
FN:24,(anonymous_1)
FN:48,(anonymous_2)
FN:59,(anonymous_3)
FNF:4
FNH:3
FNDA:3,WorkoutDisplay
FNDA:2,(anonymous_1)
FNDA:1,(anonymous_2)
FNDA:0,(anonymous_3)
DA:19,3
DA:20,3
DA:21,3
DA:22,3
DA:24,3
DA:25,2
DA:27,1
DA:30,1
DA:31,1
DA:33,1
DA:37,3
DA:38,2
DA:48,1
DA:50,1
DA:51,0
DA:59,1
DA:60,0
DA:63,1
LF:18
LH:16
BRDA:25,0,0,1
BRDA:25,0,1,1
BRDA:25,1,0,2
BRDA:25,1,1,1
BRDA:37,2,0,2
BRDA:37,2,1,1
BRDA:37,3,0,3
BRDA:37,3,1,2
BRDA:50,4,0,0
BRDA:50,4,1,1
BRDA:66,5,0,1
BRDA:66,5,1,0
BRDA:68,6,0,0
BRDA:68,6,1,1
BRDA:90,7,0,0
BRDA:90,7,1,0
BRF:16
BRH:11
end_of_record
TN:
SF:components/journal/journal-chat.tsx
FN:27,JournalChat
FN:42,(anonymous_1)
FN:49,(anonymous_2)
FN:59,(anonymous_3)
FN:67,(anonymous_4)
FN:68,(anonymous_5)
FN:105,(anonymous_6)
FN:115,(anonymous_7)
FN:121,(anonymous_8)
FN:128,(anonymous_9)
FN:148,(anonymous_10)
FN:183,(anonymous_11)
FN:195,(anonymous_12)
FN:236,(anonymous_13)
FNF:14
FNH:8
FNDA:13,JournalChat
FNDA:10,(anonymous_1)
FNDA:3,(anonymous_2)
FNDA:3,(anonymous_3)
FNDA:0,(anonymous_4)
FNDA:0,(anonymous_5)
FNDA:3,(anonymous_6)
FNDA:0,(anonymous_7)
FNDA:0,(anonymous_8)
FNDA:0,(anonymous_9)
FNDA:22,(anonymous_10)
FNDA:2,(anonymous_11)
FNDA:0,(anonymous_12)
FNDA:3,(anonymous_13)
DA:28,13
DA:37,13
DA:38,13
DA:39,13
DA:40,13
DA:42,13
DA:44,10
DA:45,10
DA:49,13
DA:50,3
DA:52,3
DA:59,3
DA:60,3
DA:61,3
DA:62,3
DA:64,3
DA:66,3
DA:67,0
DA:68,0
DA:72,3
DA:83,3
DA:85,3
DA:86,3
DA:88,3
DA:89,2
DA:90,2
DA:92,1
DA:97,3
DA:105,3
DA:107,0
DA:108,0
DA:115,0
DA:117,3
DA:121,13
DA:122,0
DA:123,0
DA:124,0
DA:128,13
DA:129,0
DA:133,13
DA:149,22
DA:184,2
DA:196,0
DA:236,3
LF:44
LH:34
BRDA:44,0,0,10
BRDA:44,0,1,0
BRDA:50,1,0,0
BRDA:50,1,1,3
BRDA:50,2,0,3
BRDA:50,2,1,3
BRDA:88,3,0,2
BRDA:88,3,1,1
BRDA:90,4,0,2
BRDA:90,4,1,0
BRDA:93,5,0,1
BRDA:93,5,1,0
BRDA:102,6,0,1
BRDA:102,6,1,2
BRDA:122,7,0,0
BRDA:122,7,1,0
BRDA:122,8,0,0
BRDA:122,8,1,0
BRDA:152,9,0,6
BRDA:152,9,1,16
BRDA:157,10,0,6
BRDA:157,10,1,16
BRDA:163,11,0,6
BRDA:163,11,1,16
BRDA:169,12,0,16
BRDA:169,12,1,6
BRDA:176,13,0,22
BRDA:176,13,1,1
BRDA:176,13,2,1
BRDA:210,14,0,13
BRDA:210,14,1,3
BRDA:241,15,0,13
BRDA:241,15,1,3
BRF:33
BRH:25
end_of_record
TN:
SF:components/journal/journal-editor.tsx
FN:17,JournalEditor
FN:29,(anonymous_1)
FN:47,(anonymous_2)
FN:51,(anonymous_3)
FN:56,(anonymous_4)
FN:58,(anonymous_5)
FN:68,(anonymous_6)
FN:73,(anonymous_7)
FN:77,(anonymous_8)
FN:81,(anonymous_9)
FN:116,(anonymous_10)
FN:128,(anonymous_11)
FN:138,(anonymous_12)
FN:146,(anonymous_13)
FN:154,(anonymous_14)
FN:162,(anonymous_15)
FN:174,(anonymous_16)
FNF:17
FNH:11
FNDA:27,JournalEditor
FNDA:8,(anonymous_1)
FNDA:9,(anonymous_2)
FNDA:13,(anonymous_3)
FNDA:16,(anonymous_4)
FNDA:4,(anonymous_5)
FNDA:16,(anonymous_6)
FNDA:3,(anonymous_7)
FNDA:4,(anonymous_8)
FNDA:0,(anonymous_9)
FNDA:0,(anonymous_10)
FNDA:4,(anonymous_11)
FNDA:0,(anonymous_12)
FNDA:0,(anonymous_13)
FNDA:0,(anonymous_14)
FNDA:0,(anonymous_15)
FNDA:3,(anonymous_16)
DA:22,27
DA:23,27
DA:24,27
DA:25,27
DA:26,27
DA:29,27
DA:30,8
DA:31,4
DA:32,4
DA:35,4
DA:41,4
DA:42,4
DA:47,27
DA:48,9
DA:51,13
DA:52,9
DA:56,27
DA:57,16
DA:58,16
DA:59,4
DA:66,4
DA:68,16
DA:69,16
DA:73,27
DA:74,3
DA:77,27
DA:78,4
DA:81,27
DA:82,0
DA:83,0
DA:85,0
DA:86,0
DA:87,0
DA:89,0
DA:90,0
DA:92,0
DA:94,0
DA:95,0
DA:96,0
DA:98,0
DA:99,0
DA:100,0
DA:102,0
DA:103,0
DA:104,0
DA:106,0
DA:107,0
DA:108,0
DA:112,0
DA:113,0
DA:116,0
DA:117,0
DA:118,0
DA:122,27
DA:128,4
DA:138,0
DA:146,0
DA:154,0
DA:162,0
DA:174,3
LF:60
LH:31
BRDA:30,0,0,4
BRDA:30,0,1,4
BRDA:57,1,0,12
BRDA:57,1,1,4
BRDA:64,2,0,4
BRDA:64,2,1,2
BRDA:69,3,0,16
BRDA:69,3,1,0
BRDA:81,4,0,0
BRDA:83,5,0,0
BRDA:83,5,1,0
BRDA:92,6,0,0
BRDA:92,6,1,0
BRDA:92,6,2,0
BRDA:92,6,3,0
BRDA:94,7,0,0
BRDA:94,7,1,0
BRDA:95,8,0,0
BRDA:95,8,1,0
BRDA:98,9,0,0
BRDA:98,9,1,0
BRDA:99,10,0,0
BRDA:99,10,1,0
BRDA:102,11,0,0
BRDA:102,11,1,0
BRDA:106,12,0,0
BRDA:106,12,1,0
BRF:27
BRH:7
end_of_record
TN:
SF:components/ui/button.tsx
FN:43,(anonymous_0)
FNF:1
FNH:1
FNDA:140,(anonymous_0)
DA:7,5
DA:42,5
DA:44,140
DA:45,140
DA:54,5
LF:5
LH:5
BRDA:43,0,0,140
BRDA:44,1,0,0
BRDA:44,1,1,140
BRF:3
BRH:2
end_of_record
TN:
SF:components/ui/card.tsx
FN:8,(anonymous_0)
FN:23,(anonymous_1)
FN:35,(anonymous_2)
FN:50,(anonymous_3)
FN:62,(anonymous_4)
FN:70,(anonymous_5)
FNF:6
FNH:4
FNDA:37,(anonymous_0)
FNDA:37,(anonymous_1)
FNDA:13,(anonymous_2)
FNDA:0,(anonymous_3)
FNDA:37,(anonymous_4)
FNDA:0,(anonymous_5)
DA:5,3
DA:9,37
DA:18,3
DA:20,3
DA:24,37
DA:30,3
DA:32,3
DA:36,13
DA:45,3
DA:47,3
DA:51,0
DA:57,3
DA:59,3
DA:63,37
DA:65,3
DA:67,3
DA:71,0
DA:77,3
LF:18
LH:16
BRF:0
BRH:0
end_of_record
TN:
SF:components/ui/dialog.tsx
FN:14,(anonymous_0)
FN:22,(anonymous_1)
FN:37,(anonymous_2)
FN:61,(anonymous_3)
FN:66,(anonymous_4)
FN:74,(anonymous_5)
FN:86,(anonymous_6)
FNF:7
FNH:7
FNDA:12,(anonymous_0)
FNDA:15,(anonymous_1)
FNDA:12,(anonymous_2)
FNDA:12,(anonymous_3)
FNDA:12,(anonymous_4)
FNDA:12,(anonymous_5)
FNDA:12,(anonymous_6)
DA:9,1
DA:11,1
DA:14,1
DA:15,12
DA:17,1
DA:19,1
DA:23,15
DA:32,1
DA:34,1
DA:38,12
DA:59,1
DA:61,1
DA:62,12
DA:64,1
DA:66,1
DA:67,12
DA:69,1
DA:71,1
DA:75,12
DA:81,1
DA:83,1
DA:87,12
DA:89,1
LF:23
LH:23
BRF:0
BRH:0
end_of_record
TN:
SF:components/ui/input.tsx
FN:6,(anonymous_0)
FNF:1
FNH:1
FNDA:37,(anonymous_0)
DA:5,3
DA:7,37
DA:20,3
LF:3
LH:3
BRF:0
BRH:0
end_of_record
TN:
SF:components/ui/label.tsx
FN:17,(anonymous_0)
FNF:1
FNH:1
FNDA:24,(anonymous_0)
DA:9,1
DA:13,1
DA:18,24
DA:24,1
LF:4
LH:4
BRF:0
BRH:0
end_of_record
TN:
SF:components/ui/scroll-area.tsx
FN:11,(anonymous_0)
FN:29,(anonymous_1)
FNF:2
FNH:2
FNDA:13,(anonymous_0)
FNDA:13,(anonymous_1)
DA:8,1
DA:12,13
DA:24,1
DA:26,1
DA:30,13
DA:46,1
LF:6
LH:6
BRDA:29,0,0,13
BRDA:35,1,0,13
BRDA:35,1,1,13
BRDA:37,2,0,13
BRDA:37,2,1,0
BRF:5
BRH:4
end_of_record
TN:
SF:components/ui/switch.tsx
FN:11,(anonymous_0)
FNF:1
FNH:1
FNDA:12,(anonymous_0)
DA:8,1
DA:12,12
DA:27,1
LF:3
LH:3
BRF:0
BRH:0
end_of_record
TN:
SF:components/ui/textarea.tsx
FN:7,(anonymous_0)
FNF:1
FNH:1
FNDA:36,(anonymous_0)
DA:7,3
DA:8,36
DA:19,3
LF:3
LH:3
BRF:0
BRH:0
end_of_record
TN:
SF:components/ui/use-toast.ts
FN:30,genId
FN:61,(anonymous_1)
FN:66,(anonymous_2)
FN:77,(anonymous_3)
FN:88,(anonymous_4)
FN:101,(anonymous_5)
FN:108,(anonymous_6)
FN:127,(anonymous_7)
FN:136,dispatch
FN:138,(anonymous_9)
FN:145,toast
FN:148,(anonymous_11)
FN:153,(anonymous_12)
FN:161,(anonymous_13)
FN:174,useToast
FN:177,(anonymous_15)
FN:179,(anonymous_16)
FN:190,(anonymous_17)
FNF:18
FNH:3
FNDA:0,genId
FNDA:0,(anonymous_1)
FNDA:0,(anonymous_2)
FNDA:0,(anonymous_3)
FNDA:0,(anonymous_4)
FNDA:0,(anonymous_5)
FNDA:0,(anonymous_6)
FNDA:0,(anonymous_7)
FNDA:0,dispatch
FNDA:0,(anonymous_9)
FNDA:0,toast
FNDA:0,(anonymous_11)
FNDA:0,(anonymous_12)
FNDA:0,(anonymous_13)
FNDA:218,useToast
FNDA:96,(anonymous_15)
FNDA:96,(anonymous_16)
FNDA:0,(anonymous_17)
DA:11,4
DA:12,4
DA:21,4
DA:28,4
DA:31,0
DA:32,0
DA:59,4
DA:61,4
DA:62,0
DA:63,0
DA:66,0
DA:67,0
DA:68,0
DA:74,0
DA:77,4
DA:78,0
DA:80,0
DA:86,0
DA:89,0
DA:94,0
DA:98,0
DA:99,0
DA:101,0
DA:102,0
DA:106,0
DA:109,0
DA:119,0
DA:120,0
DA:125,0
DA:127,0
DA:132,4
DA:134,4
DA:137,0
DA:138,0
DA:139,0
DA:146,0
DA:148,0
DA:149,0
DA:153,0
DA:155,0
DA:162,0
DA:167,0
DA:175,218
DA:177,218
DA:178,96
DA:179,96
DA:180,96
DA:181,96
DA:182,96
DA:187,218
DA:190,0
LF:51
LH:17
BRDA:62,0,0,0
BRDA:62,0,1,0
BRDA:78,1,0,0
BRDA:78,1,1,0
BRDA:78,1,2,0
BRDA:78,1,3,0
BRDA:89,2,0,0
BRDA:89,2,1,0
BRDA:98,3,0,0
BRDA:98,3,1,0
BRDA:109,4,0,0
BRDA:109,4,1,0
BRDA:109,5,0,0
BRDA:109,5,1,0
BRDA:119,6,0,0
BRDA:119,6,1,0
BRDA:162,7,0,0
BRDA:162,7,1,0
BRDA:181,8,0,96
BRDA:181,8,1,0
BRF:20
BRH:1
end_of_record
TN:
SF:lib/auth-context.tsx
FN:23,AuthProvider
FN:29,(anonymous_1)
FN:33,(anonymous_2)
FN:43,(anonymous_3)
FN:53,(anonymous_4)
FN:70,useAuth
FNF:6
FNH:3
FNDA:41,AuthProvider
FNDA:20,(anonymous_1)
FNDA:0,(anonymous_2)
FNDA:0,(anonymous_3)
FNDA:0,(anonymous_4)
FNDA:205,useAuth
DA:21,4
DA:24,41
DA:25,41
DA:26,41
DA:29,41
DA:30,20
DA:33,41
DA:35,0
DA:40,0
DA:43,41
DA:45,0
DA:50,0
DA:53,41
DA:55,0
DA:56,0
DA:63,41
DA:71,205
DA:72,205
DA:73,0
DA:75,205
LF:20
LH:13
BRDA:72,0,0,0
BRDA:72,0,1,205
BRF:2
BRH:1
end_of_record
TN:
SF:lib/history-utils.ts
FN:23,(anonymous_0)
FN:32,(anonymous_1)
FN:45,getHistory
FN:63,(anonymous_3)
FN:109,addSessionToHistory
FN:125,getHistoryByDate
FN:145,(anonymous_6)
FN:172,(anonymous_7)
FN:183,getTaskCompletions
FN:197,(anonymous_9)
FN:231,addTaskCompletion
FN:250,getTaskCompletionsByDate
FN:259,(anonymous_12)
FN:272,(anonymous_13)
FN:283,useHistory
FNF:15
FNH:9
FNDA:92,(anonymous_0)
FNDA:2,(anonymous_1)
FNDA:52,getHistory
FNDA:2,(anonymous_3)
FNDA:1,addSessionToHistory
FNDA:12,getHistoryByDate
FNDA:0,(anonymous_6)
FNDA:0,(anonymous_7)
FNDA:40,getTaskCompletions
FNDA:0,(anonymous_9)
FNDA:1,addTaskCompletion
FNDA:0,getTaskCompletionsByDate
FNDA:0,(anonymous_12)
FNDA:0,(anonymous_13)
FNDA:39,useHistory
DA:22,3
DA:24,92
DA:25,92
DA:26,92
DA:28,0
DA:29,0
DA:33,2
DA:34,2
DA:35,2
DA:36,2
DA:38,0
DA:39,0
DA:46,52
DA:47,52
DA:48,50
DA:49,50
DA:52,2
DA:53,2
DA:54,2
DA:56,2
DA:57,0
DA:58,0
DA:62,2
DA:64,2
DA:65,2
DA:66,0
DA:67,0
DA:71,2
DA:72,0
DA:73,0
DA:78,2
DA:79,0
DA:81,2
DA:84,2
DA:85,0
DA:86,0
DA:89,2
DA:94,0
DA:95,0
DA:100,2
DA:101,2
DA:103,0
DA:104,0
DA:110,1
DA:111,1
DA:112,1
DA:113,1
DA:115,1
DA:116,1
DA:117,1
DA:119,0
DA:120,0
DA:126,12
DA:128,12
DA:129,12
DA:132,12
DA:133,0
DA:134,0
DA:137,12
DA:143,12
DA:145,12
DA:146,0
DA:147,0
DA:148,0
DA:155,0
DA:159,0
DA:160,0
DA:163,0
DA:165,0
DA:166,0
DA:170,12
DA:172,12
DA:173,0
DA:174,0
DA:176,0
DA:177,0
DA:184,40
DA:185,40
DA:187,0
DA:188,0
DA:190,0
DA:191,0
DA:192,0
DA:196,0
DA:198,0
DA:199,0
DA:200,0
DA:204,0
DA:205,0
DA:207,0
DA:210,0
DA:211,0
DA:214,0
DA:219,0
DA:220,0
DA:225,0
DA:226,0
DA:232,1
DA:233,1
DA:234,1
DA:241,1
DA:242,1
DA:244,0
DA:245,0
DA:251,0
DA:254,0
DA:255,0
DA:258,0
DA:260,0
DA:261,0
DA:262,0
DA:268,0
DA:269,0
DA:273,0
DA:274,0
DA:276,0
DA:277,0
DA:284,39
LF:118
LH:50
BRDA:24,0,0,0
BRDA:24,0,1,92
BRDA:33,1,0,0
BRDA:33,1,1,2
BRDA:47,2,0,50
BRDA:47,2,1,2
BRDA:56,3,0,0
BRDA:56,3,1,2
BRDA:65,4,0,0
BRDA:65,4,1,2
BRDA:65,5,0,2
BRDA:65,5,1,2
BRDA:71,6,0,0
BRDA:71,6,1,2
BRDA:71,7,0,2
BRDA:71,7,1,2
BRDA:71,7,2,2
BRDA:78,8,0,0
BRDA:78,8,1,2
BRDA:84,9,0,0
BRDA:84,9,1,2
BRDA:132,10,0,0
BRDA:132,10,1,12
BRDA:155,11,0,0
BRDA:155,11,1,0
BRDA:155,11,2,0
BRDA:159,12,0,0
BRDA:159,12,1,0
BRDA:185,13,0,40
BRDA:185,13,1,0
BRDA:190,14,0,0
BRDA:190,14,1,0
BRDA:199,15,0,0
BRDA:199,15,1,0
BRDA:199,16,0,0
BRDA:199,16,1,0
BRDA:204,17,0,0
BRDA:204,17,1,0
BRDA:210,18,0,0
BRDA:210,18,1,0
BRDA:254,19,0,0
BRDA:254,19,1,0
BRDA:263,20,0,0
BRDA:263,20,1,0
BRDA:263,20,2,0
BRF:45
BRH:16
end_of_record
TN:
SF:lib/notification-service.ts
FN:4,areNotificationsSupported
FN:9,areNotificationsEnabled
FN:15,requestNotificationPermission
FN:40,sendNotification
FN:54,(anonymous_4)
FN:67,sendTimerNotification
FNF:6
FNH:5
FNDA:17,areNotificationsSupported
FNDA:9,areNotificationsEnabled
FNDA:6,requestNotificationPermission
FNDA:6,sendNotification
FNDA:0,(anonymous_4)
FNDA:3,sendTimerNotification
DA:5,17
DA:10,9
DA:11,4
DA:16,6
DA:17,1
DA:18,1
DA:21,5
DA:22,1
DA:25,4
DA:26,1
DA:27,1
DA:30,3
DA:31,3
DA:32,2
DA:34,1
DA:35,1
DA:41,6
DA:42,6
DA:43,6
DA:46,0
DA:47,0
DA:54,0
DA:55,0
DA:56,0
DA:59,0
DA:61,0
DA:62,0
DA:69,3
DA:71,3
DA:73,3
LF:30
LH:22
BRDA:10,0,0,5
BRDA:10,0,1,4
BRDA:16,1,0,1
BRDA:16,1,1,5
BRDA:21,2,0,1
BRDA:21,2,1,4
BRDA:25,3,0,1
BRDA:25,3,1,3
BRDA:41,4,0,6
BRDA:41,4,1,0
BRDA:69,5,0,1
BRDA:69,5,1,2
BRDA:69,6,0,1
BRDA:69,6,1,1
BRDA:71,7,0,3
BRDA:71,7,1,2
BRDA:71,8,0,1
BRDA:71,8,1,1
BRF:18
BRH:17
end_of_record
TN:
SF:lib/offline-mode.ts
FN:9,(anonymous_0)
FN:12,(anonymous_1)
FN:13,(anonymous_2)
FN:13,(anonymous_3)
FN:14,(anonymous_4)
FN:15,(anonymous_5)
FN:16,(anonymous_6)
FN:18,(anonymous_7)
FN:19,(anonymous_8)
FN:20,(anonymous_9)
FN:21,(anonymous_10)
FN:22,(anonymous_11)
FN:24,(anonymous_12)
FN:26,(anonymous_13)
FN:27,(anonymous_14)
FN:28,(anonymous_15)
FN:30,(anonymous_16)
FN:31,(anonymous_17)
FN:38,logOfflineMode
FNF:19
FNH:17
FNDA:1,(anonymous_0)
FNDA:1,(anonymous_1)
FNDA:0,(anonymous_2)
FNDA:0,(anonymous_3)
FNDA:1,(anonymous_4)
FNDA:1,(anonymous_5)
FNDA:1,(anonymous_6)
FNDA:1,(anonymous_7)
FNDA:3,(anonymous_8)
FNDA:2,(anonymous_9)
FNDA:1,(anonymous_10)
FNDA:1,(anonymous_11)
FNDA:1,(anonymous_12)
FNDA:1,(anonymous_13)
FNDA:1,(anonymous_14)
FNDA:1,(anonymous_15)
FNDA:1,(anonymous_16)
FNDA:1,(anonymous_17)
FNDA:1,logOfflineMode
DA:6,6
DA:9,6
DA:10,1
DA:12,1
DA:13,0
DA:14,1
DA:15,1
DA:16,1
DA:18,1
DA:19,3
DA:20,2
DA:21,1
DA:22,1
DA:24,1
DA:26,1
DA:27,1
DA:28,1
DA:30,1
DA:31,1
DA:39,1
LF:20
LH:19
BRF:0
BRH:0
end_of_record
TN:
SF:lib/settings-sync-service.ts
FN:25,useSettingsSync
FN:36,(anonymous_1)
FN:53,(anonymous_2)
FN:70,(anonymous_3)
FN:99,(anonymous_4)
FN:126,(anonymous_5)
FN:158,(anonymous_6)
FN:175,(anonymous_7)
FNF:8
FNH:2
FNDA:41,useSettingsSync
FNDA:0,(anonymous_1)
FNDA:0,(anonymous_2)
FNDA:0,(anonymous_3)
FNDA:0,(anonymous_4)
FNDA:0,(anonymous_5)
FNDA:0,(anonymous_6)
FNDA:1,(anonymous_7)
DA:26,41
DA:27,41
DA:28,41
DA:29,41
DA:30,41
DA:33,41
DA:36,41
DA:37,0
DA:53,41
DA:54,0
DA:70,41
DA:71,0
DA:73,0
DA:74,0
DA:75,0
DA:77,0
DA:78,0
DA:80,0
DA:82,0
DA:85,0
DA:87,0
DA:88,0
DA:93,0
DA:98,41
DA:100,0
DA:102,0
DA:104,0
DA:106,0
DA:108,0
DA:116,0
DA:122,0
DA:123,0
DA:126,0
DA:127,0
DA:128,0
DA:130,0
DA:131,0
DA:136,0
DA:137,0
DA:147,0
DA:149,0
DA:150,0
DA:157,41
DA:159,0
DA:161,0
DA:162,0
DA:163,0
DA:164,0
DA:166,0
DA:167,0
DA:174,41
DA:176,1
DA:178,0
DA:190,41
LF:54
LH:14
BRDA:71,0,0,0
BRDA:71,0,1,0
BRDA:71,1,0,0
BRDA:71,1,1,0
BRDA:77,2,0,0
BRDA:77,2,1,0
BRDA:78,3,0,0
BRDA:78,3,1,0
BRDA:85,4,0,0
BRDA:85,4,1,0
BRDA:100,5,0,0
BRDA:100,5,1,0
BRDA:100,6,0,0
BRDA:100,6,1,0
BRDA:100,6,2,0
BRDA:106,7,0,0
BRDA:106,7,1,0
BRDA:128,8,0,0
BRDA:128,8,1,0
BRDA:136,9,0,0
BRDA:136,9,1,0
BRDA:159,10,0,0
BRDA:159,10,1,0
BRDA:159,11,0,0
BRDA:159,11,1,0
BRDA:159,11,2,0
BRDA:159,11,3,0
BRDA:176,12,0,1
BRDA:176,12,1,0
BRDA:176,13,0,1
BRDA:176,13,1,0
BRF:31
BRH:2
end_of_record
TN:
SF:lib/supabase-client.ts
FN:5,(anonymous_0)
FNF:1
FNH:1
FNDA:1,(anonymous_0)
DA:5,5
DA:7,1
DA:8,1
LF:3
LH:3
BRF:0
BRH:0
end_of_record
TN:
SF:lib/supabase-utils.ts
FN:2,isSupabaseConfigured
FNF:1
FNH:1
FNDA:138,isSupabaseConfigured
DA:3,138
LF:1
LH:1
BRDA:4,0,0,138
BRDA:4,0,1,0
BRDA:4,0,2,0
BRDA:4,0,3,0
BRF:4
BRH:1
end_of_record
TN:
SF:lib/sync-utils.ts
FN:20,useOnlineStatus
FN:23,(anonymous_1)
FN:24,(anonymous_2)
FN:25,(anonymous_3)
FN:30,(anonymous_4)
FN:40,useSyncQueue
FN:50,(anonymous_6)
FN:63,(anonymous_7)
FN:74,(anonymous_8)
FN:85,(anonymous_9)
FN:95,(anonymous_10)
FN:135,(anonymous_11)
FN:136,(anonymous_12)
FN:145,(anonymous_13)
FN:146,(anonymous_14)
FN:169,(anonymous_15)
FN:181,(anonymous_16)
FN:205,(anonymous_17)
FNF:18
FNH:5
FNDA:166,useOnlineStatus
FNDA:82,(anonymous_1)
FNDA:0,(anonymous_2)
FNDA:0,(anonymous_3)
FNDA:82,(anonymous_4)
FNDA:69,useSyncQueue
FNDA:0,(anonymous_6)
FNDA:0,(anonymous_7)
FNDA:0,(anonymous_8)
FNDA:0,(anonymous_9)
FNDA:0,(anonymous_10)
FNDA:0,(anonymous_11)
FNDA:0,(anonymous_12)
FNDA:0,(anonymous_13)
FNDA:0,(anonymous_14)
FNDA:0,(anonymous_15)
FNDA:0,(anonymous_16)
FNDA:32,(anonymous_17)
DA:21,166
DA:23,166
DA:24,82
DA:25,82
DA:27,82
DA:28,82
DA:30,82
DA:31,82
DA:32,82
DA:36,166
DA:41,69
DA:42,69
DA:43,69
DA:44,69
DA:47,69
DA:50,69
DA:51,0
DA:53,0
DA:54,0
DA:55,0
DA:57,0
DA:58,0
DA:63,69
DA:64,0
DA:66,0
DA:67,0
DA:69,0
DA:74,69
DA:75,0
DA:77,0
DA:78,0
DA:80,0
DA:82,0
DA:84,0
DA:85,0
DA:87,0
DA:88,0
DA:89,0
DA:93,0
DA:95,0
DA:96,0
DA:97,0
DA:99,0
DA:103,0
DA:104,0
DA:105,0
DA:106,0
DA:108,0
DA:110,0
DA:114,0
DA:117,0
DA:118,0
DA:121,0
DA:122,0
DA:126,0
DA:128,0
DA:134,0
DA:135,0
DA:136,0
DA:137,0
DA:138,0
DA:142,0
DA:145,0
DA:146,0
DA:148,0
DA:154,0
DA:155,0
DA:161,0
DA:166,69
DA:168,69
DA:170,0
DA:173,0
DA:176,0
DA:177,0
DA:181,0
DA:182,0
DA:183,0
DA:190,0
DA:193,0
DA:194,0
DA:198,0
DA:205,69
DA:206,32
DA:207,0
DA:211,69
LF:85
LH:23
BRDA:21,0,0,166
BRDA:21,0,1,0
BRDA:51,1,0,0
BRDA:51,1,1,0
BRDA:55,2,0,0
BRDA:55,2,1,0
BRDA:64,3,0,0
BRDA:64,3,1,0
BRDA:75,4,0,0
BRDA:75,4,1,0
BRDA:75,5,0,0
BRDA:75,5,1,0
BRDA:75,5,2,0
BRDA:75,5,3,0
BRDA:78,6,0,0
BRDA:78,6,1,0
BRDA:87,7,0,0
BRDA:87,7,1,0
BRDA:96,8,0,0
BRDA:96,8,1,0
BRDA:108,9,0,0
BRDA:108,9,1,0
BRDA:108,9,2,0
BRDA:137,10,0,0
BRDA:137,10,1,0
BRDA:145,11,0,0
BRDA:145,11,1,0
BRDA:170,12,0,0
BRDA:170,12,1,0
BRDA:173,13,0,0
BRDA:173,13,1,0
BRDA:176,14,0,0
BRDA:176,14,1,0
BRDA:193,15,0,0
BRDA:193,15,1,0
BRDA:193,16,0,0
BRDA:193,16,1,0
BRDA:206,17,0,0
BRDA:206,17,1,32
BRDA:206,18,0,32
BRDA:206,18,1,32
BRDA:206,18,2,0
BRF:42
BRH:4
end_of_record
TN:
SF:lib/task-context.tsx
FN:37,TaskProvider
FN:53,(anonymous_1)
FN:54,(anonymous_2)
FN:56,(anonymous_3)
FN:61,(anonymous_4)
FN:63,(anonymous_5)
FN:64,(anonymous_6)
FN:65,(anonymous_7)
FN:68,(anonymous_8)
FN:77,(anonymous_9)
FN:87,(anonymous_10)
FN:99,(anonymous_11)
FN:113,(anonymous_12)
FN:114,(anonymous_13)
FN:115,(anonymous_14)
FN:132,(anonymous_15)
FN:133,(anonymous_16)
FN:134,(anonymous_17)
FN:156,(anonymous_18)
FN:157,(anonymous_19)
FN:158,(anonymous_20)
FN:180,(anonymous_21)
FN:188,(anonymous_22)
FN:190,(anonymous_23)
FN:201,(anonymous_24)
FN:229,(anonymous_25)
FN:237,(anonymous_26)
FN:239,(anonymous_27)
FN:246,(anonymous_28)
FN:276,(anonymous_29)
FN:277,(anonymous_30)
FN:283,(anonymous_31)
FN:288,(anonymous_32)
FN:289,(anonymous_33)
FN:294,(anonymous_34)
FN:296,(anonymous_35)
FN:297,(anonymous_36)
FN:303,(anonymous_37)
FN:305,(anonymous_38)
FN:306,(anonymous_39)
FN:309,(anonymous_40)
FN:353,useTasks
FNF:42
FNH:20
FNDA:28,TaskProvider
FNDA:6,(anonymous_1)
FNDA:0,(anonymous_2)
FNDA:0,(anonymous_3)
FNDA:2,(anonymous_4)
FNDA:1,(anonymous_5)
FNDA:0,(anonymous_6)
FNDA:1,(anonymous_7)
FNDA:0,(anonymous_8)
FNDA:0,(anonymous_9)
FNDA:5,(anonymous_10)
FNDA:5,(anonymous_11)
FNDA:1,(anonymous_12)
FNDA:1,(anonymous_13)
FNDA:1,(anonymous_14)
FNDA:1,(anonymous_15)
FNDA:1,(anonymous_16)
FNDA:1,(anonymous_17)
FNDA:2,(anonymous_18)
FNDA:2,(anonymous_19)
FNDA:2,(anonymous_20)
FNDA:2,(anonymous_21)
FNDA:1,(anonymous_22)
FNDA:1,(anonymous_23)
FNDA:0,(anonymous_24)
FNDA:0,(anonymous_25)
FNDA:0,(anonymous_26)
FNDA:0,(anonymous_27)
FNDA:0,(anonymous_28)
FNDA:0,(anonymous_29)
FNDA:0,(anonymous_30)
FNDA:0,(anonymous_31)
FNDA:0,(anonymous_32)
FNDA:0,(anonymous_33)
FNDA:0,(anonymous_34)
FNDA:0,(anonymous_35)
FNDA:0,(anonymous_36)
FNDA:0,(anonymous_37)
FNDA:0,(anonymous_38)
FNDA:0,(anonymous_39)
FNDA:0,(anonymous_40)
FNDA:28,useTasks
DA:35,3
DA:38,28
DA:39,28
DA:40,28
DA:41,28
DA:42,28
DA:50,28
DA:53,28
DA:54,6
DA:55,6
DA:56,0
DA:61,28
DA:62,2
DA:63,1
DA:64,0
DA:65,2
DA:68,2
DA:73,2
DA:77,28
DA:78,0
DA:83,0
DA:86,28
DA:88,5
DA:90,5
DA:99,5
DA:112,28
DA:114,1
DA:115,1
DA:117,1
DA:131,28
DA:133,1
DA:134,1
DA:135,1
DA:149,1
DA:155,28
DA:157,2
DA:158,2
DA:159,2
DA:162,2
DA:165,2
DA:172,2
DA:173,1
DA:174,1
DA:176,0
DA:180,2
DA:183,2
DA:184,1
DA:187,1
DA:188,1
DA:190,1
DA:191,1
DA:197,2
DA:198,0
DA:199,0
DA:201,0
DA:202,0
DA:215,2
DA:228,28
DA:230,0
DA:231,0
DA:232,0
DA:235,0
DA:237,0
DA:239,0
DA:240,0
DA:241,0
DA:242,0
DA:246,0
DA:247,0
DA:248,0
DA:249,0
DA:250,0
DA:263,0
DA:265,0
DA:268,0
DA:275,28
DA:277,0
DA:278,0
DA:283,28
DA:287,0
DA:288,0
DA:289,0
DA:291,0
DA:294,28
DA:295,0
DA:296,0
DA:297,0
DA:299,0
DA:302,28
DA:305,0
DA:306,0
DA:309,0
DA:314,0
DA:315,0
DA:330,28
DA:354,28
DA:355,28
DA:356,0
DA:358,28
LF:99
LH:57
BRDA:55,0,0,0
BRDA:55,0,1,6
BRDA:135,1,0,1
BRDA:135,1,1,0
BRDA:159,2,0,0
BRDA:159,2,1,2
BRDA:168,3,0,1
BRDA:168,3,1,1
BRDA:172,4,0,1
BRDA:172,4,1,1
BRDA:180,5,0,2
BRDA:180,5,1,0
BRDA:183,6,0,1
BRDA:183,6,1,1
BRDA:191,7,0,1
BRDA:191,7,1,0
BRDA:197,8,0,0
BRDA:197,8,1,2
BRDA:197,9,0,2
BRDA:197,9,1,1
BRDA:199,10,0,0
BRDA:199,10,1,0
BRDA:230,11,0,0
BRDA:230,11,1,0
BRDA:240,12,0,0
BRDA:240,12,1,0
BRDA:247,13,0,0
BRDA:247,13,1,0
BRDA:248,14,0,0
BRDA:248,14,1,0
BRDA:278,15,0,0
BRDA:278,15,1,0
BRDA:288,16,0,0
BRDA:288,16,1,0
BRDA:291,17,0,0
BRDA:291,17,1,0
BRDA:299,18,0,0
BRDA:299,18,1,0
BRDA:355,19,0,0
BRDA:355,19,1,28
BRF:40
BRH:15
end_of_record
TN:
SF:lib/task-sync-service.ts
FN:11,useTaskSync
FN:22,(anonymous_1)
FN:35,(anonymous_2)
FN:48,(anonymous_3)
FN:75,(anonymous_4)
FN:92,(anonymous_5)
FN:100,(anonymous_6)
FN:101,(anonymous_7)
FN:116,(anonymous_8)
FN:133,(anonymous_9)
FN:160,(anonymous_10)
FN:161,(anonymous_11)
FN:199,(anonymous_12)
FN:212,(anonymous_13)
FN:215,(anonymous_14)
FN:233,(anonymous_15)
FN:247,(anonymous_16)
FNF:17
FNH:5
FNDA:32,useTaskSync
FNDA:0,(anonymous_1)
FNDA:2,(anonymous_2)
FNDA:0,(anonymous_3)
FNDA:2,(anonymous_4)
FNDA:0,(anonymous_5)
FNDA:0,(anonymous_6)
FNDA:0,(anonymous_7)
FNDA:0,(anonymous_8)
FNDA:0,(anonymous_9)
FNDA:0,(anonymous_10)
FNDA:0,(anonymous_11)
FNDA:0,(anonymous_12)
FNDA:0,(anonymous_13)
FNDA:0,(anonymous_14)
FNDA:1,(anonymous_15)
FNDA:1,(anonymous_16)
DA:12,32
DA:13,32
DA:14,32
DA:15,32
DA:16,32
DA:19,32
DA:22,32
DA:23,0
DA:35,32
DA:36,2
DA:48,32
DA:49,0
DA:51,0
DA:52,0
DA:53,0
DA:59,0
DA:61,0
DA:63,0
DA:64,0
DA:69,0
DA:74,32
DA:76,2
DA:78,1
DA:91,32
DA:93,0
DA:95,0
DA:97,0
DA:100,0
DA:101,0
DA:104,0
DA:107,0
DA:110,0
DA:113,0
DA:116,0
DA:117,0
DA:119,0
DA:121,0
DA:126,0
DA:127,0
DA:133,0
DA:134,0
DA:136,0
DA:138,0
DA:142,0
DA:147,0
DA:153,0
DA:155,0
DA:156,0
DA:160,0
DA:161,0
DA:162,0
DA:163,0
DA:168,0
DA:169,0
DA:180,0
DA:181,0
DA:188,0
DA:190,0
DA:191,0
DA:198,32
DA:200,0
DA:202,0
DA:204,0
DA:207,0
DA:208,0
DA:211,0
DA:212,0
DA:214,0
DA:215,0
DA:216,0
DA:221,0
DA:223,0
DA:224,0
DA:225,0
DA:232,32
DA:234,1
DA:236,1
DA:246,32
DA:248,1
DA:250,1
DA:259,32
LF:81
LH:22
BRDA:29,0,0,0
BRDA:29,0,1,0
BRDA:30,1,0,0
BRDA:30,1,1,0
BRDA:42,2,0,2
BRDA:42,2,1,2
BRDA:43,3,0,2
BRDA:43,3,1,0
BRDA:49,4,0,0
BRDA:49,4,1,0
BRDA:49,5,0,0
BRDA:49,5,1,0
BRDA:59,6,0,0
BRDA:59,6,1,0
BRDA:61,7,0,0
BRDA:61,7,1,0
BRDA:76,8,0,1
BRDA:76,8,1,1
BRDA:76,9,0,2
BRDA:76,9,1,1
BRDA:93,10,0,0
BRDA:93,10,1,0
BRDA:93,11,0,0
BRDA:93,11,1,0
BRDA:93,11,2,0
BRDA:119,12,0,0
BRDA:119,12,1,0
BRDA:126,13,0,0
BRDA:126,13,1,0
BRDA:136,14,0,0
BRDA:136,14,1,0
BRDA:142,15,0,0
BRDA:142,15,1,0
BRDA:143,16,0,0
BRDA:143,16,1,0
BRDA:143,16,2,0
BRDA:155,17,0,0
BRDA:155,17,1,0
BRDA:162,18,0,0
BRDA:162,18,1,0
BRDA:200,19,0,0
BRDA:200,19,1,0
BRDA:200,20,0,0
BRDA:200,20,1,0
BRDA:200,20,2,0
BRDA:200,20,3,0
BRDA:211,21,0,0
BRDA:211,21,1,0
BRDA:234,22,0,0
BRDA:234,22,1,1
BRDA:234,23,0,1
BRDA:234,23,1,1
BRDA:248,24,0,0
BRDA:248,24,1,1
BRDA:248,25,0,1
BRDA:248,25,1,1
BRF:56
BRH:13
end_of_record
TN:
SF:lib/theme-context.tsx
FN:16,ThemeProvider
FN:23,(anonymous_1)
FN:42,(anonymous_2)
FN:47,(anonymous_3)
FN:54,(anonymous_4)
FN:57,(anonymous_5)
FN:68,useTheme
FNF:7
FNH:6
FNDA:8,ThemeProvider
FNDA:8,(anonymous_1)
FNDA:8,(anonymous_2)
FNDA:0,(anonymous_3)
FNDA:4,(anonymous_4)
FNDA:3,(anonymous_5)
FNDA:8,useTheme
DA:14,1
DA:17,8
DA:23,8
DA:24,8
DA:27,8
DA:29,8
DA:31,4
DA:35,4
DA:37,4
DA:42,8
DA:43,8
DA:45,4
DA:47,4
DA:48,0
DA:49,0
DA:50,0
DA:53,4
DA:54,4
DA:57,8
DA:58,3
DA:61,8
DA:69,8
DA:70,8
DA:71,0
DA:73,8
LF:25
LH:21
BRDA:29,0,0,4
BRDA:29,0,1,4
BRDA:31,1,0,4
BRDA:31,1,1,0
BRDA:43,2,0,4
BRDA:43,2,1,4
BRDA:50,3,0,0
BRDA:50,3,1,0
BRDA:70,4,0,0
BRDA:70,4,1,8
BRF:10
BRH:6
end_of_record
TN:
SF:lib/timer-context.tsx
FN:60,(anonymous_0)
FN:69,(anonymous_1)
FN:85,(anonymous_2)
FN:95,(anonymous_3)
FN:134,(anonymous_4)
FN:143,(anonymous_5)
FN:149,(anonymous_6)
FN:158,TimerProviderWithTasks
FN:170,TimerProviderInner
FN:191,(anonymous_9)
FN:194,(anonymous_10)
FN:197,(anonymous_11)
FN:227,(anonymous_12)
FN:229,(anonymous_13)
FN:253,(anonymous_14)
FN:263,(anonymous_15)
FN:277,(anonymous_16)
FN:289,(anonymous_17)
FN:297,(anonymous_18)
FN:298,(anonymous_19)
FN:303,(anonymous_20)
FN:312,(anonymous_21)
FN:315,(anonymous_22)
FN:332,(anonymous_23)
FN:339,(anonymous_24)
FN:365,(anonymous_25)
FN:418,(anonymous_26)
FN:447,(anonymous_27)
FN:456,(anonymous_28)
FN:462,(anonymous_29)
FN:474,(anonymous_30)
FN:499,(anonymous_31)
FN:505,(anonymous_32)
FN:520,(anonymous_33)
FN:555,(anonymous_34)
FN:570,(anonymous_35)
FN:608,TimerProvider
FN:612,useTimer
FNF:38
FNH:28
FNDA:10,(anonymous_0)
FNDA:0,(anonymous_1)
FNDA:5,(anonymous_2)
FNDA:1,(anonymous_3)
FNDA:0,(anonymous_4)
FNDA:12,(anonymous_5)
FNDA:0,(anonymous_6)
FNDA:12,TimerProviderWithTasks
FNDA:39,TimerProviderInner
FNDA:38,(anonymous_9)
FNDA:0,(anonymous_10)
FNDA:0,(anonymous_11)
FNDA:12,(anonymous_12)
FNDA:0,(anonymous_13)
FNDA:12,(anonymous_14)
FNDA:77,(anonymous_15)
FNDA:19,(anonymous_16)
FNDA:20,(anonymous_17)
FNDA:3005,(anonymous_18)
FNDA:3005,(anonymous_19)
FNDA:20,(anonymous_20)
FNDA:20,(anonymous_21)
FNDA:0,(anonymous_22)
FNDA:6,(anonymous_23)
FNDA:38,(anonymous_24)
FNDA:0,(anonymous_25)
FNDA:0,(anonymous_26)
FNDA:31,(anonymous_27)
FNDA:31,(anonymous_28)
FNDA:31,(anonymous_29)
FNDA:10,(anonymous_30)
FNDA:1,(anonymous_31)
FNDA:6,(anonymous_32)
FNDA:1,(anonymous_33)
FNDA:1,(anonymous_34)
FNDA:0,(anonymous_35)
FNDA:12,TimerProvider
FNDA:38,useTimer
DA:57,2
DA:60,2
DA:61,10
DA:62,10
DA:63,10
DA:65,0
DA:69,2
DA:70,0
DA:71,0
DA:72,0
DA:74,0
DA:75,0
DA:76,0
DA:85,2
DA:86,5
DA:87,5
DA:88,5
DA:90,0
DA:95,2
DA:96,1
DA:97,1
DA:98,1
DA:100,0
DA:105,2
DA:134,2
DA:135,0
DA:136,0
DA:143,2
DA:144,12
DA:146,12
DA:149,12
DA:152,0
DA:153,0
DA:160,12
DA:162,12
DA:177,39
DA:178,39
DA:179,39
DA:188,39
DA:191,39
DA:192,38
DA:193,0
DA:195,0
DA:198,0
DA:203,39
DA:204,39
DA:205,39
DA:206,39
DA:207,39
DA:208,39
DA:209,39
DA:215,39
DA:218,39
DA:221,39
DA:227,39
DA:228,12
DA:229,0
DA:230,0
DA:231,0
DA:232,0
DA:238,39
DA:247,39
DA:250,39
DA:253,39
DA:254,12
DA:256,12
DA:258,0
DA:262,39
DA:264,77
DA:266,59
DA:268,12
DA:270,6
DA:277,39
DA:278,19
DA:279,19
DA:281,19
DA:282,19
DA:287,39
DA:289,39
DA:291,20
DA:292,0
DA:293,0
DA:296,20
DA:297,6
DA:298,3005
DA:303,20
DA:304,20
DA:305,6
DA:306,6
DA:312,39
DA:314,20
DA:315,6
DA:317,0
DA:321,0
DA:325,0
DA:329,6
DA:332,6
DA:333,6
DA:339,39
DA:341,38
DA:343,0
DA:346,0
DA:349,0
DA:352,0
DA:353,0
DA:355,0
DA:358,0
DA:363,0
DA:365,0
DA:367,0
DA:368,0
DA:371,0
DA:374,0
DA:375,0
DA:376,0
DA:380,0
DA:389,0
DA:390,0
DA:395,0
DA:396,0
DA:399,0
DA:411,0
DA:414,0
DA:418,0
DA:419,0
DA:425,0
DA:426,0
DA:429,0
DA:447,39
DA:448,31
DA:450,31
DA:451,19
DA:453,12
DA:456,31
DA:457,31
DA:462,39
DA:463,31
DA:464,31
DA:465,31
DA:471,39
DA:474,39
DA:475,10
DA:477,9
DA:479,9
DA:489,9
DA:491,9
DA:494,1
DA:499,39
DA:500,1
DA:501,1
DA:505,39
DA:506,6
DA:507,0
DA:508,0
DA:510,6
DA:511,6
DA:512,5
DA:513,1
DA:515,1
DA:520,39
DA:525,1
DA:532,1
DA:544,1
DA:546,1
DA:549,1
DA:551,1
DA:552,1
DA:555,1
DA:557,1
DA:558,1
DA:562,0
DA:563,0
DA:564,0
DA:570,39
DA:571,0
DA:574,0
DA:577,39
DA:602,39
DA:609,12
DA:613,38
DA:614,38
DA:615,0
DA:617,38
LF:183
LH:121
BRDA:75,0,0,0
BRDA:75,0,1,0
BRDA:192,1,0,0
BRDA:192,1,1,38
BRDA:228,2,0,0
BRDA:228,2,1,12
BRDA:230,3,0,0
BRDA:230,3,1,0
BRDA:254,4,0,12
BRDA:254,4,1,0
BRDA:264,5,0,59
BRDA:264,5,1,12
BRDA:264,5,2,6
BRDA:281,6,0,19
BRDA:281,6,1,0
BRDA:291,7,0,0
BRDA:291,7,1,20
BRDA:296,8,0,6
BRDA:296,8,1,14
BRDA:296,9,0,20
BRDA:296,9,1,6
BRDA:304,10,0,6
BRDA:304,10,1,14
BRDA:314,11,0,6
BRDA:314,11,1,14
BRDA:341,12,0,0
BRDA:341,12,1,38
BRDA:341,13,0,38
BRDA:341,13,1,12
BRDA:352,14,0,0
BRDA:352,14,1,0
BRDA:353,15,0,0
BRDA:353,15,1,0
BRDA:363,16,0,0
BRDA:363,16,1,0
BRDA:374,17,0,0
BRDA:374,17,1,0
BRDA:374,18,0,0
BRDA:374,18,1,0
BRDA:389,19,0,0
BRDA:389,19,1,0
BRDA:395,20,0,0
BRDA:395,20,1,0
BRDA:401,21,0,0
BRDA:401,21,1,0
BRDA:405,22,0,0
BRDA:405,22,1,0
BRDA:450,23,0,19
BRDA:450,23,1,12
BRDA:475,24,0,9
BRDA:475,24,1,1
BRDA:477,25,0,9
BRDA:477,25,1,0
BRDA:506,26,0,0
BRDA:506,26,1,6
BRDA:508,27,0,0
BRDA:508,27,1,0
BRDA:511,28,0,5
BRDA:511,28,1,1
BRDA:511,29,0,6
BRDA:511,29,1,3
BRDA:513,30,0,1
BRDA:513,30,1,0
BRDA:513,31,0,1
BRDA:513,31,1,0
BRDA:523,32,0,0
BRDA:539,33,0,1
BRDA:539,33,1,1
BRDA:540,34,0,1
BRDA:540,34,1,1
BRDA:549,35,0,1
BRDA:549,35,1,0
BRDA:549,36,0,1
BRDA:549,36,1,1
BRDA:562,37,0,0
BRDA:562,37,1,0
BRDA:599,38,0,39
BRDA:599,38,1,0
BRDA:614,39,0,0
BRDA:614,39,1,38
BRF:80
BRH:40
end_of_record
TN:
SF:lib/use-local-storage.ts
FN:5,useLocalStorage
FN:15,(anonymous_1)
FN:34,(anonymous_2)
FNF:3
FNH:3
FNDA:116,useLocalStorage
FNDA:47,(anonymous_1)
FNDA:13,(anonymous_2)
DA:7,116
DA:10,116
DA:12,116
DA:15,116
DA:16,47
DA:17,47
DA:19,47
DA:21,47
DA:22,1
DA:26,0
DA:28,47
DA:34,116
DA:35,13
DA:37,13
DA:39,13
DA:41,13
DA:42,13
DA:46,0
DA:50,116
LF:19
LH:17
BRDA:16,0,0,47
BRDA:16,0,1,0
BRDA:21,1,0,1
BRDA:21,1,1,46
BRDA:37,2,0,9
BRDA:37,2,1,4
BRDA:41,3,0,13
BRDA:41,3,1,0
BRF:8
BRH:6
end_of_record
TN:
SF:lib/utils.ts
FN:4,cn
FN:8,(anonymous_1)
FNF:2
FNH:2
FNDA:498,cn
FNDA:2,(anonymous_1)
DA:5,498
DA:8,7
DA:9,2
DA:10,2
DA:11,2
DA:13,1
LF:6
LH:6
BRF:0
BRH:0
end_of_record
TN:
SF:lib/workout-data.ts
FNF:0
FNH:0
DA:1,1
LF:1
LH:1
BRF:0
BRH:0
end_of_record
TN:
SF:test/test-utils.ts
FN:11,PromiseRejectionEvent
FNF:1
FNH:0
FNDA:0,PromiseRejectionEvent
DA:9,9
DA:16,0
DA:17,0
DA:18,0
LF:4
LH:1
BRDA:10,0,0,9
BRDA:10,0,1,9
BRF:2
BRH:2
end_of_record
