TN:
SF:components/offline-indicator.tsx
FN:7,OfflineIndicator
FN:10,(anonymous_1)
FN:15,(anonymous_2)
FN:26,(anonymous_3)
FNF:4
FNH:4
FNDA:3,OfflineIndicator
FNDA:2,(anonymous_1)
FNDA:2,(anonymous_2)
FNDA:2,(anonymous_3)
DA:8,3
DA:10,3
DA:12,2
DA:15,2
DA:16,2
DA:20,2
DA:23,2
DA:24,2
DA:26,2
DA:27,2
DA:28,2
DA:32,3
DA:34,1
LF:13
LH:13
BRDA:12,0,0,0
BRDA:12,0,1,2
BRDA:32,1,0,2
BRDA:32,1,1,1
BRF:4
BRH:3
end_of_record
TN:
SF:components/pwa-assets-check.tsx
FN:6,PWAAssetsCheck
FN:7,(anonymous_1)
FN:19,(anonymous_2)
FN:21,(anonymous_3)
FN:28,(anonymous_4)
FN:33,(anonymous_5)
FNF:6
FNH:5
FNDA:2,PWAAssetsCheck
FNDA:2,(anonymous_1)
FNDA:10,(anonymous_2)
FNDA:10,(anonymous_3)
FNDA:0,(anonymous_4)
FNDA:2,(anonymous_5)
DA:7,2
DA:8,2
DA:9,2
DA:18,2
DA:20,10
DA:22,10
DA:23,1
DA:24,1
DA:26,9
DA:29,0
DA:30,0
DA:34,2
DA:35,2
DA:36,1
DA:38,1
DA:44,2
LF:16
LH:14
BRDA:8,0,0,2
BRDA:8,0,1,0
BRDA:22,1,0,1
BRDA:22,1,1,9
BRDA:35,2,0,1
BRDA:35,2,1,1
BRF:6
BRH:5
end_of_record
TN:
SF:components/pwa-install-prompt.tsx
FN:9,PWAInstallPrompt
FN:14,(anonymous_1)
FN:30,(anonymous_2)
FN:42,(anonymous_3)
FN:48,(anonymous_4)
FN:56,(anonymous_5)
FN:63,(anonymous_6)
FN:77,(anonymous_7)
FNF:8
FNH:5
FNDA:5,PWAInstallPrompt
FNDA:2,(anonymous_1)
FNDA:2,(anonymous_2)
FNDA:0,(anonymous_3)
FNDA:2,(anonymous_4)
FNDA:0,(anonymous_5)
FNDA:0,(anonymous_6)
FNDA:1,(anonymous_7)
DA:10,5
DA:11,5
DA:12,5
DA:14,5
DA:16,2
DA:17,0
DA:21,2
DA:22,2
DA:27,0
DA:30,2
DA:32,2
DA:34,2
DA:36,2
DA:39,2
DA:42,2
DA:43,0
DA:44,0
DA:45,0
DA:48,2
DA:49,2
DA:56,5
DA:57,0
DA:60,0
DA:63,0
DA:64,0
DA:65,0
DA:67,0
DA:69,0
DA:72,0
DA:73,0
DA:77,5
DA:78,1
DA:79,1
DA:81,1
DA:84,5
DA:86,2
LF:36
LH:22
BRDA:16,0,0,0
BRDA:16,0,1,2
BRDA:22,1,0,0
BRDA:22,1,1,2
BRDA:23,2,0,2
BRDA:23,2,1,0
BRDA:57,3,0,0
BRDA:57,3,1,0
BRDA:64,4,0,0
BRDA:64,4,1,0
BRDA:84,5,0,3
BRDA:84,5,1,2
BRDA:84,6,0,5
BRDA:84,6,1,2
BRF:14
BRH:7
end_of_record
TN:
SF:components/pwa-register.tsx
FN:7,PWARegister
FN:10,(anonymous_1)
FN:16,(anonymous_2)
FN:25,(anonymous_3)
FN:40,(anonymous_4)
FNF:5
FNH:5
FNDA:1,PWARegister
FNDA:1,(anonymous_1)
FNDA:1,(anonymous_2)
FNDA:1,(anonymous_3)
FNDA:1,(anonymous_4)
DA:8,1
DA:10,1
DA:11,1
DA:13,1
DA:16,1
DA:17,1
DA:18,1
DA:25,1
DA:26,1
DA:27,1
DA:35,1
DA:36,1
DA:37,1
DA:40,1
DA:41,1
DA:42,1
DA:43,1
DA:48,1
LF:18
LH:18
BRDA:35,0,0,1
BRDA:35,0,1,0
BRDA:41,1,0,1
BRDA:41,1,1,0
BRF:4
BRH:2
end_of_record
TN:
SF:components/sw-error-handler.tsx
FN:7,ServiceWorkerErrorHandler
FN:11,(anonymous_1)
FN:13,(anonymous_2)
FN:29,(anonymous_3)
FN:45,(anonymous_4)
FN:62,(anonymous_5)
FN:79,(anonymous_6)
FNF:7
FNH:6
FNDA:5,ServiceWorkerErrorHandler
FNDA:3,(anonymous_1)
FNDA:2,(anonymous_2)
FNDA:1,(anonymous_3)
FNDA:2,(anonymous_4)
FNDA:3,(anonymous_5)
FNDA:0,(anonymous_6)
DA:8,5
DA:9,5
DA:11,5
DA:13,3
DA:14,2
DA:15,1
DA:16,1
DA:19,1
DA:29,3
DA:30,1
DA:31,1
DA:32,1
DA:35,1
DA:45,3
DA:46,2
DA:47,1
DA:50,1
DA:58,3
DA:59,3
DA:60,3
DA:62,3
DA:63,3
DA:64,3
DA:65,3
DA:70,5
DA:71,2
DA:79,0
DA:88,3
LF:28
LH:27
BRDA:14,0,0,1
BRDA:14,0,1,1
BRDA:14,1,0,2
BRDA:14,1,1,1
BRDA:30,2,0,1
BRDA:30,2,1,0
BRDA:30,3,0,1
BRDA:30,3,1,1
BRDA:46,4,0,1
BRDA:46,4,1,1
BRDA:46,5,0,2
BRDA:46,5,1,2
BRDA:70,6,0,2
BRDA:70,6,1,3
BRF:14
BRH:13
end_of_record
TN:
SF:components/workout-display.tsx
FN:15,WorkoutDisplay
FN:24,(anonymous_1)
FN:48,(anonymous_2)
FN:59,(anonymous_3)
FNF:4
FNH:3
FNDA:3,WorkoutDisplay
FNDA:2,(anonymous_1)
FNDA:1,(anonymous_2)
FNDA:0,(anonymous_3)
DA:19,3
DA:20,3
DA:21,3
DA:22,3
DA:24,3
DA:25,2
DA:27,1
DA:30,1
DA:31,1
DA:33,1
DA:37,3
DA:38,2
DA:48,1
DA:50,1
DA:51,0
DA:59,1
DA:60,0
DA:63,1
LF:18
LH:16
BRDA:25,0,0,1
BRDA:25,0,1,1
BRDA:25,1,0,2
BRDA:25,1,1,1
BRDA:37,2,0,2
BRDA:37,2,1,1
BRDA:37,3,0,3
BRDA:37,3,1,2
BRDA:50,4,0,0
BRDA:50,4,1,1
BRDA:66,5,0,1
BRDA:66,5,1,0
BRDA:68,6,0,0
BRDA:68,6,1,1
BRDA:90,7,0,0
BRDA:90,7,1,0
BRF:16
BRH:11
end_of_record
TN:
SF:components/journal/journal-chat.tsx
FN:27,JournalChat
FN:42,(anonymous_1)
FN:49,(anonymous_2)
FN:59,(anonymous_3)
FN:67,(anonymous_4)
FN:68,(anonymous_5)
FN:105,(anonymous_6)
FN:115,(anonymous_7)
FN:121,(anonymous_8)
FN:128,(anonymous_9)
FN:148,(anonymous_10)
FN:183,(anonymous_11)
FN:195,(anonymous_12)
FN:236,(anonymous_13)
FNF:14
FNH:8
FNDA:13,JournalChat
FNDA:10,(anonymous_1)
FNDA:3,(anonymous_2)
FNDA:3,(anonymous_3)
FNDA:0,(anonymous_4)
FNDA:0,(anonymous_5)
FNDA:3,(anonymous_6)
FNDA:0,(anonymous_7)
FNDA:0,(anonymous_8)
FNDA:0,(anonymous_9)
FNDA:22,(anonymous_10)
FNDA:2,(anonymous_11)
FNDA:0,(anonymous_12)
FNDA:3,(anonymous_13)
DA:28,13
DA:37,13
DA:38,13
DA:39,13
DA:40,13
DA:42,13
DA:44,10
DA:45,10
DA:49,13
DA:50,3
DA:52,3
DA:59,3
DA:60,3
DA:61,3
DA:62,3
DA:64,3
DA:66,3
DA:67,0
DA:68,0
DA:72,3
DA:83,3
DA:85,3
DA:86,3
DA:88,3
DA:89,2
DA:90,2
DA:92,1
DA:97,3
DA:105,3
DA:107,0
DA:108,0
DA:115,0
DA:117,3
DA:121,13
DA:122,0
DA:123,0
DA:124,0
DA:128,13
DA:129,0
DA:133,13
DA:149,22
DA:184,2
DA:196,0
DA:236,3
LF:44
LH:34
BRDA:44,0,0,10
BRDA:44,0,1,0
BRDA:50,1,0,0
BRDA:50,1,1,3
BRDA:50,2,0,3
BRDA:50,2,1,3
BRDA:88,3,0,2
BRDA:88,3,1,1
BRDA:90,4,0,2
BRDA:90,4,1,0
BRDA:93,5,0,1
BRDA:93,5,1,0
BRDA:102,6,0,1
BRDA:102,6,1,2
BRDA:122,7,0,0
BRDA:122,7,1,0
BRDA:122,8,0,0
BRDA:122,8,1,0
BRDA:152,9,0,6
BRDA:152,9,1,16
BRDA:157,10,0,6
BRDA:157,10,1,16
BRDA:163,11,0,6
BRDA:163,11,1,16
BRDA:169,12,0,16
BRDA:169,12,1,6
BRDA:176,13,0,22
BRDA:176,13,1,1
BRDA:176,13,2,1
BRDA:210,14,0,13
BRDA:210,14,1,3
BRDA:241,15,0,13
BRDA:241,15,1,3
BRF:33
BRH:25
end_of_record
TN:
SF:components/journal/journal-editor.tsx
FN:17,JournalEditor
FN:29,(anonymous_1)
FN:47,(anonymous_2)
FN:51,(anonymous_3)
FN:56,(anonymous_4)
FN:58,(anonymous_5)
FN:68,(anonymous_6)
FN:73,(anonymous_7)
FN:77,(anonymous_8)
FN:81,(anonymous_9)
FN:116,(anonymous_10)
FN:128,(anonymous_11)
FN:138,(anonymous_12)
FN:146,(anonymous_13)
FN:154,(anonymous_14)
FN:162,(anonymous_15)
FN:174,(anonymous_16)
FNF:17
FNH:11
FNDA:27,JournalEditor
FNDA:8,(anonymous_1)
FNDA:9,(anonymous_2)
FNDA:13,(anonymous_3)
FNDA:16,(anonymous_4)
FNDA:4,(anonymous_5)
FNDA:16,(anonymous_6)
FNDA:3,(anonymous_7)
FNDA:4,(anonymous_8)
FNDA:0,(anonymous_9)
FNDA:0,(anonymous_10)
FNDA:4,(anonymous_11)
FNDA:0,(anonymous_12)
FNDA:0,(anonymous_13)
FNDA:0,(anonymous_14)
FNDA:0,(anonymous_15)
FNDA:3,(anonymous_16)
DA:22,27
DA:23,27
DA:24,27
DA:25,27
DA:26,27
DA:29,27
DA:30,8
DA:31,4
DA:32,4
DA:35,4
DA:41,4
DA:42,4
DA:47,27
DA:48,9
DA:51,13
DA:52,9
DA:56,27
DA:57,16
DA:58,16
DA:59,4
DA:66,4
DA:68,16
DA:69,16
DA:73,27
DA:74,3
DA:77,27
DA:78,4
DA:81,27
DA:82,0
DA:83,0
DA:85,0
DA:86,0
DA:87,0
DA:89,0
DA:90,0
DA:92,0
DA:94,0
DA:95,0
DA:96,0
DA:98,0
DA:99,0
DA:100,0
DA:102,0
DA:103,0
DA:104,0
DA:106,0
DA:107,0
DA:108,0
DA:112,0
DA:113,0
DA:116,0
DA:117,0
DA:118,0
DA:122,27
DA:128,4
DA:138,0
DA:146,0
DA:154,0
DA:162,0
DA:174,3
LF:60
LH:31
BRDA:30,0,0,4
BRDA:30,0,1,4
BRDA:57,1,0,12
BRDA:57,1,1,4
BRDA:64,2,0,4
BRDA:64,2,1,2
BRDA:69,3,0,16
BRDA:69,3,1,0
BRDA:81,4,0,0
BRDA:83,5,0,0
BRDA:83,5,1,0
BRDA:92,6,0,0
BRDA:92,6,1,0
BRDA:92,6,2,0
BRDA:92,6,3,0
BRDA:94,7,0,0
BRDA:94,7,1,0
BRDA:95,8,0,0
BRDA:95,8,1,0
BRDA:98,9,0,0
BRDA:98,9,1,0
BRDA:99,10,0,0
BRDA:99,10,1,0
BRDA:102,11,0,0
BRDA:102,11,1,0
BRDA:106,12,0,0
BRDA:106,12,1,0
BRF:27
BRH:7
end_of_record
TN:
SF:components/ui/button.tsx
FN:43,(anonymous_0)
FNF:1
FNH:1
FNDA:116,(anonymous_0)
DA:7,4
DA:42,4
DA:44,116
DA:45,116
DA:54,4
LF:5
LH:5
BRDA:43,0,0,116
BRDA:44,1,0,0
BRDA:44,1,1,116
BRF:3
BRH:2
end_of_record
TN:
SF:components/ui/card.tsx
FN:8,(anonymous_0)
FN:23,(anonymous_1)
FN:35,(anonymous_2)
FN:50,(anonymous_3)
FN:62,(anonymous_4)
FN:70,(anonymous_5)
FNF:6
FNH:4
FNDA:37,(anonymous_0)
FNDA:37,(anonymous_1)
FNDA:13,(anonymous_2)
FNDA:0,(anonymous_3)
FNDA:37,(anonymous_4)
FNDA:0,(anonymous_5)
DA:5,3
DA:9,37
DA:18,3
DA:20,3
DA:24,37
DA:30,3
DA:32,3
DA:36,13
DA:45,3
DA:47,3
DA:51,0
DA:57,3
DA:59,3
DA:63,37
DA:65,3
DA:67,3
DA:71,0
DA:77,3
LF:18
LH:16
BRF:0
BRH:0
end_of_record
TN:
SF:components/ui/input.tsx
FN:6,(anonymous_0)
FNF:1
FNH:1
FNDA:37,(anonymous_0)
DA:5,3
DA:7,37
DA:20,3
LF:3
LH:3
BRF:0
BRH:0
end_of_record
TN:
SF:components/ui/scroll-area.tsx
FN:11,(anonymous_0)
FN:29,(anonymous_1)
FNF:2
FNH:2
FNDA:13,(anonymous_0)
FNDA:13,(anonymous_1)
DA:8,1
DA:12,13
DA:24,1
DA:26,1
DA:30,13
DA:46,1
LF:6
LH:6
BRDA:29,0,0,13
BRDA:35,1,0,13
BRDA:35,1,1,13
BRDA:37,2,0,13
BRDA:37,2,1,0
BRF:5
BRH:4
end_of_record
TN:
SF:components/ui/textarea.tsx
FN:7,(anonymous_0)
FNF:1
FNH:1
FNDA:24,(anonymous_0)
DA:7,2
DA:8,24
DA:19,2
LF:3
LH:3
BRF:0
BRH:0
end_of_record
TN:
SF:components/ui/use-toast.ts
FN:30,genId
FN:61,(anonymous_1)
FN:66,(anonymous_2)
FN:77,(anonymous_3)
FN:88,(anonymous_4)
FN:101,(anonymous_5)
FN:108,(anonymous_6)
FN:127,(anonymous_7)
FN:136,dispatch
FN:138,(anonymous_9)
FN:145,toast
FN:148,(anonymous_11)
FN:153,(anonymous_12)
FN:161,(anonymous_13)
FN:174,useToast
FN:177,(anonymous_15)
FN:179,(anonymous_16)
FN:190,(anonymous_17)
FNF:18
FNH:3
FNDA:0,genId
FNDA:0,(anonymous_1)
FNDA:0,(anonymous_2)
FNDA:0,(anonymous_3)
FNDA:0,(anonymous_4)
FNDA:0,(anonymous_5)
FNDA:0,(anonymous_6)
FNDA:0,(anonymous_7)
FNDA:0,dispatch
FNDA:0,(anonymous_9)
FNDA:0,toast
FNDA:0,(anonymous_11)
FNDA:0,(anonymous_12)
FNDA:0,(anonymous_13)
FNDA:158,useToast
FNDA:78,(anonymous_15)
FNDA:78,(anonymous_16)
FNDA:0,(anonymous_17)
DA:11,4
DA:12,4
DA:21,4
DA:28,4
DA:31,0
DA:32,0
DA:59,4
DA:61,4
DA:62,0
DA:63,0
DA:66,0
DA:67,0
DA:68,0
DA:74,0
DA:77,4
DA:78,0
DA:80,0
DA:86,0
DA:89,0
DA:94,0
DA:98,0
DA:99,0
DA:101,0
DA:102,0
DA:106,0
DA:109,0
DA:119,0
DA:120,0
DA:125,0
DA:127,0
DA:132,4
DA:134,4
DA:137,0
DA:138,0
DA:139,0
DA:146,0
DA:148,0
DA:149,0
DA:153,0
DA:155,0
DA:162,0
DA:167,0
DA:175,158
DA:177,158
DA:178,78
DA:179,78
DA:180,78
DA:181,78
DA:182,78
DA:187,158
DA:190,0
LF:51
LH:17
BRDA:62,0,0,0
BRDA:62,0,1,0
BRDA:78,1,0,0
BRDA:78,1,1,0
BRDA:78,1,2,0
BRDA:78,1,3,0
BRDA:89,2,0,0
BRDA:89,2,1,0
BRDA:98,3,0,0
BRDA:98,3,1,0
BRDA:109,4,0,0
BRDA:109,4,1,0
BRDA:109,5,0,0
BRDA:109,5,1,0
BRDA:119,6,0,0
BRDA:119,6,1,0
BRDA:162,7,0,0
BRDA:162,7,1,0
BRDA:181,8,0,78
BRDA:181,8,1,0
BRF:20
BRH:1
end_of_record
TN:
SF:lib/auth-context.tsx
FN:23,AuthProvider
FN:29,(anonymous_1)
FN:33,(anonymous_2)
FN:43,(anonymous_3)
FN:53,(anonymous_4)
FN:70,useAuth
FNF:6
FNH:3
FNDA:35,AuthProvider
FNDA:17,(anonymous_1)
FNDA:0,(anonymous_2)
FNDA:0,(anonymous_3)
FNDA:0,(anonymous_4)
FNDA:148,useAuth
DA:21,4
DA:24,35
DA:25,35
DA:26,35
DA:29,35
DA:30,17
DA:33,35
DA:35,0
DA:40,0
DA:43,35
DA:45,0
DA:50,0
DA:53,35
DA:55,0
DA:56,0
DA:63,35
DA:71,148
DA:72,148
DA:73,0
DA:75,148
LF:20
LH:13
BRDA:72,0,0,0
BRDA:72,0,1,148
BRF:2
BRH:1
end_of_record
TN:
SF:lib/history-utils.ts
FN:23,(anonymous_0)
FN:32,(anonymous_1)
FN:45,getHistory
FN:63,(anonymous_3)
FN:109,addSessionToHistory
FN:125,getHistoryByDate
FN:145,(anonymous_6)
FN:172,(anonymous_7)
FN:183,getTaskCompletions
FN:197,(anonymous_9)
FN:231,addTaskCompletion
FN:250,getTaskCompletionsByDate
FN:259,(anonymous_12)
FN:272,(anonymous_13)
FN:283,useHistory
FNF:15
FNH:7
FNDA:56,(anonymous_0)
FNDA:1,(anonymous_1)
FNDA:32,getHistory
FNDA:0,(anonymous_3)
FNDA:0,addSessionToHistory
FNDA:9,getHistoryByDate
FNDA:0,(anonymous_6)
FNDA:0,(anonymous_7)
FNDA:24,getTaskCompletions
FNDA:0,(anonymous_9)
FNDA:1,addTaskCompletion
FNDA:0,getTaskCompletionsByDate
FNDA:0,(anonymous_12)
FNDA:0,(anonymous_13)
FNDA:23,useHistory
DA:22,3
DA:24,56
DA:25,56
DA:26,56
DA:28,0
DA:29,0
DA:33,1
DA:34,1
DA:35,1
DA:36,1
DA:38,0
DA:39,0
DA:46,32
DA:47,32
DA:48,32
DA:49,32
DA:52,0
DA:53,0
DA:54,0
DA:56,0
DA:57,0
DA:58,0
DA:62,0
DA:64,0
DA:65,0
DA:66,0
DA:67,0
DA:71,0
DA:72,0
DA:73,0
DA:78,0
DA:79,0
DA:81,0
DA:84,0
DA:85,0
DA:86,0
DA:89,0
DA:94,0
DA:95,0
DA:100,0
DA:101,0
DA:103,0
DA:104,0
DA:110,0
DA:111,0
DA:112,0
DA:113,0
DA:115,0
DA:116,0
DA:117,0
DA:119,0
DA:120,0
DA:126,9
DA:128,9
DA:129,9
DA:132,9
DA:133,0
DA:134,0
DA:137,9
DA:143,9
DA:145,9
DA:146,0
DA:147,0
DA:148,0
DA:155,0
DA:159,0
DA:160,0
DA:163,0
DA:165,0
DA:166,0
DA:170,9
DA:172,9
DA:173,0
DA:174,0
DA:176,0
DA:177,0
DA:184,24
DA:185,24
DA:187,0
DA:188,0
DA:190,0
DA:191,0
DA:192,0
DA:196,0
DA:198,0
DA:199,0
DA:200,0
DA:204,0
DA:205,0
DA:207,0
DA:210,0
DA:211,0
DA:214,0
DA:219,0
DA:220,0
DA:225,0
DA:226,0
DA:232,1
DA:233,1
DA:234,1
DA:241,1
DA:242,1
DA:244,0
DA:245,0
DA:251,0
DA:254,0
DA:255,0
DA:258,0
DA:260,0
DA:261,0
DA:262,0
DA:268,0
DA:269,0
DA:273,0
DA:274,0
DA:276,0
DA:277,0
DA:284,23
LF:118
LH:29
BRDA:24,0,0,0
BRDA:24,0,1,56
BRDA:33,1,0,0
BRDA:33,1,1,1
BRDA:47,2,0,32
BRDA:47,2,1,0
BRDA:56,3,0,0
BRDA:56,3,1,0
BRDA:65,4,0,0
BRDA:65,4,1,0
BRDA:65,5,0,0
BRDA:65,5,1,0
BRDA:71,6,0,0
BRDA:71,6,1,0
BRDA:71,7,0,0
BRDA:71,7,1,0
BRDA:71,7,2,0
BRDA:78,8,0,0
BRDA:78,8,1,0
BRDA:84,9,0,0
BRDA:84,9,1,0
BRDA:132,10,0,0
BRDA:132,10,1,9
BRDA:155,11,0,0
BRDA:155,11,1,0
BRDA:155,11,2,0
BRDA:159,12,0,0
BRDA:159,12,1,0
BRDA:185,13,0,24
BRDA:185,13,1,0
BRDA:190,14,0,0
BRDA:190,14,1,0
BRDA:199,15,0,0
BRDA:199,15,1,0
BRDA:199,16,0,0
BRDA:199,16,1,0
BRDA:204,17,0,0
BRDA:204,17,1,0
BRDA:210,18,0,0
BRDA:210,18,1,0
BRDA:254,19,0,0
BRDA:254,19,1,0
BRDA:263,20,0,0
BRDA:263,20,1,0
BRDA:263,20,2,0
BRF:45
BRH:5
end_of_record
TN:
SF:lib/notification-service.ts
FN:4,areNotificationsSupported
FN:9,areNotificationsEnabled
FN:15,requestNotificationPermission
FN:40,sendNotification
FN:54,(anonymous_4)
FN:67,sendTimerNotification
FNF:6
FNH:5
FNDA:17,areNotificationsSupported
FNDA:9,areNotificationsEnabled
FNDA:6,requestNotificationPermission
FNDA:6,sendNotification
FNDA:0,(anonymous_4)
FNDA:3,sendTimerNotification
DA:5,17
DA:10,9
DA:11,4
DA:16,6
DA:17,1
DA:18,1
DA:21,5
DA:22,1
DA:25,4
DA:26,1
DA:27,1
DA:30,3
DA:31,3
DA:32,2
DA:34,1
DA:35,1
DA:41,6
DA:42,6
DA:43,6
DA:46,0
DA:47,0
DA:54,0
DA:55,0
DA:56,0
DA:59,0
DA:61,0
DA:62,0
DA:69,3
DA:71,3
DA:73,3
LF:30
LH:22
BRDA:10,0,0,5
BRDA:10,0,1,4
BRDA:16,1,0,1
BRDA:16,1,1,5
BRDA:21,2,0,1
BRDA:21,2,1,4
BRDA:25,3,0,1
BRDA:25,3,1,3
BRDA:41,4,0,6
BRDA:41,4,1,0
BRDA:69,5,0,1
BRDA:69,5,1,2
BRDA:69,6,0,1
BRDA:69,6,1,1
BRDA:71,7,0,3
BRDA:71,7,1,2
BRDA:71,8,0,1
BRDA:71,8,1,1
BRF:18
BRH:17
end_of_record
TN:
SF:lib/offline-mode.ts
FN:9,(anonymous_0)
FN:12,(anonymous_1)
FN:13,(anonymous_2)
FN:13,(anonymous_3)
FN:14,(anonymous_4)
FN:15,(anonymous_5)
FN:16,(anonymous_6)
FN:18,(anonymous_7)
FN:19,(anonymous_8)
FN:20,(anonymous_9)
FN:21,(anonymous_10)
FN:22,(anonymous_11)
FN:24,(anonymous_12)
FN:26,(anonymous_13)
FN:27,(anonymous_14)
FN:28,(anonymous_15)
FN:30,(anonymous_16)
FN:31,(anonymous_17)
FN:38,logOfflineMode
FNF:19
FNH:17
FNDA:1,(anonymous_0)
FNDA:1,(anonymous_1)
FNDA:0,(anonymous_2)
FNDA:0,(anonymous_3)
FNDA:1,(anonymous_4)
FNDA:1,(anonymous_5)
FNDA:1,(anonymous_6)
FNDA:1,(anonymous_7)
FNDA:3,(anonymous_8)
FNDA:2,(anonymous_9)
FNDA:1,(anonymous_10)
FNDA:1,(anonymous_11)
FNDA:1,(anonymous_12)
FNDA:1,(anonymous_13)
FNDA:1,(anonymous_14)
FNDA:1,(anonymous_15)
FNDA:1,(anonymous_16)
FNDA:1,(anonymous_17)
FNDA:1,logOfflineMode
DA:6,6
DA:9,6
DA:10,1
DA:12,1
DA:13,0
DA:14,1
DA:15,1
DA:16,1
DA:18,1
DA:19,3
DA:20,2
DA:21,1
DA:22,1
DA:24,1
DA:26,1
DA:27,1
DA:28,1
DA:30,1
DA:31,1
DA:39,1
LF:20
LH:19
BRF:0
BRH:0
end_of_record
TN:
SF:lib/settings-sync-service.ts
FN:25,useSettingsSync
FN:36,(anonymous_1)
FN:53,(anonymous_2)
FN:70,(anonymous_3)
FN:99,(anonymous_4)
FN:126,(anonymous_5)
FN:158,(anonymous_6)
FN:175,(anonymous_7)
FNF:8
FNH:2
FNDA:25,useSettingsSync
FNDA:0,(anonymous_1)
FNDA:0,(anonymous_2)
FNDA:0,(anonymous_3)
FNDA:0,(anonymous_4)
FNDA:0,(anonymous_5)
FNDA:0,(anonymous_6)
FNDA:1,(anonymous_7)
DA:26,25
DA:27,25
DA:28,25
DA:29,25
DA:30,25
DA:33,25
DA:36,25
DA:37,0
DA:53,25
DA:54,0
DA:70,25
DA:71,0
DA:73,0
DA:74,0
DA:75,0
DA:77,0
DA:78,0
DA:80,0
DA:82,0
DA:85,0
DA:87,0
DA:88,0
DA:93,0
DA:98,25
DA:100,0
DA:102,0
DA:104,0
DA:106,0
DA:108,0
DA:116,0
DA:122,0
DA:123,0
DA:126,0
DA:127,0
DA:128,0
DA:130,0
DA:131,0
DA:136,0
DA:137,0
DA:147,0
DA:149,0
DA:150,0
DA:157,25
DA:159,0
DA:161,0
DA:162,0
DA:163,0
DA:164,0
DA:166,0
DA:167,0
DA:174,25
DA:176,1
DA:178,0
DA:190,25
LF:54
LH:14
BRDA:71,0,0,0
BRDA:71,0,1,0
BRDA:71,1,0,0
BRDA:71,1,1,0
BRDA:77,2,0,0
BRDA:77,2,1,0
BRDA:78,3,0,0
BRDA:78,3,1,0
BRDA:85,4,0,0
BRDA:85,4,1,0
BRDA:100,5,0,0
BRDA:100,5,1,0
BRDA:100,6,0,0
BRDA:100,6,1,0
BRDA:100,6,2,0
BRDA:106,7,0,0
BRDA:106,7,1,0
BRDA:128,8,0,0
BRDA:128,8,1,0
BRDA:136,9,0,0
BRDA:136,9,1,0
BRDA:159,10,0,0
BRDA:159,10,1,0
BRDA:159,11,0,0
BRDA:159,11,1,0
BRDA:159,11,2,0
BRDA:159,11,3,0
BRDA:176,12,0,1
BRDA:176,12,1,0
BRDA:176,13,0,1
BRDA:176,13,1,0
BRF:31
BRH:2
end_of_record
TN:
SF:lib/supabase-client.ts
FN:5,(anonymous_0)
FNF:1
FNH:1
FNDA:1,(anonymous_0)
DA:5,5
DA:7,1
DA:8,1
LF:3
LH:3
BRF:0
BRH:0
end_of_record
TN:
SF:lib/supabase-utils.ts
FN:2,isSupabaseConfigured
FNF:1
FNH:1
FNDA:100,isSupabaseConfigured
DA:3,100
LF:1
LH:1
BRDA:4,0,0,100
BRDA:4,0,1,0
BRDA:4,0,2,0
BRDA:4,0,3,0
BRF:4
BRH:1
end_of_record
TN:
SF:lib/sync-utils.ts
FN:20,useOnlineStatus
FN:23,(anonymous_1)
FN:24,(anonymous_2)
FN:25,(anonymous_3)
FN:30,(anonymous_4)
FN:40,useSyncQueue
FN:50,(anonymous_6)
FN:63,(anonymous_7)
FN:74,(anonymous_8)
FN:85,(anonymous_9)
FN:95,(anonymous_10)
FN:135,(anonymous_11)
FN:136,(anonymous_12)
FN:145,(anonymous_13)
FN:146,(anonymous_14)
FN:169,(anonymous_15)
FN:181,(anonymous_16)
FN:205,(anonymous_17)
FNF:18
FNH:5
FNDA:125,useOnlineStatus
FNDA:67,(anonymous_1)
FNDA:0,(anonymous_2)
FNDA:0,(anonymous_3)
FNDA:67,(anonymous_4)
FNDA:50,useSyncQueue
FNDA:0,(anonymous_6)
FNDA:0,(anonymous_7)
FNDA:0,(anonymous_8)
FNDA:0,(anonymous_9)
FNDA:0,(anonymous_10)
FNDA:0,(anonymous_11)
FNDA:0,(anonymous_12)
FNDA:0,(anonymous_13)
FNDA:0,(anonymous_14)
FNDA:0,(anonymous_15)
FNDA:0,(anonymous_16)
FNDA:26,(anonymous_17)
DA:21,125
DA:23,125
DA:24,67
DA:25,67
DA:27,67
DA:28,67
DA:30,67
DA:31,67
DA:32,67
DA:36,125
DA:41,50
DA:42,50
DA:43,50
DA:44,50
DA:47,50
DA:50,50
DA:51,0
DA:53,0
DA:54,0
DA:55,0
DA:57,0
DA:58,0
DA:63,50
DA:64,0
DA:66,0
DA:67,0
DA:69,0
DA:74,50
DA:75,0
DA:77,0
DA:78,0
DA:80,0
DA:82,0
DA:84,0
DA:85,0
DA:87,0
DA:88,0
DA:89,0
DA:93,0
DA:95,0
DA:96,0
DA:97,0
DA:99,0
DA:103,0
DA:104,0
DA:105,0
DA:106,0
DA:108,0
DA:110,0
DA:114,0
DA:117,0
DA:118,0
DA:121,0
DA:122,0
DA:126,0
DA:128,0
DA:134,0
DA:135,0
DA:136,0
DA:137,0
DA:138,0
DA:142,0
DA:145,0
DA:146,0
DA:148,0
DA:154,0
DA:155,0
DA:161,0
DA:166,50
DA:168,50
DA:170,0
DA:173,0
DA:176,0
DA:177,0
DA:181,0
DA:182,0
DA:183,0
DA:190,0
DA:193,0
DA:194,0
DA:198,0
DA:205,50
DA:206,26
DA:207,0
DA:211,50
LF:85
LH:23
BRDA:21,0,0,125
BRDA:21,0,1,0
BRDA:51,1,0,0
BRDA:51,1,1,0
BRDA:55,2,0,0
BRDA:55,2,1,0
BRDA:64,3,0,0
BRDA:64,3,1,0
BRDA:75,4,0,0
BRDA:75,4,1,0
BRDA:75,5,0,0
BRDA:75,5,1,0
BRDA:75,5,2,0
BRDA:75,5,3,0
BRDA:78,6,0,0
BRDA:78,6,1,0
BRDA:87,7,0,0
BRDA:87,7,1,0
BRDA:96,8,0,0
BRDA:96,8,1,0
BRDA:108,9,0,0
BRDA:108,9,1,0
BRDA:108,9,2,0
BRDA:137,10,0,0
BRDA:137,10,1,0
BRDA:145,11,0,0
BRDA:145,11,1,0
BRDA:170,12,0,0
BRDA:170,12,1,0
BRDA:173,13,0,0
BRDA:173,13,1,0
BRDA:176,14,0,0
BRDA:176,14,1,0
BRDA:193,15,0,0
BRDA:193,15,1,0
BRDA:193,16,0,0
BRDA:193,16,1,0
BRDA:206,17,0,0
BRDA:206,17,1,26
BRDA:206,18,0,26
BRDA:206,18,1,26
BRDA:206,18,2,0
BRF:42
BRH:4
end_of_record
TN:
SF:lib/task-context.tsx
FN:37,TaskProvider
FN:53,(anonymous_1)
FN:54,(anonymous_2)
FN:56,(anonymous_3)
FN:61,(anonymous_4)
FN:63,(anonymous_5)
FN:64,(anonymous_6)
FN:65,(anonymous_7)
FN:68,(anonymous_8)
FN:77,(anonymous_9)
FN:87,(anonymous_10)
FN:99,(anonymous_11)
FN:113,(anonymous_12)
FN:114,(anonymous_13)
FN:115,(anonymous_14)
FN:132,(anonymous_15)
FN:133,(anonymous_16)
FN:134,(anonymous_17)
FN:156,(anonymous_18)
FN:157,(anonymous_19)
FN:158,(anonymous_20)
FN:180,(anonymous_21)
FN:188,(anonymous_22)
FN:190,(anonymous_23)
FN:201,(anonymous_24)
FN:229,(anonymous_25)
FN:237,(anonymous_26)
FN:239,(anonymous_27)
FN:246,(anonymous_28)
FN:276,(anonymous_29)
FN:277,(anonymous_30)
FN:283,(anonymous_31)
FN:288,(anonymous_32)
FN:289,(anonymous_33)
FN:294,(anonymous_34)
FN:296,(anonymous_35)
FN:297,(anonymous_36)
FN:303,(anonymous_37)
FN:305,(anonymous_38)
FN:306,(anonymous_39)
FN:309,(anonymous_40)
FN:353,useTasks
FNF:42
FNH:20
FNDA:25,TaskProvider
FNDA:6,(anonymous_1)
FNDA:0,(anonymous_2)
FNDA:0,(anonymous_3)
FNDA:2,(anonymous_4)
FNDA:1,(anonymous_5)
FNDA:0,(anonymous_6)
FNDA:1,(anonymous_7)
FNDA:0,(anonymous_8)
FNDA:0,(anonymous_9)
FNDA:5,(anonymous_10)
FNDA:5,(anonymous_11)
FNDA:1,(anonymous_12)
FNDA:1,(anonymous_13)
FNDA:1,(anonymous_14)
FNDA:1,(anonymous_15)
FNDA:1,(anonymous_16)
FNDA:1,(anonymous_17)
FNDA:2,(anonymous_18)
FNDA:2,(anonymous_19)
FNDA:2,(anonymous_20)
FNDA:2,(anonymous_21)
FNDA:1,(anonymous_22)
FNDA:1,(anonymous_23)
FNDA:0,(anonymous_24)
FNDA:0,(anonymous_25)
FNDA:0,(anonymous_26)
FNDA:0,(anonymous_27)
FNDA:0,(anonymous_28)
FNDA:0,(anonymous_29)
FNDA:0,(anonymous_30)
FNDA:0,(anonymous_31)
FNDA:0,(anonymous_32)
FNDA:0,(anonymous_33)
FNDA:0,(anonymous_34)
FNDA:0,(anonymous_35)
FNDA:0,(anonymous_36)
FNDA:0,(anonymous_37)
FNDA:0,(anonymous_38)
FNDA:0,(anonymous_39)
FNDA:0,(anonymous_40)
FNDA:25,useTasks
DA:35,3
DA:38,25
DA:39,25
DA:40,25
DA:41,25
DA:42,25
DA:50,25
DA:53,25
DA:54,6
DA:55,6
DA:56,0
DA:61,25
DA:62,2
DA:63,1
DA:64,0
DA:65,2
DA:68,2
DA:73,2
DA:77,25
DA:78,0
DA:83,0
DA:86,25
DA:88,5
DA:90,5
DA:99,5
DA:112,25
DA:114,1
DA:115,1
DA:117,1
DA:131,25
DA:133,1
DA:134,1
DA:135,1
DA:149,1
DA:155,25
DA:157,2
DA:158,2
DA:159,2
DA:162,2
DA:165,2
DA:172,2
DA:173,1
DA:174,1
DA:176,0
DA:180,2
DA:183,2
DA:184,1
DA:187,1
DA:188,1
DA:190,1
DA:191,1
DA:197,2
DA:198,0
DA:199,0
DA:201,0
DA:202,0
DA:215,2
DA:228,25
DA:230,0
DA:231,0
DA:232,0
DA:235,0
DA:237,0
DA:239,0
DA:240,0
DA:241,0
DA:242,0
DA:246,0
DA:247,0
DA:248,0
DA:249,0
DA:250,0
DA:263,0
DA:265,0
DA:268,0
DA:275,25
DA:277,0
DA:278,0
DA:283,25
DA:287,0
DA:288,0
DA:289,0
DA:291,0
DA:294,25
DA:295,0
DA:296,0
DA:297,0
DA:299,0
DA:302,25
DA:305,0
DA:306,0
DA:309,0
DA:314,0
DA:315,0
DA:330,25
DA:354,25
DA:355,25
DA:356,0
DA:358,25
LF:99
LH:57
BRDA:55,0,0,0
BRDA:55,0,1,6
BRDA:135,1,0,1
BRDA:135,1,1,0
BRDA:159,2,0,0
BRDA:159,2,1,2
BRDA:168,3,0,1
BRDA:168,3,1,1
BRDA:172,4,0,1
BRDA:172,4,1,1
BRDA:180,5,0,2
BRDA:180,5,1,0
BRDA:183,6,0,1
BRDA:183,6,1,1
BRDA:191,7,0,1
BRDA:191,7,1,0
BRDA:197,8,0,0
BRDA:197,8,1,2
BRDA:197,9,0,2
BRDA:197,9,1,1
BRDA:199,10,0,0
BRDA:199,10,1,0
BRDA:230,11,0,0
BRDA:230,11,1,0
BRDA:240,12,0,0
BRDA:240,12,1,0
BRDA:247,13,0,0
BRDA:247,13,1,0
BRDA:248,14,0,0
BRDA:248,14,1,0
BRDA:278,15,0,0
BRDA:278,15,1,0
BRDA:288,16,0,0
BRDA:288,16,1,0
BRDA:291,17,0,0
BRDA:291,17,1,0
BRDA:299,18,0,0
BRDA:299,18,1,0
BRDA:355,19,0,0
BRDA:355,19,1,25
BRF:40
BRH:15
end_of_record
TN:
SF:lib/task-sync-service.ts
FN:11,useTaskSync
FN:22,(anonymous_1)
FN:35,(anonymous_2)
FN:48,(anonymous_3)
FN:75,(anonymous_4)
FN:92,(anonymous_5)
FN:100,(anonymous_6)
FN:101,(anonymous_7)
FN:116,(anonymous_8)
FN:133,(anonymous_9)
FN:160,(anonymous_10)
FN:161,(anonymous_11)
FN:199,(anonymous_12)
FN:212,(anonymous_13)
FN:215,(anonymous_14)
FN:233,(anonymous_15)
FN:247,(anonymous_16)
FNF:17
FNH:5
FNDA:29,useTaskSync
FNDA:0,(anonymous_1)
FNDA:2,(anonymous_2)
FNDA:0,(anonymous_3)
FNDA:2,(anonymous_4)
FNDA:0,(anonymous_5)
FNDA:0,(anonymous_6)
FNDA:0,(anonymous_7)
FNDA:0,(anonymous_8)
FNDA:0,(anonymous_9)
FNDA:0,(anonymous_10)
FNDA:0,(anonymous_11)
FNDA:0,(anonymous_12)
FNDA:0,(anonymous_13)
FNDA:0,(anonymous_14)
FNDA:1,(anonymous_15)
FNDA:1,(anonymous_16)
DA:12,29
DA:13,29
DA:14,29
DA:15,29
DA:16,29
DA:19,29
DA:22,29
DA:23,0
DA:35,29
DA:36,2
DA:48,29
DA:49,0
DA:51,0
DA:52,0
DA:53,0
DA:59,0
DA:61,0
DA:63,0
DA:64,0
DA:69,0
DA:74,29
DA:76,2
DA:78,1
DA:91,29
DA:93,0
DA:95,0
DA:97,0
DA:100,0
DA:101,0
DA:104,0
DA:107,0
DA:110,0
DA:113,0
DA:116,0
DA:117,0
DA:119,0
DA:121,0
DA:126,0
DA:127,0
DA:133,0
DA:134,0
DA:136,0
DA:138,0
DA:142,0
DA:147,0
DA:153,0
DA:155,0
DA:156,0
DA:160,0
DA:161,0
DA:162,0
DA:163,0
DA:168,0
DA:169,0
DA:180,0
DA:181,0
DA:188,0
DA:190,0
DA:191,0
DA:198,29
DA:200,0
DA:202,0
DA:204,0
DA:207,0
DA:208,0
DA:211,0
DA:212,0
DA:214,0
DA:215,0
DA:216,0
DA:221,0
DA:223,0
DA:224,0
DA:225,0
DA:232,29
DA:234,1
DA:236,1
DA:246,29
DA:248,1
DA:250,1
DA:259,29
LF:81
LH:22
BRDA:29,0,0,0
BRDA:29,0,1,0
BRDA:30,1,0,0
BRDA:30,1,1,0
BRDA:42,2,0,2
BRDA:42,2,1,2
BRDA:43,3,0,2
BRDA:43,3,1,0
BRDA:49,4,0,0
BRDA:49,4,1,0
BRDA:49,5,0,0
BRDA:49,5,1,0
BRDA:59,6,0,0
BRDA:59,6,1,0
BRDA:61,7,0,0
BRDA:61,7,1,0
BRDA:76,8,0,1
BRDA:76,8,1,1
BRDA:76,9,0,2
BRDA:76,9,1,1
BRDA:93,10,0,0
BRDA:93,10,1,0
BRDA:93,11,0,0
BRDA:93,11,1,0
BRDA:93,11,2,0
BRDA:119,12,0,0
BRDA:119,12,1,0
BRDA:126,13,0,0
BRDA:126,13,1,0
BRDA:136,14,0,0
BRDA:136,14,1,0
BRDA:142,15,0,0
BRDA:142,15,1,0
BRDA:143,16,0,0
BRDA:143,16,1,0
BRDA:143,16,2,0
BRDA:155,17,0,0
BRDA:155,17,1,0
BRDA:162,18,0,0
BRDA:162,18,1,0
BRDA:200,19,0,0
BRDA:200,19,1,0
BRDA:200,20,0,0
BRDA:200,20,1,0
BRDA:200,20,2,0
BRDA:200,20,3,0
BRDA:211,21,0,0
BRDA:211,21,1,0
BRDA:234,22,0,0
BRDA:234,22,1,1
BRDA:234,23,0,1
BRDA:234,23,1,1
BRDA:248,24,0,0
BRDA:248,24,1,1
BRDA:248,25,0,1
BRDA:248,25,1,1
BRF:56
BRH:13
end_of_record
TN:
SF:lib/theme-context.tsx
FN:16,ThemeProvider
FN:23,(anonymous_1)
FN:42,(anonymous_2)
FN:47,(anonymous_3)
FN:54,(anonymous_4)
FN:57,(anonymous_5)
FN:68,useTheme
FNF:7
FNH:6
FNDA:8,ThemeProvider
FNDA:8,(anonymous_1)
FNDA:8,(anonymous_2)
FNDA:0,(anonymous_3)
FNDA:4,(anonymous_4)
FNDA:3,(anonymous_5)
FNDA:8,useTheme
DA:14,1
DA:17,8
DA:23,8
DA:24,8
DA:27,8
DA:29,8
DA:31,4
DA:35,4
DA:37,4
DA:42,8
DA:43,8
DA:45,4
DA:47,4
DA:48,0
DA:49,0
DA:50,0
DA:53,4
DA:54,4
DA:57,8
DA:58,3
DA:61,8
DA:69,8
DA:70,8
DA:71,0
DA:73,8
LF:25
LH:21
BRDA:29,0,0,4
BRDA:29,0,1,4
BRDA:31,1,0,4
BRDA:31,1,1,0
BRDA:43,2,0,4
BRDA:43,2,1,4
BRDA:50,3,0,0
BRDA:50,3,1,0
BRDA:70,4,0,0
BRDA:70,4,1,8
BRF:10
BRH:6
end_of_record
TN:
SF:lib/timer-context.tsx
FN:60,(anonymous_0)
FN:82,(anonymous_1)
FN:159,(anonymous_2)
FN:168,(anonymous_3)
FN:174,(anonymous_4)
FN:183,TimerProviderWithTasks
FN:195,TimerProviderInner
FN:216,(anonymous_7)
FN:219,(anonymous_8)
FN:222,(anonymous_9)
FN:252,(anonymous_10)
FN:254,(anonymous_11)
FN:278,(anonymous_12)
FN:288,(anonymous_13)
FN:302,(anonymous_14)
FN:314,(anonymous_15)
FN:322,(anonymous_16)
FN:323,(anonymous_17)
FN:328,(anonymous_18)
FN:337,(anonymous_19)
FN:340,(anonymous_20)
FN:357,(anonymous_21)
FN:364,(anonymous_22)
FN:390,(anonymous_23)
FN:443,(anonymous_24)
FN:471,(anonymous_25)
FN:480,(anonymous_26)
FN:486,(anonymous_27)
FN:498,(anonymous_28)
FN:523,(anonymous_29)
FN:529,(anonymous_30)
FN:538,(anonymous_31)
FN:573,(anonymous_32)
FN:588,(anonymous_33)
FN:624,TimerProvider
FN:628,useTimer
FNF:36
FNH:24
FNDA:8,(anonymous_0)
FNDA:0,(anonymous_1)
FNDA:0,(anonymous_2)
FNDA:9,(anonymous_3)
FNDA:0,(anonymous_4)
FNDA:9,TimerProviderWithTasks
FNDA:23,TimerProviderInner
FNDA:22,(anonymous_7)
FNDA:0,(anonymous_8)
FNDA:0,(anonymous_9)
FNDA:9,(anonymous_10)
FNDA:0,(anonymous_11)
FNDA:9,(anonymous_12)
FNDA:51,(anonymous_13)
FNDA:11,(anonymous_14)
FNDA:15,(anonymous_15)
FNDA:1502,(anonymous_16)
FNDA:1502,(anonymous_17)
FNDA:15,(anonymous_18)
FNDA:15,(anonymous_19)
FNDA:0,(anonymous_20)
FNDA:5,(anonymous_21)
FNDA:22,(anonymous_22)
FNDA:0,(anonymous_23)
FNDA:0,(anonymous_24)
FNDA:16,(anonymous_25)
FNDA:16,(anonymous_26)
FNDA:16,(anonymous_27)
FNDA:9,(anonymous_28)
FNDA:1,(anonymous_29)
FNDA:2,(anonymous_30)
FNDA:0,(anonymous_31)
FNDA:0,(anonymous_32)
FNDA:0,(anonymous_33)
FNDA:9,TimerProvider
FNDA:22,useTimer
DA:57,2
DA:60,2
DA:61,8
DA:62,8
DA:64,8
DA:65,8
DA:67,8
DA:68,8
DA:70,8
DA:71,8
DA:72,8
DA:74,8
DA:75,8
DA:77,0
DA:82,2
DA:83,0
DA:84,0
DA:86,0
DA:87,0
DA:88,0
DA:91,0
DA:92,0
DA:93,0
DA:94,0
DA:97,0
DA:98,0
DA:99,0
DA:100,0
DA:103,0
DA:104,0
DA:105,0
DA:106,0
DA:109,0
DA:110,0
DA:112,0
DA:113,0
DA:115,0
DA:116,0
DA:118,0
DA:120,0
DA:121,0
DA:130,2
DA:159,2
DA:160,0
DA:161,0
DA:168,2
DA:169,9
DA:171,9
DA:174,9
DA:177,0
DA:178,0
DA:185,9
DA:187,9
DA:202,23
DA:203,23
DA:204,23
DA:213,23
DA:216,23
DA:217,22
DA:218,0
DA:220,0
DA:223,0
DA:228,23
DA:229,23
DA:230,23
DA:231,23
DA:232,23
DA:233,23
DA:234,23
DA:240,23
DA:243,23
DA:246,23
DA:252,23
DA:253,9
DA:254,0
DA:255,0
DA:256,0
DA:257,0
DA:263,23
DA:272,23
DA:275,23
DA:278,23
DA:279,9
DA:281,9
DA:283,0
DA:287,23
DA:289,51
DA:291,45
DA:293,3
DA:295,3
DA:302,23
DA:303,11
DA:304,11
DA:306,11
DA:307,11
DA:312,23
DA:314,23
DA:316,15
DA:317,0
DA:318,0
DA:321,15
DA:322,5
DA:323,1502
DA:328,15
DA:329,15
DA:330,5
DA:331,5
DA:337,23
DA:339,15
DA:340,5
DA:342,0
DA:346,0
DA:350,0
DA:354,5
DA:357,5
DA:358,5
DA:364,23
DA:366,22
DA:368,0
DA:371,0
DA:374,0
DA:377,0
DA:378,0
DA:380,0
DA:383,0
DA:388,0
DA:390,0
DA:392,0
DA:393,0
DA:396,0
DA:399,0
DA:400,0
DA:401,0
DA:405,0
DA:414,0
DA:415,0
DA:420,0
DA:421,0
DA:424,0
DA:436,0
DA:439,0
DA:443,0
DA:444,0
DA:450,0
DA:453,0
DA:471,23
DA:472,16
DA:474,16
DA:475,12
DA:477,4
DA:480,16
DA:481,16
DA:486,23
DA:487,16
DA:488,16
DA:489,16
DA:495,23
DA:498,23
DA:499,9
DA:501,8
DA:503,8
DA:513,8
DA:515,8
DA:518,1
DA:523,23
DA:524,1
DA:525,1
DA:529,23
DA:530,2
DA:531,0
DA:532,0
DA:534,2
DA:538,23
DA:543,0
DA:550,0
DA:562,0
DA:564,0
DA:567,0
DA:569,0
DA:570,0
DA:573,0
DA:575,0
DA:576,0
DA:580,0
DA:581,0
DA:582,0
DA:588,23
DA:589,0
DA:592,0
DA:595,23
DA:618,23
DA:625,9
DA:629,22
DA:630,22
DA:631,0
DA:633,22
LF:196
LH:107
BRDA:62,0,0,8
BRDA:62,0,1,0
BRDA:84,1,0,0
BRDA:84,1,1,0
BRDA:120,2,0,0
BRDA:120,2,1,0
BRDA:217,3,0,0
BRDA:217,3,1,22
BRDA:253,4,0,0
BRDA:253,4,1,9
BRDA:255,5,0,0
BRDA:255,5,1,0
BRDA:279,6,0,9
BRDA:279,6,1,0
BRDA:289,7,0,45
BRDA:289,7,1,3
BRDA:289,7,2,3
BRDA:306,8,0,11
BRDA:306,8,1,0
BRDA:316,9,0,0
BRDA:316,9,1,15
BRDA:321,10,0,5
BRDA:321,10,1,10
BRDA:321,11,0,15
BRDA:321,11,1,5
BRDA:329,12,0,5
BRDA:329,12,1,10
BRDA:339,13,0,5
BRDA:339,13,1,10
BRDA:366,14,0,0
BRDA:366,14,1,22
BRDA:366,15,0,22
BRDA:366,15,1,8
BRDA:377,16,0,0
BRDA:377,16,1,0
BRDA:378,17,0,0
BRDA:378,17,1,0
BRDA:388,18,0,0
BRDA:388,18,1,0
BRDA:399,19,0,0
BRDA:399,19,1,0
BRDA:399,20,0,0
BRDA:399,20,1,0
BRDA:414,21,0,0
BRDA:414,21,1,0
BRDA:420,22,0,0
BRDA:420,22,1,0
BRDA:426,23,0,0
BRDA:426,23,1,0
BRDA:430,24,0,0
BRDA:430,24,1,0
BRDA:474,25,0,12
BRDA:474,25,1,4
BRDA:499,26,0,8
BRDA:499,26,1,1
BRDA:501,27,0,8
BRDA:501,27,1,0
BRDA:530,28,0,0
BRDA:530,28,1,2
BRDA:532,29,0,0
BRDA:532,29,1,0
BRDA:541,30,0,0
BRDA:557,31,0,0
BRDA:557,31,1,0
BRDA:558,32,0,0
BRDA:558,32,1,0
BRDA:567,33,0,0
BRDA:567,33,1,0
BRDA:567,34,0,0
BRDA:567,34,1,0
BRDA:580,35,0,0
BRDA:580,35,1,0
BRDA:630,36,0,0
BRDA:630,36,1,22
BRF:74
BRH:27
end_of_record
TN:
SF:lib/use-local-storage.ts
FN:5,useLocalStorage
FN:15,(anonymous_1)
FN:34,(anonymous_2)
FNF:3
FNH:3
FNDA:81,useLocalStorage
FNDA:38,(anonymous_1)
FNDA:13,(anonymous_2)
DA:7,81
DA:10,81
DA:12,81
DA:15,81
DA:16,38
DA:17,38
DA:19,38
DA:21,38
DA:22,1
DA:26,0
DA:28,38
DA:34,81
DA:35,13
DA:37,13
DA:39,13
DA:41,13
DA:42,13
DA:46,0
DA:50,81
LF:19
LH:17
BRDA:16,0,0,38
BRDA:16,0,1,0
BRDA:21,1,0,1
BRDA:21,1,1,37
BRDA:37,2,0,9
BRDA:37,2,1,4
BRDA:41,3,0,13
BRDA:41,3,1,0
BRF:8
BRH:6
end_of_record
TN:
SF:lib/utils.ts
FN:4,cn
FN:8,(anonymous_1)
FNF:2
FNH:2
FNDA:327,cn
FNDA:2,(anonymous_1)
DA:5,327
DA:8,6
DA:9,2
DA:10,2
DA:11,2
DA:13,1
LF:6
LH:6
BRF:0
BRH:0
end_of_record
TN:
SF:lib/workout-data.ts
FNF:0
FNH:0
DA:1,1
LF:1
LH:1
BRF:0
BRH:0
end_of_record
TN:
SF:test/test-utils.ts
FN:11,PromiseRejectionEvent
FNF:1
FNH:0
FNDA:0,PromiseRejectionEvent
DA:9,9
DA:16,0
DA:17,0
DA:18,0
LF:4
LH:1
BRDA:10,0,0,9
BRDA:10,0,1,9
BRF:2
BRH:2
end_of_record
